This file contains any messages produced by compilers while
running configure, to aid debugging if configure makes a mistake.

It was created by libcoap configure 0.07, which was
generated by GNU Autoconf 2.67.  Invocation command line was

  $ ./configure 

## --------- ##
## Platform. ##
## --------- ##

hostname = ubuntu
uname -m = i686
uname -r = 2.6.38-13-generic
uname -s = Linux
uname -v = #53-Ubuntu SMP Mon Nov 28 19:23:39 UTC 2011

/usr/bin/uname -p = unknown
/bin/uname -X     = unknown

/bin/arch              = unknown
/usr/bin/arch -k       = unknown
/usr/convex/getsysinfo = unknown
/usr/bin/hostinfo      = unknown
/bin/machine           = unknown
/usr/bin/oslevel       = unknown
/bin/universe          = unknown

PATH: /usr/local/sbin
PATH: /usr/local/bin
PATH: /usr/sbin
PATH: /usr/bin
PATH: /sbin
PATH: /bin
PATH: /usr/games


## ----------- ##
## Core tests. ##
## ----------- ##

configure:2113: checking whether make sets $(MAKE)
configure:2135: result: yes
configure:2192: checking for gcc
configure:2208: found /usr/bin/gcc
configure:2219: result: gcc
configure:2448: checking for C compiler version
configure:2457: gcc --version >&5
gcc (Ubuntu/Linaro 4.5.2-8ubuntu4) 4.5.2
Copyright (C) 2010 Free Software Foundation, Inc.
This is free software; see the source for copying conditions.  There is NO
warranty; not even for MERCHANTABILITY or FITNESS FOR A PARTICULAR PURPOSE.

configure:2468: $? = 0
configure:2457: gcc -v >&5
Using built-in specs.
COLLECT_GCC=gcc
COLLECT_LTO_WRAPPER=/usr/lib/i386-linux-gnu/gcc/i686-linux-gnu/4.5.2/lto-wrapper
Target: i686-linux-gnu
Configured with: ../src/configure -v --with-pkgversion='Ubuntu/Linaro 4.5.2-8ubuntu4' --with-bugurl=file:///usr/share/doc/gcc-4.5/README.Bugs --enable-languages=c,c++,fortran,objc,obj-c++ --prefix=/usr --program-suffix=-4.5 --enable-shared --enable-multiarch --with-multiarch-defaults=i386-linux-gnu --enable-linker-build-id --with-system-zlib --libexecdir=/usr/lib/i386-linux-gnu --without-included-gettext --enable-threads=posix --with-gxx-include-dir=/usr/include/c++/4.5 --libdir=/usr/lib/i386-linux-gnu --enable-nls --with-sysroot=/ --enable-clocale=gnu --enable-libstdcxx-debug --enable-libstdcxx-time=yes --enable-plugin --enable-gold --enable-ld=default --with-plugin-ld=ld.gold --enable-objc-gc --enable-targets=all --disable-werror --with-arch-32=i686 --with-tune=generic --enable-checking=release --build=i686-linux-gnu --host=i686-linux-gnu --target=i686-linux-gnu
Thread model: posix
gcc version 4.5.2 (Ubuntu/Linaro 4.5.2-8ubuntu4) 
configure:2468: $? = 0
configure:2457: gcc -V >&5
gcc: '-V' option must have argument
configure:2468: $? = 1
configure:2457: gcc -qversion >&5
gcc: unrecognized option '-qversion'
gcc: no input files
configure:2468: $? = 1
configure:2488: checking whether the C compiler works
configure:2510: gcc    conftest.c  >&5
configure:2514: $? = 0
configure:2562: result: yes
configure:2565: checking for C compiler default output file name
configure:2567: result: a.out
configure:2573: checking for suffix of executables
configure:2580: gcc -o conftest    conftest.c  >&5
configure:2584: $? = 0
configure:2606: result: 
configure:2628: checking whether we are cross compiling
configure:2636: gcc -o conftest    conftest.c  >&5
configure:2640: $? = 0
configure:2647: ./conftest
configure:2651: $? = 0
configure:2666: result: no
configure:2671: checking for suffix of object files
configure:2693: gcc -c   conftest.c >&5
configure:2697: $? = 0
configure:2718: result: o
configure:2722: checking whether we are using the GNU C compiler
configure:2741: gcc -c   conftest.c >&5
configure:2741: $? = 0
configure:2750: result: yes
configure:2759: checking whether gcc accepts -g
configure:2779: gcc -c -g  conftest.c >&5
configure:2779: $? = 0
configure:2820: result: yes
configure:2837: checking for gcc option to accept ISO C89
configure:2901: gcc  -c -g -O2  conftest.c >&5
configure:2901: $? = 0
configure:2914: result: none needed
configure:2977: checking for ranlib
configure:2993: found /usr/bin/ranlib
configure:3004: result: ranlib
configure:3028: checking for doxygen
configure:3059: result: :
configure:3074: checking how to run the C preprocessor
configure:3105: gcc -E  conftest.c
configure:3105: $? = 0
configure:3119: gcc -E  conftest.c
conftest.c:9:28: fatal error: ac_nonexistent.h: No such file or directory
compilation terminated.
configure:3119: $? = 1
configure: failed program was:
| /* confdefs.h */
| #define PACKAGE_NAME "libcoap"
| #define PACKAGE_TARNAME "libcoap"
| #define PACKAGE_VERSION "0.07"
| #define PACKAGE_STRING "libcoap 0.07"
| #define PACKAGE_BUGREPORT ""
| #define PACKAGE_URL ""
| /* end confdefs.h.  */
| #include <ac_nonexistent.h>
configure:3144: result: gcc -E
configure:3164: gcc -E  conftest.c
configure:3164: $? = 0
configure:3178: gcc -E  conftest.c
conftest.c:9:28: fatal error: ac_nonexistent.h: No such file or directory
compilation terminated.
configure:3178: $? = 1
configure: failed program was:
| /* confdefs.h */
| #define PACKAGE_NAME "libcoap"
| #define PACKAGE_TARNAME "libcoap"
| #define PACKAGE_VERSION "0.07"
| #define PACKAGE_STRING "libcoap 0.07"
| #define PACKAGE_BUGREPORT ""
| #define PACKAGE_URL ""
| /* end confdefs.h.  */
| #include <ac_nonexistent.h>
configure:3207: checking for grep that handles long lines and -e
configure:3265: result: /bin/grep
configure:3270: checking for egrep
configure:3332: result: /bin/grep -E
configure:3337: checking for ANSI C header files
configure:3357: gcc -c -g -O2  conftest.c >&5
configure:3357: $? = 0
configure:3430: gcc -o conftest -g -O2   conftest.c  >&5
configure:3430: $? = 0
configure:3430: ./conftest
configure:3430: $? = 0
configure:3441: result: yes
configure:3454: checking for sys/types.h
configure:3454: gcc -c -g -O2  conftest.c >&5
configure:3454: $? = 0
configure:3454: result: yes
configure:3454: checking for sys/stat.h
configure:3454: gcc -c -g -O2  conftest.c >&5
configure:3454: $? = 0
configure:3454: result: yes
configure:3454: checking for stdlib.h
configure:3454: gcc -c -g -O2  conftest.c >&5
configure:3454: $? = 0
configure:3454: result: yes
configure:3454: checking for string.h
configure:3454: gcc -c -g -O2  conftest.c >&5
configure:3454: $? = 0
configure:3454: result: yes
configure:3454: checking for memory.h
configure:3454: gcc -c -g -O2  conftest.c >&5
configure:3454: $? = 0
configure:3454: result: yes
configure:3454: checking for strings.h
configure:3454: gcc -c -g -O2  conftest.c >&5
configure:3454: $? = 0
configure:3454: result: yes
configure:3454: checking for inttypes.h
configure:3454: gcc -c -g -O2  conftest.c >&5
configure:3454: $? = 0
configure:3454: result: yes
configure:3454: checking for stdint.h
configure:3454: gcc -c -g -O2  conftest.c >&5
configure:3454: $? = 0
configure:3454: result: yes
configure:3454: checking for unistd.h
configure:3454: gcc -c -g -O2  conftest.c >&5
configure:3454: $? = 0
configure:3454: result: yes
configure:3466: checking whether byte ordering is bigendian
configure:3481: gcc -c -g -O2  conftest.c >&5
conftest.c:20:13: error: expected '=', ',', ';', 'asm' or '__attribute__' before 'a'
configure:3481: $? = 1
configure: failed program was:
| /* confdefs.h */
| #define PACKAGE_NAME "libcoap"
| #define PACKAGE_TARNAME "libcoap"
| #define PACKAGE_VERSION "0.07"
| #define PACKAGE_STRING "libcoap 0.07"
| #define PACKAGE_BUGREPORT ""
| #define PACKAGE_URL ""
| #define STDC_HEADERS 1
| #define HAVE_SYS_TYPES_H 1
| #define HAVE_SYS_STAT_H 1
| #define HAVE_STDLIB_H 1
| #define HAVE_STRING_H 1
| #define HAVE_MEMORY_H 1
| #define HAVE_STRINGS_H 1
| #define HAVE_INTTYPES_H 1
| #define HAVE_STDINT_H 1
| #define HAVE_UNISTD_H 1
| /* end confdefs.h.  */
| #ifndef __APPLE_CC__
| 	       not a universal capable compiler
| 	     #endif
| 	     typedef int dummy;
| 
configure:3526: gcc -c -g -O2  conftest.c >&5
configure:3526: $? = 0
configure:3544: gcc -c -g -O2  conftest.c >&5
conftest.c: In function 'main':
conftest.c:26:4: error: 'not' undeclared (first use in this function)
conftest.c:26:4: note: each undeclared identifier is reported only once for each function it appears in
conftest.c:26:8: error: expected ';' before 'big'
configure:3544: $? = 1
configure: failed program was:
| /* confdefs.h */
| #define PACKAGE_NAME "libcoap"
| #define PACKAGE_TARNAME "libcoap"
| #define PACKAGE_VERSION "0.07"
| #define PACKAGE_STRING "libcoap 0.07"
| #define PACKAGE_BUGREPORT ""
| #define PACKAGE_URL ""
| #define STDC_HEADERS 1
| #define HAVE_SYS_TYPES_H 1
| #define HAVE_SYS_STAT_H 1
| #define HAVE_STDLIB_H 1
| #define HAVE_STRING_H 1
| #define HAVE_MEMORY_H 1
| #define HAVE_STRINGS_H 1
| #define HAVE_INTTYPES_H 1
| #define HAVE_STDINT_H 1
| #define HAVE_UNISTD_H 1
| /* end confdefs.h.  */
| #include <sys/types.h>
| 		#include <sys/param.h>
| 
| int
| main ()
| {
| #if BYTE_ORDER != BIG_ENDIAN
| 		 not big endian
| 		#endif
| 
|   ;
|   return 0;
| }
configure:3672: result: no
configure:3692: checking for coap_new_pdu in -lcoap
configure:3717: gcc -o conftest -g -O2   conftest.c -lcoap   >&5
/usr/bin/ld: cannot find -lcoap
collect2: ld returned 1 exit status
configure:3717: $? = 1
configure: failed program was:
| /* confdefs.h */
| #define PACKAGE_NAME "libcoap"
| #define PACKAGE_TARNAME "libcoap"
| #define PACKAGE_VERSION "0.07"
| #define PACKAGE_STRING "libcoap 0.07"
| #define PACKAGE_BUGREPORT ""
| #define PACKAGE_URL ""
| #define STDC_HEADERS 1
| #define HAVE_SYS_TYPES_H 1
| #define HAVE_SYS_STAT_H 1
| #define HAVE_STDLIB_H 1
| #define HAVE_STRING_H 1
| #define HAVE_MEMORY_H 1
| #define HAVE_STRINGS_H 1
| #define HAVE_INTTYPES_H 1
| #define HAVE_STDINT_H 1
| #define HAVE_UNISTD_H 1
| /* end confdefs.h.  */
| 
| /* Override any GCC internal prototype to avoid an error.
|    Use char because int might match the return type of a GCC
|    builtin and then its argument prototype would still apply.  */
| #ifdef __cplusplus
| extern "C"
| #endif
| char coap_new_pdu ();
| int
| main ()
| {
| return coap_new_pdu ();
|   ;
|   return 0;
| }
configure:3726: result: no
configure:3738: checking for library containing gethostbyname
configure:3769: gcc -o conftest -g -O2   conftest.c  >&5
configure:3769: $? = 0
configure:3786: result: none required
configure:3794: checking for library containing socket
configure:3825: gcc -o conftest -g -O2   conftest.c  >&5
configure:3825: $? = 0
configure:3842: result: none required
configure:3855: checking assert.h usability
configure:3855: gcc -c -g -O2  conftest.c >&5
configure:3855: $? = 0
configure:3855: result: yes
configure:3855: checking assert.h presence
configure:3855: gcc -E  conftest.c
configure:3855: $? = 0
configure:3855: result: yes
configure:3855: checking for assert.h
configure:3855: result: yes
configure:3855: checking arpa/inet.h usability
configure:3855: gcc -c -g -O2  conftest.c >&5
configure:3855: $? = 0
configure:3855: result: yes
configure:3855: checking arpa/inet.h presence
configure:3855: gcc -E  conftest.c
configure:3855: $? = 0
configure:3855: result: yes
configure:3855: checking for arpa/inet.h
configure:3855: result: yes
configure:3855: checking limits.h usability
configure:3855: gcc -c -g -O2  conftest.c >&5
configure:3855: $? = 0
configure:3855: result: yes
configure:3855: checking limits.h presence
configure:3855: gcc -E  conftest.c
configure:3855: $? = 0
configure:3855: result: yes
configure:3855: checking for limits.h
configure:3855: result: yes
configure:3855: checking netdb.h usability
configure:3855: gcc -c -g -O2  conftest.c >&5
configure:3855: $? = 0
configure:3855: result: yes
configure:3855: checking netdb.h presence
configure:3855: gcc -E  conftest.c
configure:3855: $? = 0
configure:3855: result: yes
configure:3855: checking for netdb.h
configure:3855: result: yes
configure:3855: checking netinet/in.h usability
configure:3855: gcc -c -g -O2  conftest.c >&5
configure:3855: $? = 0
configure:3855: result: yes
configure:3855: checking netinet/in.h presence
configure:3855: gcc -E  conftest.c
configure:3855: $? = 0
configure:3855: result: yes
configure:3855: checking for netinet/in.h
configure:3855: result: yes
configure:3855: checking for stdlib.h
configure:3855: result: yes
configure:3855: checking for string.h
configure:3855: result: yes
configure:3855: checking for strings.h
configure:3855: result: yes
configure:3855: checking sys/socket.h usability
configure:3855: gcc -c -g -O2  conftest.c >&5
configure:3855: $? = 0
configure:3855: result: yes
configure:3855: checking sys/socket.h presence
configure:3855: gcc -E  conftest.c
configure:3855: $? = 0
configure:3855: result: yes
configure:3855: checking for sys/socket.h
configure:3855: result: yes
configure:3855: checking for unistd.h
configure:3855: result: yes
configure:3867: checking for size_t
configure:3867: gcc -c -g -O2  conftest.c >&5
configure:3867: $? = 0
configure:3867: gcc -c -g -O2  conftest.c >&5
conftest.c: In function 'main':
conftest.c:65:21: error: expected expression before ')' token
configure:3867: $? = 1
configure: failed program was:
| /* confdefs.h */
| #define PACKAGE_NAME "libcoap"
| #define PACKAGE_TARNAME "libcoap"
| #define PACKAGE_VERSION "0.07"
| #define PACKAGE_STRING "libcoap 0.07"
| #define PACKAGE_BUGREPORT ""
| #define PACKAGE_URL ""
| #define STDC_HEADERS 1
| #define HAVE_SYS_TYPES_H 1
| #define HAVE_SYS_STAT_H 1
| #define HAVE_STDLIB_H 1
| #define HAVE_STRING_H 1
| #define HAVE_MEMORY_H 1
| #define HAVE_STRINGS_H 1
| #define HAVE_INTTYPES_H 1
| #define HAVE_STDINT_H 1
| #define HAVE_UNISTD_H 1
| #define HAVE_ASSERT_H 1
| #define HAVE_ARPA_INET_H 1
| #define HAVE_LIMITS_H 1
| #define HAVE_NETDB_H 1
| #define HAVE_NETINET_IN_H 1
| #define HAVE_STDLIB_H 1
| #define HAVE_STRING_H 1
| #define HAVE_STRINGS_H 1
| #define HAVE_SYS_SOCKET_H 1
| #define HAVE_UNISTD_H 1
| /* end confdefs.h.  */
| #include <stdio.h>
| #ifdef HAVE_SYS_TYPES_H
| # include <sys/types.h>
| #endif
| #ifdef HAVE_SYS_STAT_H
| # include <sys/stat.h>
| #endif
| #ifdef STDC_HEADERS
| # include <stdlib.h>
| # include <stddef.h>
| #else
| # ifdef HAVE_STDLIB_H
| #  include <stdlib.h>
| # endif
| #endif
| #ifdef HAVE_STRING_H
| # if !defined STDC_HEADERS && defined HAVE_MEMORY_H
| #  include <memory.h>
| # endif
| # include <string.h>
| #endif
| #ifdef HAVE_STRINGS_H
| # include <strings.h>
| #endif
| #ifdef HAVE_INTTYPES_H
| # include <inttypes.h>
| #endif
| #ifdef HAVE_STDINT_H
| # include <stdint.h>
| #endif
| #ifdef HAVE_UNISTD_H
| # include <unistd.h>
| #endif
| int
| main ()
| {
| if (sizeof ((size_t)))
| 	    return 0;
|   ;
|   return 0;
| }
configure:3867: result: yes
configure:3878: checking for ssize_t
configure:3878: gcc -c -g -O2  conftest.c >&5
configure:3878: $? = 0
configure:3878: gcc -c -g -O2  conftest.c >&5
conftest.c: In function 'main':
conftest.c:65:22: error: expected expression before ')' token
configure:3878: $? = 1
configure: failed program was:
| /* confdefs.h */
| #define PACKAGE_NAME "libcoap"
| #define PACKAGE_TARNAME "libcoap"
| #define PACKAGE_VERSION "0.07"
| #define PACKAGE_STRING "libcoap 0.07"
| #define PACKAGE_BUGREPORT ""
| #define PACKAGE_URL ""
| #define STDC_HEADERS 1
| #define HAVE_SYS_TYPES_H 1
| #define HAVE_SYS_STAT_H 1
| #define HAVE_STDLIB_H 1
| #define HAVE_STRING_H 1
| #define HAVE_MEMORY_H 1
| #define HAVE_STRINGS_H 1
| #define HAVE_INTTYPES_H 1
| #define HAVE_STDINT_H 1
| #define HAVE_UNISTD_H 1
| #define HAVE_ASSERT_H 1
| #define HAVE_ARPA_INET_H 1
| #define HAVE_LIMITS_H 1
| #define HAVE_NETDB_H 1
| #define HAVE_NETINET_IN_H 1
| #define HAVE_STDLIB_H 1
| #define HAVE_STRING_H 1
| #define HAVE_STRINGS_H 1
| #define HAVE_SYS_SOCKET_H 1
| #define HAVE_UNISTD_H 1
| /* end confdefs.h.  */
| #include <stdio.h>
| #ifdef HAVE_SYS_TYPES_H
| # include <sys/types.h>
| #endif
| #ifdef HAVE_SYS_STAT_H
| # include <sys/stat.h>
| #endif
| #ifdef STDC_HEADERS
| # include <stdlib.h>
| # include <stddef.h>
| #else
| # ifdef HAVE_STDLIB_H
| #  include <stdlib.h>
| # endif
| #endif
| #ifdef HAVE_STRING_H
| # if !defined STDC_HEADERS && defined HAVE_MEMORY_H
| #  include <memory.h>
| # endif
| # include <string.h>
| #endif
| #ifdef HAVE_STRINGS_H
| # include <strings.h>
| #endif
| #ifdef HAVE_INTTYPES_H
| # include <inttypes.h>
| #endif
| #ifdef HAVE_STDINT_H
| # include <stdint.h>
| #endif
| #ifdef HAVE_UNISTD_H
| # include <unistd.h>
| #endif
| int
| main ()
| {
| if (sizeof ((ssize_t)))
| 	    return 0;
|   ;
|   return 0;
| }
configure:3878: result: yes
configure:3893: checking for stdlib.h
configure:3893: result: yes
configure:3903: checking for GNU libc compatible malloc
configure:3927: gcc -o conftest -g -O2   conftest.c  >&5
configure:3927: $? = 0
configure:3927: ./conftest
configure:3927: $? = 0
configure:3937: result: yes
configure:3961: checking for memset
configure:3961: gcc -o conftest -g -O2   conftest.c  >&5
conftest.c:54:6: warning: conflicting types for built-in function 'memset'
configure:3961: $? = 0
configure:3961: result: yes
configure:3961: checking for select
configure:3961: gcc -o conftest -g -O2   conftest.c  >&5
configure:3961: $? = 0
configure:3961: result: yes
configure:3961: checking for socket
configure:3961: gcc -o conftest -g -O2   conftest.c  >&5
configure:3961: $? = 0
configure:3961: result: yes
configure:3961: checking for strcasecmp
configure:3961: gcc -o conftest -g -O2   conftest.c  >&5
conftest.c:57:6: warning: conflicting types for built-in function 'strcasecmp'
configure:3961: $? = 0
configure:3961: result: yes
configure:3961: checking for strrchr
configure:3961: gcc -o conftest -g -O2   conftest.c  >&5
conftest.c:58:6: warning: conflicting types for built-in function 'strrchr'
configure:3961: $? = 0
configure:3961: result: yes
configure:3961: checking for getaddrinfo
configure:3961: gcc -o conftest -g -O2   conftest.c  >&5
configure:3961: $? = 0
configure:3961: result: yes
configure:3961: checking for strnlen
configure:3961: gcc -o conftest -g -O2   conftest.c  >&5
configure:3961: $? = 0
configure:3961: result: yes
configure:4080: creating ./config.status

## ---------------------- ##
## Running config.status. ##
## ---------------------- ##

This file was extended by libcoap config.status 0.07, which was
generated by GNU Autoconf 2.67.  Invocation command line was

  CONFIG_FILES    = 
  CONFIG_HEADERS  = 
  CONFIG_LINKS    = 
  CONFIG_COMMANDS = 
  $ ./config.status 

on ubuntu

config.status:831: creating Makefile
config.status:831: creating doc/Makefile
config.status:831: creating doc/Doxyfile
config.status:831: creating examples/Makefile
config.status:831: creating config.h

## ---------------- ##
## Cache variables. ##
## ---------------- ##

ac_cv_c_bigendian=no
ac_cv_c_compiler_gnu=yes
ac_cv_env_CC_set=
ac_cv_env_CC_value=
ac_cv_env_CFLAGS_set=
ac_cv_env_CFLAGS_value=
ac_cv_env_CPPFLAGS_set=
ac_cv_env_CPPFLAGS_value=
ac_cv_env_CPP_set=
ac_cv_env_CPP_value=
ac_cv_env_LDFLAGS_set=
ac_cv_env_LDFLAGS_value=
ac_cv_env_LIBS_set=
ac_cv_env_LIBS_value=
ac_cv_env_build_alias_set=
ac_cv_env_build_alias_value=
ac_cv_env_host_alias_set=
ac_cv_env_host_alias_value=
ac_cv_env_target_alias_set=
ac_cv_env_target_alias_value=
ac_cv_func_getaddrinfo=yes
ac_cv_func_malloc_0_nonnull=yes
ac_cv_func_memset=yes
ac_cv_func_select=yes
ac_cv_func_socket=yes
ac_cv_func_strcasecmp=yes
ac_cv_func_strnlen=yes
ac_cv_func_strrchr=yes
ac_cv_header_arpa_inet_h=yes
ac_cv_header_assert_h=yes
ac_cv_header_inttypes_h=yes
ac_cv_header_limits_h=yes
ac_cv_header_memory_h=yes
ac_cv_header_netdb_h=yes
ac_cv_header_netinet_in_h=yes
ac_cv_header_stdc=yes
ac_cv_header_stdint_h=yes
ac_cv_header_stdlib_h=yes
ac_cv_header_string_h=yes
ac_cv_header_strings_h=yes
ac_cv_header_sys_socket_h=yes
ac_cv_header_sys_stat_h=yes
ac_cv_header_sys_types_h=yes
ac_cv_header_unistd_h=yes
ac_cv_lib_coap_coap_new_pdu=no
ac_cv_objext=o
ac_cv_path_DOXYGEN=:
ac_cv_path_EGREP='/bin/grep -E'
ac_cv_path_GREP=/bin/grep
ac_cv_prog_CPP='gcc -E'
ac_cv_prog_ac_ct_CC=gcc
ac_cv_prog_ac_ct_RANLIB=ranlib
ac_cv_prog_cc_c89=
ac_cv_prog_cc_g=yes
ac_cv_prog_make_make_set=yes
ac_cv_search_gethostbyname='none required'
ac_cv_search_socket='none required'
ac_cv_type_size_t=yes
ac_cv_type_ssize_t=yes

## ----------------- ##
## Output variables. ##
## ----------------- ##

CC='gcc'
CFLAGS='-g -O2'
CPP='gcc -E'
CPPFLAGS=''
DEFS='-DHAVE_CONFIG_H'
DOXYGEN=':'
ECHO_C=''
ECHO_N='-n'
ECHO_T=''
EGREP='/bin/grep -E'
EXEEXT=''
GREP='/bin/grep'
LDFLAGS=''
LIBOBJS=''
LIBS=''
LTLIBOBJS=''
OBJEXT='o'
PACKAGE_BUGREPORT=''
PACKAGE_NAME='libcoap'
PACKAGE_STRING='libcoap 0.07'
PACKAGE_TARNAME='libcoap'
PACKAGE_URL=''
PACKAGE_VERSION='0.07'
PATH_SEPARATOR=':'
RANLIB='ranlib'
SET_MAKE=''
SHELL='/bin/bash'
ac_ct_CC='gcc'
bindir='${exec_prefix}/bin'
build_alias=''
datadir='${datarootdir}'
datarootdir='${prefix}/share'
docdir='${datarootdir}/doc/${PACKAGE_TARNAME}'
dvidir='${docdir}'
exec_prefix='${prefix}'
host_alias=''
htmldir='${docdir}'
includedir='${prefix}/include'
infodir='${datarootdir}/info'
libdir='${exec_prefix}/lib'
libexecdir='${exec_prefix}/libexec'
localedir='${datarootdir}/locale'
localstatedir='${prefix}/var'
mandir='${datarootdir}/man'
oldincludedir='/usr/include'
pdfdir='${docdir}'
prefix='/usr/local'
program_transform_name='s,x,x,'
psdir='${docdir}'
sbindir='${exec_prefix}/sbin'
sharedstatedir='${prefix}/com'
sysconfdir='${prefix}/etc'
target_alias=''

## ----------- ##
## confdefs.h. ##
## ----------- ##

/* confdefs.h */
#define PACKAGE_NAME "libcoap"
#define PACKAGE_TARNAME "libcoap"
#define PACKAGE_VERSION "0.07"
#define PACKAGE_STRING "libcoap 0.07"
#define PACKAGE_BUGREPORT ""
#define PACKAGE_URL ""
#define STDC_HEADERS 1
#define HAVE_SYS_TYPES_H 1
#define HAVE_SYS_STAT_H 1
#define HAVE_STDLIB_H 1
#define HAVE_STRING_H 1
#define HAVE_MEMORY_H 1
#define HAVE_STRINGS_H 1
#define HAVE_INTTYPES_H 1
#define HAVE_STDINT_H 1
#define HAVE_UNISTD_H 1
#define HAVE_ASSERT_H 1
#define HAVE_ARPA_INET_H 1
#define HAVE_LIMITS_H 1
#define HAVE_NETDB_H 1
#define HAVE_NETINET_IN_H 1
#define HAVE_STDLIB_H 1
#define HAVE_STRING_H 1
#define HAVE_STRINGS_H 1
#define HAVE_SYS_SOCKET_H 1
#define HAVE_UNISTD_H 1
#define HAVE_STDLIB_H 1
#define HAVE_MALLOC 1
#define HAVE_MEMSET 1
#define HAVE_SELECT 1
#define HAVE_SOCKET 1
#define HAVE_STRCASECMP 1
#define HAVE_STRRCHR 1
#define HAVE_GETADDRINFO 1
#define HAVE_STRNLEN 1

configure: exit 0
