:10310000314000311542200175F335D0085A3F4057
:1031100034000F930724824520012F839F4F809313
:103120000011F9233F40050E0F930624824520012C
:103130001F83CF433411FA232183B012F0404A4F4A
:103140003D4022003E40FF003F40F411B012EC91A0
:10315000F2439F1CF2431B1FB240805A2001A2423F
:10316000600182432E01A242800182431E01F2933C
:10317000FD100924C2435600D242FD105700D2422E
:10318000FC105600083CC2435600F2408DFF570029
:10319000F24088FF5600F2D080FF5700F2F0FDFFAA
:1031A000000082437001B24002026001824390013C
:1031B000B240020180011F4260013FF0CFFF3FD0CB
:1031C0002000824F60011F4280013FF0CFFF3FD0BF
:1031D0002000824F8001F2D030005700B2400051F1
:1031E0006601B240240260010D433F40A10792B343
:1031F0006601FD27B2F0FEFF66011E4276010E8DCC
:103200001D4276013E90A1071C240F9E0D2CF25307
:103210005600F2935600EB235E4257003EF00F003B
:10322000E627F2535700E33FD2535600E0235E42B5
:1032300057003EF00F003E900F00D927D2535700A1
:10324000D63F8243660182436001F2F0CFFF570010
:10325000F2D010003200F2D040003200F2D0200054
:103260003200F2D010003100F2D040003100F2D034
:1032700020003100B012368B4F93FC233B40A41149
:103280000D430C4D0C5C0C5D0E4C0E5E0E5E0E5E26
:103290000E5E0E5C0E5D3E50DC148B4E00001D5326
:1032A0002B533D901400ED23C24D3212C243381F00
:1032B0003B40A81C0D430C4D0C5C0C5D0E4C0E5E8F
:1032C0000E5E0E5E0E5E0E5C0E5D3E50101D8B4E51
:1032D00000001D532B533D900A00ED23C24D3E12BA
:1032E000C243E811F243C01CF243C11CC24308139D
:1032F000C2430A13C24D1C19C243F112C243FA124F
:10330000C243A61C8243361FC2430E1DC243E213B2
:10331000B0128A3AC2435713C2435613C2435013E2
:10332000C243CD113C401E1F0E430D4E0D5D0D5D81
:103330003D50EC188C4D00001E532C533E900C0059
:10334000F423C24E4C13C243FA1C3B4026190D43D2
:103350000C4D0C5C0C5D0E4C0E5E0E5E0E5E0E5E39
:103360000E5C0E5D3E506E198B4E00001D532B53AC
:103370003D900C00ED23C24D4D13C243EC12F243BD
:103380003F12B243D011C243D211B243D411C2434F
:10339000D611B243D811C243DA11B243DC11C24391
:1033A000DE11B012BC4AC24FDF1B1F4200111F5377
:1033B000824FE4128243E612B2406A1C9A11F2F084
:1033C000EFFF2200B012843AF2F0FDFF1E00B012AF
:1033D0008C37B24000408801F243F812F243F912F0
:1033E000C2434419C2434519C2434619C24347194F
:1033F000B012843AF2D040001E00F2D020001E002D
:10340000B0123E54824F0013B012623A824C5019EF
:10341000824D5219824E5419824F5619D2421611BA
:10342000D812C243D912F2401F004219F2401A00CA
:103430006D19B012623A824C5019824D5219824E67
:103440005419824F56193E4050190D4E3D500700F9
:103450006F4EEE4D0000CD4F00001E533D533E9089
:103460005419F623D2433512C243071DD243DF124B
:10347000C2434B19C2435A11C2435C118243A21C7E
:103480008243A41CC243CE11B243021C8243041CDB
:10349000C243061CC243071CC243F2117E401A00FD
:1034A0003F409E12B012FA3B824FF612B240DA123F
:1034B000081DB240A2140213C243E7113E406F132D
:1034C000CE4300003E500C003E90E713F923B2407B
:1034D000EC11A01CC243E613B012423AB0122C3ACF
:1034E0003FD00C00B012183AB012F636B24000408D
:1034F0008201B012368B4B4F4F93FB234F4AB012D1
:10350000044132D2C24B3D13E2423C131F42001130
:10351000C24F3F138F10C24F3E13C24B3B13C24BDF
:103520003A135F43B01292614F9B1920B012F040E2
:10353000829340110324B01204411C3C9243401179
:10354000B0120441B012F040F2D020001D00B012C1
:1035500004413E4014000F43B012E44B0B3C6F4358
:10356000B01206484B4F4F939E205F43B01206485F
:103570004F9B99246F43B0122C39B0123E54824FA6
:103580003E19C2935C110B20D2435C11B01234512E
:103590003D4000200E437F400600B0127A51C243E6
:1035A000BE1CF24009004A198243921182438E11D7
:1035B0008243901182439611824394118243981161
:1035C0006A42B012F040494F623CC2930211532448
:1035D0001D4262013DF010000C201E4264013EF0CD
:1035E00010000E9D06201F4266013FF010000F9E46
:1035F00007241F4260013FF000033F90000219249E
:103600005E4261003EF0C00014205D42D1003DF0FA
:10361000C0000D9E0E205E4269003EF0C0000E9D6F
:1036200008205D42D9003DF0C0000D9E02206E4290
:10363000013C6E43B2B01000A00118241D42A2014B
:103640003DF0100005241E42A2013EF212240D3C62
:103650001F42A2013FF000040F9D08241F42600199
:103660003FF000033F90000201206E434A9E012C70
:103670006E42C24E34115E4234110E5E1E4E949064
:103680003ED2814E000022D132C203430343B01226
:10369000A83A4B4F7F9399274F49B01204414F4BA3
:1036A000B012E2748E3FB0123C56643F32D0F0004C
:1036B000FD3F30407E935F930E244F9303246F931E
:1036C0001920113C1E4262018E105EF34E9F12249F
:1036D0001F42720130411F4264018F105FF30A24C0
:1036E0001F42740130411F4266018F105FF30224B4
:1036F0001F4276013041B2F0EFFF820130415E4F50
:1037000001008E106F4F0FDE30410B120A120A4D6E
:103710000B4ECF4D03000C4D0D4E8C108D104CED0B
:103720000CED7DF3CF4C0200CF4E01008E10CF4E3A
:1037300000000E4A0F4B3A413B4130410B120A1236
:103740000912094F5C4F03000D436F490E4D3FF0C6
:10375000FF008F100EDC0FDD5D4901000C430EDC15
:103760000FDD5A4902000B4C4BEA0BEA8B107AF33F
:103770008A100EDA0FDB39413A413B4130415E425B
:103780001C006EF35F4301204F4E3041B2F0EFFF5B
:1037900088013041B2F0FDFF84013041B2F0FEFFFC
:1037A000840130414F930324D2D369003041F2F0B9
:1037B000FEFF690030413E4060010F5F0F5F0F5F09
:1037C0000F5F3FF030002D4E3DF0CFFF0FDD8E4FED
:1037D00000003041824F64013041D2931211082021
:1037E0005F421211F2900300441103244F43304111
:1037F0004F4330415D4232127D901400112C4E4DEA
:103800005C42381F0E5C3E90140002283E50ECFFD4
:103810000E5E8E4FA4115D53C24D32124F433041A4
:103820005F4330415D4288114F4D0F5F1F4F1013B2
:103830005E428C114E930B245D53C24D88117D90D6
:1038400014000220C24388117E53C24E8C113041B5
:103850005D423E127D900A00112C4E4D5C42E811F3
:103860000E5C3E900A0002283E50F6FF0E5E8E4F20
:10387000A81C5D53C24D3E124F4330415F4330415F
:103880004F930324D2D361003041F2F0FEFF610078
:103890003041F2F0FCFF010030415E4F01006F4FFC
:1038A0008F100FDE30415D428C117D901400142C7E
:1038B0005C428A114E4C0E5E8E4F10134F4C5F537C
:1038C000C24F8A117F9014000220C2438A115D53B7
:1038D000C24D8C114F4330415F4330415D42321243
:1038E0004D9316245C42381F4E4C0E5E3E50A41180
:1038F0002F4E8E4300007D53C24D32124E4C5E530C
:10390000C24E381F7E9014000420C243381F30413D
:103910000F433041C24F6F005F4203002FF2FC277C
:10392000F2F0FBFF03005F426E003041C2DF4E1138
:103930003041C2CF4E1130415D424C137D900C009E
:10394000112C4E4D5C42FA1C0E5C3E900C0002287D
:103950003E50F4FF0E5E8E4F1E1F5D53C24D4C1342
:103960004F4330415F4330415D424D137D900C0029
:10397000112C4E4D5C42EC120E5C3E900C00022865
:103980003E50F4FF0E5E8E4F26195D53C24D4D130F
:103990004F4330415F4330415D4250114F4D0F5F07
:1039A0001F4FE01B5E4254114E930B245D53C24DDA
:1039B00050117D900D000220C24350117E53C24E23
:1039C000541130415D4254117D900D00142C5C4225
:1039D00052114E4C0E5E8E4FE01B4F4C5F53C24F48
:1039E00052117F900D000220C24352115D53C24D0F
:1039F00054114F4330415F433041F2F0EFFF230059
:103A00003041F2F0FBFF23003041B2F0EFFF8401C0
:103A100030411F42A0013041824FA00130414F4F41
:103A2000CF4E80003041824FA2013041B012123A95
:103A30003041E2933C1103205F42031130417F4348
:103A400030411F42A201B2F0F9FFA201B2F0FCFF27
:103A5000A001B2F0EFFFA0013FF0060082DFA2015B
:103A600030410B121B4200110F4B8F104B4B8B1030
:103A70004F4F3C4000123D406D4C3E404F000FDB2D
:103A80003B413041D2D31A003041C243FD1BC243F7
:103A9000FC1BE2429D12C2432419C2430A1CC243CA
:103AA000D6128243661330415F429F1C7F930D24E0
:103AB0004D4F0E4D3E50F4116C4EC24C9F1C7C93EA
:103AC0000220C24C1B1FFD43F41130414F4F5F4F8A
:103AD000800030411F429001013C0F4E1E42900178
:103AE0000F9EFB2330410B124B4FB0120A3AE2D328
:103AF0001F00B0129C37B01294374F4B4F5F4F5F8F
:103B00004F5F4F5F4F5F4F5F4F114F114F114F117D
:103B10004F114F114F4F8F100F5F0F5F0F5F0F5FF0
:103B20000F5F0F5F3E4084013FD000018E4F0000C9
:103B3000BED0100000004F433B4130415F43B01204
:103B4000E63A3041CF432D000D433E4000803F50C8
:103B50002E00B0120A3730410D4F3E406F134F43D5
:103B60006C4E1CF303248E9DFBFF07245F533E50D5
:103B70000C007F900A00F4237F433041B012583B81
:103B80007F930E244F4F0E4F0E5E0E5F0E5E0E5E45
:103B90005F4E6F132FF306243E5072132F4E3041A9
:103BA0003F4330413F4330410B120B4F0F931224E0
:103BB0001F42021C3F930E24D293CE1103208B434D
:103BC0000000063CB0127C3B1F52041C8B4F0000CF
:103BD0004F43013C5F433B413041B012583B7F9320
:103BE0000A244F4F0E4F0E5E0E5F0E5E0E5EFED22B
:103BF0006F134F4330415F4330416E537E901D0041
:103C0000052C3F500C0003242F5330410F4330410B
:103C10003F500600B012FE3630410B120B4F1F53BF
:103C2000B012FE360E4F8E103EF0FF0012C30E1083
:103C30000E110D4E3DF003000D5D1F4DAC900E11A9
:103C40000E110E110E110E5E1E4EAC900E5F3E5008
:103C500006000F4B0F5E3B4130413F501000B01249
:103C60009A3830410B120A1209124A430B4F3B504B
:103C70000C00094F39501000203C0F49B0129A38FF
:103C80004D4A5D5250133DF003000E4D0E5E0E5D29
:103C90000E5E0D4E3D501A122F9D0E200D4E3D50C2
:103CA0001C12EB9D06000820DB9E1E120100042062
:103CB000DB9D0100070004245A535A92CD11DD2BDD
:103CC0004F4A39413A413B4130414F4F0D4F0D5D15
:103CD0000D5F0D5D0D5D0F4D3F506A138F4E00005F
:103CE0000E4D3E506C13CE430000CE4301000E4DEE
:103CF0003E506E13CE430000FE4005000100CD4350
:103D000070138F43080030410B120A120912081277
:103D100007120612051204123150FAFF494E4C4F99
:103D20000D4C0D5D0D5C0D5D0D5D3D506E135E4DDA
:103D300001002EB204247EF0FBFFCD4E01000D4C9D
:103D40000D5D0D5C0D5D0D5D0B4D3B506C134A49D7
:103D50006A8BCB490000DB5301004A9312245E4D6D
:103D60006E134E5A7E53CD4E6E137A900B00092877
:103D70001E4D6A13B012CA3CCB490000DB43010060
:103D8000AD3C0F4C0F5F0F5C0F5F0F5F5E4F6E130C
:103D90005F4F6D130E5F3E90030003347A90030073
:103DA0009D280F4C0F5F0F5C0F5F0F5F914F6A13E1
:103DB000040037406F1397910400FBFF8A206B4784
:103DC0001BB387245F47FEFF464F5657FFFF2BF379
:103DD0002D204F4F044F054B0C440D450C5C0D6DD1
:103DE0000C5C0D6D0C5C0D6D0C5C0D6D0C5C0D6D4B
:103DF0000C840D750C5C0D6D0C5C0D6D0C540D651B
:103E00000C5C0D6D4A46B012CC924F4CC74C010071
:103E10004C9309243C40C4094A4FB01296923F404B
:103E2000FA000F9C012C3C43874C0300E7D30000B1
:103E30005F47FEFF814F0000814302002C411D417E
:103E400002000C5C0D6D0C5C0D6D0C5C0D6D0C5C62
:103E50000D6D0C5C0D6D2C811D7102000C5C0D6DE7
:103E60000C5C0D6D2C511D6102000C5C0D6D4A4601
:103E70000B43B012CC924C4C5E4701000F4E0F5FCB
:103E80000F5F0F5F0F5E0C5F3A400A00B012969210
:103E9000C74C0100C743FEFFC743FFFF4A4C4C938A
:103EA00009243C40C4094A4AB01296923F40FA00A5
:103EB0000F9C012C3C431E4703000F4E0F5F0F5F0A
:103EC0000F5F0F5E0C5F3A400A00B0127A92874C87
:103ED000030037500C003790E7136D233150060074
:103EE0003441354136413741384139413A413B410E
:103EF00030413E406F134F436D4E1DF307245F5317
:103F00003E500C007F900A00F7237F4330410B1294
:103F10000A1209123E406F130C437D434B4C6A4E0C
:103F20001AB30A242AB308243AF206201A4E0300D0
:103F30000A9C02280C4A4D4B5B533E500C007B9070
:103F40000A00ED234F4F0C9F012C7D434F4D39410B
:103F50003A413B4130410B120D4F5C42F2113F930D
:103F600004243E4040124F43073C4F4C073C2B4E2D
:103F70003E520B9D03245F534F9CF92B3B41304134
:103F80006D4F7D50F1FF5F4F0C007FF00F004E4FE3
:103F90004E5E4E5F4F4D4F8E3041F24080FFE61136
:103FA000C2439C12C243BC1CC2439E1CC243361275
:103FB00030417F922B2C4F4F0F5F104FBE3FCE3FB3
:103FC000D63FDE3FE63FEE3FF63FFE3F0640F2F0D3
:103FD000FEFF37003041F2F0FDFF37003041F2F0D4
:103FE000FBFF37003041F2F0F7FF37003041F2F0CD
:103FF000EFFF37003041F2F0DFFF37003041F2F0E1
:10400000BFFF37003041F2F07F00370030410B1224
:104010005F4254133FF0400003240F43B012B63701
:104020004F43B012CC3A7FF00F00B012B23F5F4264
:1040300054133FF010000D245B43083C4F4BB0126B
:10404000CC3A7FF00F00B012B23F5B535B92381254
:10405000F52BB012423A8243A8018243A401F2F048
:10406000DFFF54133B4130410D4F8D104D4D3FF05C
:10407000FF008F100DDF4E4E0DEE4E4D12C34E1051
:104080004E114E114E114E4E0EED0F4E3FF0FF00F1
:104090008F100F5F0F5F0F5F0F5F0FEE0E4F3EF041
:1040A000FF000E5E0E5E0E5E0E5E0E5E0FEE304187
:1040B0005F43B012A4373F401B00FFF0FDFF00003C
:1040C000FFF0FBFF0000FFF0F7FF00004F43B012CE
:1040D000A43730415F43B0128038B01292383F406D
:1040E0001B00FFF0EFFF0000FFF0DFFF000030419A
:1040F0000E4232C2034303433EF25F430E9301205C
:104100004F4E30414F93012432D230410B124B4F6E
:10411000B012F0404E4BFE93F4111120C29B1B1FB6
:104120000E24F2939F1C0320C24B9F1C043C5E4252
:104130001B1FCE4BF411C24B1B1F4B43023C7B4059
:104140000500B01204414F4B3B413041C293761100
:104150002E204F932C20D2437611D2422011781179
:104160005E4264115EF3C24EEE11924226117A1144
:10417000D24266117C115E4264115EF35D434E9F34
:1041800001244D4F4F4D5FF35E4264117EF0FEFF00
:104190004EDF4F4D0F5F924F221126117EF0E7FF49
:1041A000C24E64117F401D00B0120C4130415E428E
:1041B00064115EF35F42641103247FF0FBFF023C55
:1041C0007FF0FDFFC24F64113041F2900A001C19CC
:1041D0000320E2929D120324D243621130417F40BA
:1041E0001A00B0120C41C24362113041E293121125
:1041F00013205F4244115F9305207F500F00B012DF
:104200000C41083C6F930A20D2426C191211F24003
:10421000030044114F4330415F4330415F4330411D
:104220007F401300B0120C4130417F402100B0129A
:104230000C4130410B120A120912494F92538E1150
:10424000C29332122824B012DC380B4F0A4F3A5076
:104250000C0021245D424A190E430F4AB012EC9122
:10426000CA4900001E428E110F4B3F501300CF4E23
:1042700001008E10CF4E00000F4BB012A6384A4FEF
:104280004F930420B0122A424F4A063C9253901199
:104290000F4BB012F4375F4339413A413B41304153
:1042A0000B120A120912081207120612464F074E85
:1042B000084D094C92538E11C29332123A24B01217
:1042C000DC380B4F0A4F3A500C0033245D424A1938
:1042D0000E430F4AB012EC91CA4600000F4B3F50FC
:1042E0000D00CF4701008710CF4700002F53CF4864
:1042F00001008810CF4800002F53CF4901008910DA
:10430000CF4900001E428E112F53CF4E01008E1058
:10431000CF4E00000F4BB012A6384A4F4F930420E7
:10432000B0122A424F4A063C925390110F4BB012E2
:10433000F4375F4336413741384139413A413B41D7
:1043400030410B120A12091208120712474F084E89
:10435000094D92538E11C29332123824B012DC38B8
:104360000B4F0A4F3A500C0031245D424A190E435C
:104370000F4AB012EC91CA4700000F4B3F500D009E
:10438000CF4801008810CF480000CA4303003F50C7
:104390000300CF4901008910CF4900001E428E1151
:1043A0003F500300CF4E01008E10CF4E00000F4B48
:1043B000B012A6384A4F4F930420B0122A424F4AF7
:1043C000063C925390110F4BB012F4375F433741C4
:1043D000384139413A413B4130417F401600B012EB
:1043E0000C4130410B120A120912094FB012563F0C
:1043F0004B4F5A42F2114F9A18247A53C24AF21183
:10440000123C4E4B0C4E0C5C0C5C0C5C1E530E5E56
:104410000E5E0E5E3D423E5040120F4C3F50401229
:10442000B012E8905B534B9AEC2B8299021C0C2043
:10443000B243021C8243041CC243061CC243071C35
:10444000D2436011B012DA4339413A413B41304125
:104450000B12B012F0404B4FC2930E1D08207F404C
:104460001800B0120C414F930220D2430E1D4F4B47
:10447000B01204413B4130410B120A1209124B4F5A
:104480004A4E5F429D1259434F9914244F9308247A
:104490006F9343247F900300022430406E464B3CD0
:1044A0004B9F02203040A846B0128A3AC2499D1262
:1044B0003040A8464B9302243040A8461F42661362
:1044C000B0126840824F6613E2439D12C24A0A1C32
:1044D0007A904400CC2030409846E2B264114F43B9
:1044E0004F63043CE2B364114F434F634F93BF20CB
:1044F0005D4264114E9F02246DD2013C6DD3C24DCA
:1045000064115F4264117FF0E7FF7FD2C24F6411F4
:10451000C2436611F2432011C73C4B93A820C24E00
:10452000D6121F426613B0126840824F6613F240E3
:1045300003009D12B93C5F4224197F9398244B934A
:104540004124499F942C5F42FC1B4F9302247F53CC
:10455000013C6F434E4F5E4EFE1B8E104F93022464
:104560007F53013C6F434F4F5F4FFE1B0FDE1F9287
:1045700066137D204F43B0124C415C42D6125E421E
:1045800056135B4257134F4E5F537F900600022C29
:104590004D4F013C4D434D9B0C244E4ECE4C581379
:1045A000C24F56137F9006000228C2435613B01222
:1045B0005044B0128A3AF2F0FDFF7E11C2936211AC
:1045C0007324603C499F422C5F42FD1B5E4FFE1BE3
:1045D0005D4264114F4D12C34F104F114F113FF008
:1045E00003001F9303242F931D20103C4F4D7FF099
:1045F000E7FF7FD01000C24F64114E9302207B4032
:104600000500C24B6611C24E20110C3C5F42661180
:104610007F903400072C4F4F1F522611CF4E0000C1
:10462000D25366115D42FD1B4F4D5E4FFE1B4F4D39
:104630005F53C24FFD1B7F9003000228C243FD1B46
:104640001F426613B0126840824F66135E42FC1B25
:104650004F4ECF4AFE1B4F4E5F53C24FFC1B7F9005
:1046600003000228C243FC1BD25324191D3CB01284
:104670008A3AF2F0FDFF7E115F43B0124C41C293C3
:1046800062110524E2429D12B012CA410D3C4B93C7
:104690000B24D2439D12083C5E4264115EF302205B
:1046A0003040E4443040DA4439413A413B41304102
:1046B0000B12B012F0401E421E190E9303241E521C
:1046C000021D6E4EC24E6F005E42021D6E531D42B1
:1046D00052134C4E0D9C192C4E4D173C5E4203005C
:1046E0002EF2FC275B426E001E42D6140E9303246A
:1046F0000D5ECD4B00001D421E190D9303241D526B
:10470000021D6D4DC24D6F00013C4C4E1D42021DFD
:104710000E4D1E53824E021D0E9CE02BB012044122
:104720003B4130410B12B012F0405B43C29344193D
:1047300001244B43B01204414F4B3B413041C293E3
:1047400042113B20F2930A113820B01224474F93B4
:104750003424D243DE1BC293F3110224C243DE1B76
:10476000C293DE1B2C24F290030044112B20D29321
:1047700012112A205E4210117E9318244D4E0F4DC7
:104780003F50F8126C4FC24C10117C930220C24C67
:104790001111FD43F812C24E6C19F2431211D243AB
:1047A00044117F401000B0120C41043CE24312114E
:1047B000C2434411B012B040053C5F4330417F40DA
:1047C000050030414F4330414F4330410B120A1234
:1047D0004A4FB012F0404B4FB01224474F9305247C
:1047E0004F4BB01204414F43063C4F4BB0120441B3
:1047F0004F4AB01214393A413B4130417F400900E1
:10480000B012CC4730410B120A124A4FB012F0409E
:104810005B43C29A451901244B43B01204414F4BEC
:104820003A413B4130410B12B012F0401B420013A1
:10483000B01204410F4B3B413041B012F040F2F056
:10484000FEFF1900B01204413041C243CF11824F24
:104850001E19824ED614824D52138243021D0D93AF
:104860000C24B012F040F2F0FBFF0300E2D2010092
:10487000B0120441B012B046043C7F400F00B012A9
:104880000C414F4330410B120A1209120A4F494E94
:10489000B012F0404B4FB01224474F9305244F4BBA
:1048A000B01204414B43103C4F4BB0120441B24094
:1048B0007F0004137F407F00B01214394B4F4D49E5
:1048C0000E4A0F43B0124A484F4B39413A413B41DF
:1048D0003041B0123A485E431F429A11B0128648E6
:1048E00030410B124B4FB012F040C24B3E11B01290
:1048F00004417F400B00B0120C413B4130410B1290
:104900004B4F92434611C243F311B0123E474F4BF7
:10491000B012E2483B4130410B120A124B4F5F93F9
:104920002920B012F0404A4FF2F0F3FF0100F2F0FC
:10493000F3FF03004F4BB012A437E2D31B00E2D2C7
:104940001B00F2D21B005F420F115FD3C24F690000
:104950005F420E115FD3C24F68001F420C11C24F5D
:104960006A008F10C24F6B004F43B012A4374F4AFA
:10497000B01204413A413B4130410B124B4FB0124F
:10498000F0404E4BCE434419B01204413B413041FC
:10499000B012F040D2D31900B012044130410B12D2
:1049A0000A12091208120712494FB012F040474F7D
:1049B000C2990A110424B01204415F43383CF24307
:1049C0000A1159424211499303244C4348490A3C75
:1049D0004F49B0127A49B0123E474F47B0120441D6
:1049E0004F49253C7A400500B0125E924C4E0F4C68
:1049F0000D480F9303240D111F83FD231DF3142471
:104A0000C24E0A111E430C9303240E5E1C83FD2329
:104A100049CEC24942117F400E00B0120C414F47AF
:104A2000B01204414F43033C4C4E5C53DB3F3741D3
:104A3000384139413A413B4130416F42B0129E49C1
:104A400030417F400300B0129E494F4330410B126A
:104A50000A12091208120712061205120412218303
:104A6000B012F040C14F00001842E4121942E612A1
:104A700034404E830543B01252920A4C0B4D12C380
:104A80000B100A100A5E0B6F0B9305343AF33BF0E0
:104A9000FF7F1A530B63824AE412824BE6126F4186
:104AA000B01204410E4A0F4B215334413541364177
:104AB0003741384139413A413B413041B0124E4AC9
:104AC0000F4E30410B120A120912B012F040494F3A
:104AD0001B42EE12B012D43A0A4F1F4280015FF31C
:104AE00004241B53B012D43A0A4F4F49B012044168
:104AF0000F4B0E430C4A0D4E0EDC0FDD39413A418F
:104B00003B4130410B120A120912B012C44A094E3D
:104B10000A4F1B424C191C424E190D4B0E4C1D5294
:104B2000D2121E62D4120A9C0B280A9C0220099BF6
:104B300007280E9C11280E9C09200D9B0D28063C71
:104B40000E9C04280C9E27280D9B252C0A9E0428C9
:104B50000E9A2128099D1F2C0B4D0C4E0B890C7AA7
:104B60000C9303203B90018018280E490F4A3E50B9
:104B700000800F63824E4C19824F4E190E4B0F4C22
:104B80003E5000803F63824ED212824FD4123B408F
:104B900000800C430A3C0B430C43824D4C19824E5F
:104BA0004E198243D2128243D412B012D43A0E4F1D
:104BB0000E890E9B042C0B8E3B900300062CB0122A
:104BC000D43A2F53824F9801033C0B5F824B9801DC
:104BD000B2F0FEFF8801B2D01000880139413A419D
:104BE0003B4130410B120A120912081221830A4E6E
:104BF0000B4FB012C44A084E094FB012F040824821
:104C00004C1982494E19824AD212824BD412814FDA
:104C10000000B012044B2F41B0120441215338411F
:104C200039413A413B4130410B120A120912B0128C
:104C3000F040494FB012BC4A0C4F3A404600B01207
:104C40007A923E500B00824E181F0F43B012E44B75
:104C50004F49B012044139413A413B4130410B12B6
:104C60000A12B012F0404A4FB29246111020B01210
:104C7000FC47B012424AB0129049924346117F401D
:104C80000300B012E2484F4AB01204412F3CB01268
:104C90003A48C2931C1F03247F400500013C6F4229
:104CA000B012CC474B4F3BF206204F4BB012CC47D3
:104CB0003FF20F9B04205B433F400300023C3F4018
:104CC0000500824F4611B01290494F4AB01204417C
:104CD0004B930724C243A211B012424AB012284C8F
:104CE000053C3E4040010F43B012E44B3A413B418A
:104CF00030410B120A120912494F0A4EB012F0400D
:104D00004B4FB01224474F9305244F4BB012044130
:104D10004F430D3C4F4BB01204414F49B012143970
:104D20000F4A8F10B01214394F4AB012143939415A
:104D30003A413B4130410B120A1209120812071284
:104D4000094F4B4E074D484CB012F0404A4FB0123D
:104D500024474F9305244F4AB01204414F43223C4D
:104D60004F4AB01204414B4B0B594F4B7FD080FF41
:104D7000B0121439494F0E4B12C30E104F4E7FF034
:104D8000C0FFB01214394B484A48093C4E4B0F4AF9
:104D90000F8E0E4F0E576F4EB01214397B534B933C
:104DA000F5234F493741384139413A413B41304180
:104DB0000B123150F4FFB012F0404B4F3D423E40D9
:104DC00050190F41B012E8901F42D8120E413E52C6
:104DD000CE4F00008F10CE4F01001F4200132E5304
:104DE000CE4F00008F10CE4F01004F4BB012044148
:104DF0007C400C000D414E433F406001B012364DE7
:104E000031500C003B4130410B120A1209120812BA
:104E1000B012F040484F1A4262131B426413B012A2
:104E2000D43A094F1F4280015FF305241A530B63E4
:104E3000B012D43A094F4F48B01204410F4912C37F
:104E40000F100F110F110F110C4F12C30C100D4347
:104E50000E4A0F4B4FEE0FEE8F107EF38E100E5E4C
:104E60000F6F0E5E0F6F0E5E0F6F0EDC0FDD3841A1
:104E700039413A413B4130410B120A120912B0123A
:104E8000084E094E0A4F1B429E111C42A0110D4BA9
:104E90000E4C1D523A121E623C120A9C0B280A9CB0
:104EA0000220099B07280E9C11280E9C09200D9BAF
:104EB0000D28063C0E9C04280C9E27280D9B252CB3
:104EC0000A9E04280E9A2128099D1F2C0B4D0C4E7A
:104ED0000B890C7A0C9303203B90010418280E498F
:104EE0000F4A3E5000040F63824E9E11824FA01164
:104EF0000E4B0F4C3E5000FC3F63824E3A12824FE5
:104F00003C123B4000040C430A3C0B430C43824DD3
:104F10009E11824EA01182433A1282433C120B5BD7
:104F20000B5B0B5B0B5B0B5BB012D43A0959095955
:104F30000959095909590E4F0E890E9B042C0B8EE5
:104F40003B900300062CB012D43A2F53824F9601A7
:104F5000033C0B5F824B9601B2F0FEFF8601B2D09C
:104F60001000860139413A413B41304192420A1DCD
:104F70009E1192420C1DA0119242D8143A129242F4
:104F8000DA143C12B012784E9252D8140A1D926272
:104F9000DA140C1D30410B120A120912B012084E1D
:104FA000094E0A4F1B42FC121C42FE120D4B0E4CC6
:104FB0001D52F2121E62F4120A9C0B280A9C022057
:104FC000099B07280E9C11280E9C09200D9B0D287B
:104FD000063C0E9C04280C9E27280D9B252C0A9E1F
:104FE00004280E9A2128099D1F2C0B4D0C4E0B896D
:104FF0000C7A0C9303203B90010418280E490F4AA9
:105000003E5000040F63824EFC12824FFE120E4B84
:105010000F4C3E5000FC3F63824EF212824FF4125E
:105020003B4000040C430A3C0B430C43824DFC12F2
:10503000824EFE128243F2128243F4120B5B0B5B30
:105040000B5B0B5B0B5BB012D43A09590959095938
:10505000095909590E4F0E890E9B042C0B8E3B905B
:105060000300062CB012D43A2F53824F9201033C16
:105070000B5F824B9201B2F0FEFF8201B2D01000B2
:10508000820139413A413B4130410B120A12091267
:10509000494F0A4D0B4EB012084E4D490C4D0C5C59
:1050A0000C5C0C5D0C5C0D4C3D50E8138D4E00000B
:1050B0008D4F02008D4A04008D4B0600FCD003008A
:1050C000F0136F43B0120C4139413A413B4130413A
:1050D0000B120A1209120812071206121E421C11A4
:1050E0001F421E1112C30F100E10824E9412824FD7
:1050F0009612B0124E4A16429412174296120C4E55
:105100000D4F0A460B47B012CC920D4E0E4F0D5666
:105110000E67824D9412824E9612C243FA1B7F4054
:105120000500B0128A5036413741384139413A4181
:105130003B413041B24080001C1182431E11B0122D
:10514000D05030410D4E0E4F5F43B0128A50304167
:105150000B120A1209120A4F094EB012BC4A0C4F28
:10516000B0127A920D4E0D590E437F400700B012D7
:105170008A5039413A413B4130410B120A1209121F
:10518000494F0A4D0B4EB012084E4D490C4D0C5C68
:105190000C5C0C5D0C5C0D4C3D50E8138D4E00001A
:1051A0008D4F02008D4A04008D4B06005F4CF013BA
:1051B0007FF0FCFF6FD3CC4FF0136F43B0120C4164
:1051C00039413A413B413041E2B3F0134F434F6321
:1051D0004F930324F2F0FDFFF0133F403C13B01255
:1051E0009A380D4F0E434F4EB0127A51C243CC1134
:1051F00030410B120A120912494FB012F0404B4FC6
:105200005E4205110E5E0C4E3C50EC112D4C0D9380
:105210000B208E4DA01C7F400600B0120C414F4B5E
:10522000B01204415F43163C1A4D02008C4A000044
:105230000A9302208E4CA01CA24D2219824D101CF4
:10524000824DEA1149930224B0126C4F4F4BB012B9
:1052500004414F4339413A413B4130410B120A125C
:105260004B4F4F9303245F9347200E3C5A420E133B
:105270004A9F4320C24A4919824E001D7F400300C5
:10528000B0120C414B4A393CC29F0511362482931F
:1052900022190720B012084E824E0A1D824F0C1DA3
:1052A000243C1C42EA118C4E00002C53824CEA1123
:1052B0001D42101C1E4222190F4E0F5F0F5D0C9FE6
:1052C00018208293EA120A245F4205110F5F8F4370
:1052D000A01C7F400700B0120C410F3C824EC21C44
:1052E000824DEA127F42B0120C414F4BB012F25184
:1052F000043CB0126C4F013C5B434F4B3A413B4185
:1053000030410B120A124A4FB012F0404B4FB0120C
:10531000323A4E4F4F9A7F205D4254134F4D3FB269
:10532000092482930C1306204F4BB01204417F4096
:105330000600753C3FF0200006244F4BB01204419C
:105340007F4005006C3C7DD02000C24D5413C24EFE
:10535000E211B012CC3A7FF00F007F923F2C4E4FFB
:105360000E5E104E6653765382538E539A53A65355
:10537000B453C253D053D2D33700F2F0FEFF3600FD
:105380002D3CE2D33700F2F0FDFF3600273CE2D29D
:105390003700F2F0FBFF3600213CF2D23700F2F08A
:1053A000F7FF36001B3CF2D010003700F2F0EFFFA1
:1053B0003600143CF2D020003700F2F0DFFF360058
:1053C0000D3CF2D040003700F2F0BFFF3600063C43
:1053D000F2D080FF3700F2F07F003600B2D010002C
:1053E000A001B2D00300A0015F4254133FF040007F
:1053F0000D240F43B012D4372F42B012D4373F40A0
:10540000E000B012D4371F43B012B6374F4BB01282
:1054100004414F43043C4F4BB01204415F433A41B7
:105420003B4130414F9304205F43B012025330415F
:105430005F4330415F420511B012245430410B12DA
:10544000B012F0401B421411B01204410F4B3B410B
:1054500030410B120A120912094D4A4C7C901D0072
:10546000472C0B4D3B500500CB4E01008E10CB4E10
:105470000000CB4F0600CB4C040082936A113A2007
:10548000B012F040F24005006E11C2437011824923
:105490006811A2436A11C2437411C24372117A5057
:1054A0000C00C24A6C11B0120441B012F040F290EC
:1054B0000A001C190320B0120441163CB01204412A
:1054C000B012F040C2930A130620D2430A13C2431B
:1054D0000B135B43013C4B43B01204414B93042438
:1054E000B01250444F43083C82436A115F43043C6E
:1054F0006F43023C7F40050039413A413B41304116
:105500000B120A120912081207120612474F084E10
:10551000464D5943499F25284B4F0B5B3B50321C4E
:105520008B93000020208B4E00000A4E3A5005005D
:10553000CA4D040059923211192C594A06000F4ADB
:10554000B0129A38C24732114C460D480E4F4F499F
:10555000B01252544F930B24E24332118B4300009C
:10556000063C4F49043C7F400500013C4F43364117
:105570003741384139413A413B413041B012F04066
:10558000F2E010003100B012044130414F93172077
:105590004E9F0324B0127C553D435F42CC117F9057
:1055A00005000D2C4E4F5E53C24ECC114F4F0F5F76
:1055B0003F504213CF4D01008D10CF4D00003041C0
:1055C0000B120A124B4FB012F0404A4FC2933C11DB
:1055D0000C20D2433C11C24B37126F42B0120C4127
:1055E0004F4AB01204414F431D3C4D4B12C34D1066
:1055F0004D114D114D4D5F4DE6131E433BF007001D
:105600000B9303240E5E1B83FD234B4E4BFF0420A4
:105610004EDFCD4EE613023C7B4005004F4AB012F0
:1056200004414F4B3A413B4130414F9302245F9339
:105630000320B012C05530415F4330410B12B0120D
:10564000F0403B403100FBF0EFFF0000B01204419E
:10565000B012F040FBF0BFFF0000B0120441B012E6
:10566000F040FBF0DFFF0000B0120441F2F0FDFF5C
:10567000F0133B4130410B120A120912094F0C4E34
:105680004B4DC29338110F207D9012004E203D40AB
:1056900012003F40D21CB012E890C24BBF1C4F43D7
:1056A000B0120C41423C5A423E124A9316245E42CA
:1056B000E8114D4E0D5D3D50A81C2B4D8D43000053
:1056C0007A53C24A3E125E53C24EE8117E900A00DF
:1056D0000220C243E8110B930320B0127C55253CF5
:1056E0003D4012000E4C0F4B3F500C00B012E890A2
:1056F0005D4286117D900A00132C5F4284114E4F4B
:105700000E5E8E4B58194E4F5E53C24E84117E90E2
:105710000A000220C24384115D53C24D8611053C2C
:105720000F4BB0125038B0123C560F4939413A4134
:105730003B4130410B120A124A4D4F9303245F93B1
:105740004C202C3CC24F38115D4286114D9F4524A0
:105750005C4282114E4C0E5E1B4E58194E4C5E53ED
:10576000C24E82117E900A000220C24F82117D53E8
:10577000C24D86110B930C243D4034000E4B3F402C
:10578000C61CB012E8900F4BB01250384F93032450
:10579000B0123C56223CB0120C411F3C5F428811B3
:1057A0000F5F1B4F10130B9302240B9E0324925385
:1057B00098110C3CB01224380F4BB012F4374A93B6
:1057C000032092539611023C92539411C243BE1C83
:1057D000C2938C110224B0122A423A413B4130411B
:1057E0000B120A12091208120712494F084E474DB0
:1057F0004C4F0C5C8C43321C5A4232111A535AF3F0
:105800004B4A0C4B0C5C8C93321C0A245C42F01209
:105810000F4B0F9303240C111F83FD231CF314243F
:105820004A4B5AE34B4A0C4B0C5C8C93321C0924B8
:105830005C42F0120B9303240C111B83FD231CF319
:105840000324E2433211023CC24A32115B4232115C
:105850006B93182C4B4B0B5B3B50321C2A4B3A5032
:1058600005000F4AB0129A385C4A04002D4B0E4FC7
:105870005F4A0600B01252544F9304247F40200028
:10588000B0120C414D470E484F49B01234573741C2
:10589000384139413A413B4130410B120A12091259
:1058A0000812071206124B4FB012F040464FE29317
:1058B0003C113F20C29B03113C20C293E6130620FB
:1058C000F2430311D242E6133C11313CF24303117F
:1058D0005A423A110E4A1E5318432E9301200E438A
:1058E0004D4E4C4E12C34C104C114C114C4C594C5B
:1058F000E613074D37F007000B48079303240B5BB3
:105900001783FD234F494FFB062449CBCC49E613AF
:10591000C24E3A11053C0E9A02241E53DE3F7D43CF
:10592000C24D3712D2433C116F42B0120C415B435F
:10593000013C4B434F46B01204414F4B5FE33641AD
:105940003741384139413A413B4130414F9302247C
:105950005F930320B0129A5830415F4330410B12DD
:105960004B4FC29F041104207F400500B0120C4130
:105970004F4BB0124C593B4130414F930320B01272
:105980005E5930415F4330414F9303205F43B01273
:105990005E5930410B120A120912B012F040494F01
:1059A0001B42A2015BF30524B01204417F400500B5
:1059B000103CB012123A0A4F3FF0FDFFB012183AF5
:1059C0000F4A3FF0DDFFB012183A4F49B0120441C0
:1059D0004F4B39413A413B4130410B120A120912F7
:1059E0000812484FB012F040494F1B42A2015BF32E
:1059F0000524B01204417F4005001E3CB012123A4B
:105A00000A4F3AF0FDFF0F4AB012183A0D4A3DD046
:105A100020004E487E531EF30E5E0E5E0E5E0E5E3E
:105A20000E5E0E5E3DF0BFFF0F4D0FDEB012183A56
:105A30004F49B01204414F4B384139413A413B4143
:105A400030410B124B4FB012F040C24B4519B0120F
:105A500004413B413041B012F040F2F0BFFF1D0065
:105A6000B01204413041B012F040F2D040001D00AD
:105A7000B012044130410B120A1209121B42E21209
:105A80005A4B2A004A9302207A501F00B0123A481B
:105A9000C29A341207244E4A3ED0E0807F4015005F
:105AA000B012F24CC24A3412694BB012F0404A4F65
:105AB000B01224474F9304244F4AB0120441113CC2
:105AC0004F4AB0120441B2403E0004137F403E00F2
:105AD000B01214394D497D534D4D0E430F4BB0124A
:105AE0004A4839413A413B4130410B120A120912EE
:105AF0000812071206120A4F0B4E494DCF930200AF
:105B00002B20824F081DB012F040F2E0400031001F
:105B1000B0120441C24336115A4B120049930D246E
:105B20000F4BB012103C094F0F4BB0125A3C0C49AE
:105B30000D4F0E4A7F4020000C3C0F4BB012103C22
:105B4000094F0F4BB0125A3C0C490D4F0E4A7F4083
:105B50002600B012A0428B3C4D936824274FE2925E
:105B6000CD1132200F47B012643C494F79F0030049
:105B700008205F4250131F537FF00300C24F5013A1
:105B8000203C784003004D495F4250130D5F0E4D9D
:105B90003EF003000C4E0C5C0C5E0C5C1D533DF0A3
:105BA00003000E4D0E5E0E5D0E5E3D4006003E5043
:105BB0001A120F4C3F501A12B012E89059534899DC
:105BC000E22FF2400300CD115642CD11584250133E
:105BD000085638F00300094739500C000F473F5072
:105BE0001000B0129A380E480E5E0E580E5E8E4FA0
:105BF0001A120F4E3F501C12DF4906000000DE490A
:105C000001001E12DF49070001005653C246CD11A4
:105C10000F4BB012103C094F0F4BB0125A3C0C49BD
:105C20000D4F5E4B12007F4022000D3C0F4EB01214
:105C3000103C094F0F4BB0125A3C0C490D4F5E4BB4
:105C400012007F402700B012A0422F4AB0126839DC
:105C50004F9304247F405100B01234420F4AB012D7
:105C600038394F9304247F405200B01234423641F9
:105C70003741384139413A413B4130410B120A1218
:105C800009120812071206120512084F454E5D420E
:105C900050110D5D164DE01B4E931124B012103CB7
:105CA0000B4F0F48B0125A3C0C4B0D4F5E48120080
:105CB0007F402400B012A0423E408000663C5E421D
:105CC0004E117EF24E957224CF932C006F20B012AD
:105CD000103CB012583B7F933F24474F0947095966
:105CE000095709590959395074135B4901005B532D
:105CF000C94B01007B9005002F286A494B4B4A9302
:105D000008200C4B0C5C0C5C0B5B0C5B0C5B0C5BA9
:105D10000F3C0D4B0D5D0D5D0C4B0C5C0D5C0D5C7B
:105D20000C5D4A4AB0129692C9450000C94501006F
:105D300009470959095709590959395072132F4907
:105D40000D4F0D5D0D5D0D5D0D5F0C5D3A400A0060
:105D5000B0127A92894C0000B012DA435B4603001D
:105D60007B53C64B030015240F48B012103C0B4F59
:105D70000F48B0125A3C0C4B0D4F5E4812007F404A
:105D80002500B012A0423E4020000F4EB0125051EC
:105D9000653CB01298397F401000B01232393E4055
:105DA00020000F4EB01250514D4B543CB012983958
:105DB0007F401000B01232393E4020000F4EB0122A
:105DC00050510F48B012103CB012583B7F93412401
:105DD000474F094709590957095909593950741347
:105DE000D95300005D4901005D53C94D01007D900C
:105DF00005002F286A494D4D4A9308200C4D0C5C34
:105E00000C5C0D5D0C5D0C5D0C5D0F3C0E4D0E5E73
:105E10000E5E0D5D0E5D0E5D0C4E0C5D4A4AB012BD
:105E20009692C9430000C94301000947095909571F
:105E300009590959395072132F490D4F0D5D0D5DE8
:105E40000D5D0D5F0C5D3A400A00B0127A92894CEC
:105E500000005D430E480F46B012EA5A3541364104
:105E60003741384139413A413B4130414C4F0F4E67
:105E70004E4D4C9303245C930C20033CB0127C5C8D
:105E800030413F909E120520C2935E110224C2430E
:105E90005E1130410B12B012F0405B426D19B0122E
:105EA00004410E4B0E5E0E5B0E5B0E5B3E502E01F0
:105EB0003ED000407F401800B012F24C3B413041D0
:105EC0000B12B012F0404B4FC293351204241E4304
:105ED000C293071D01200E433EF0FF008E100E5EA0
:105EE0000E5E0E5EC293DF1204241D43C2934B1953
:105EF00001200D433ED0E2220D5D0D5D0D5D0D5D77
:105F00000EDD7F401100B012F24C4F4BB012044135
:105F10003B4130410B12B012F0405B43D292571319
:105F2000561301244B43B01204414F4B3B413041C7
:105F30000B120A124B4F5F9339201F422C1112C3D0
:105F40000F10C24FBD1CB012F0404A4FB012923831
:105F5000F2F0FCFF03004F4BB0128038F2D010007B
:105F60001B00F2D020001B005F4230115FD3C24FF4
:105F70006100D2422F1160001F422C11C24F6200FB
:105F80008F10C24F6300D2422E1164004F43B012F3
:105F900080384F4AB0120441B012F040F2F0FCFFDA
:105FA0000300F2D003000100B01204413A413B412A
:105FB0003041B012F0404E4FD2932A110820F29097
:105FC000030080110420B01204415F4330414F4E62
:105FD000B01204414F433041B012B25F4F931124CD
:105FE0008293041D1020B2401912041D92434019DF
:105FF000C2439C119243E012D242191267004F43F0
:1060000030415F4330417F4005003041B012F040E5
:10601000F2F0FEFF7E11F2407E001912B012044130
:10602000B012D85F30414E4F7E5083FF6E930A2CE2
:10603000D2D37E117FE02000C24F2019F2407D00B4
:106040001912023CC24F1912B012D85F30410B1224
:106050000A120912D2B37E110924F2F0FEFF7E115A
:10606000D24220191912B012D85F8F3C5F421C191E
:106070007F537F92852C4F4F0F5F104F7E608E6055
:10608000A460C660426154616861766186615F4266
:10609000FA12B01226604B4FF24003001C195E4208
:1060A000FA120A3C5F42A61CB01226604B4FF24027
:1060B00003001C195E42A61C1F42361FB012684026
:1060C000824F361F5B3C5F42E2130F5F3F50081365
:1060D0005F4F0100B01226604B4F5942E2134A490C
:1060E0000F4A0F5F3F5008135E4F01001F42361FDB
:1060F000B0126840824F361F5D42F1125D53C24DAF
:10610000F11259931B205E426E114F4E1F526811BF
:106110006F4F5E53C24E6E11C29E6C11032CE24350
:106120000A134F430E4A0E5E3E500813EE930000D2
:1061300005247D930324CE4F0100203CE2421C192C
:106140001D3C5F42361FB01226604B4FF2400500E7
:106150001C19143C1F42361F8F10B01226604B4F83
:10616000F24006001C190A3CB0120C604B4FF24082
:1061700007001C19033CF2421C19053C4B930524F3
:10618000F24009001C19B012504439413A413B41D8
:1061900030410B124B4FB012F0404E4B3E50441961
:1061A000CE9300000420DE4300004B43013C5B43E0
:1061B000B01204414F4B3B4130410B120A120912FD
:1061C0004B4FB012F040494F4F43B01292614A4FCB
:1061D0004F932B20C24B0A11B012DA374F9A052485
:1061E0007F400E00B0120C41293CC29F4411072091
:1061F000D2434411D2436C19B012EC411F3CD293EC
:106200006C191C24F293F9121920D293111116243F
:10621000F29310110320D2431011043C5E4211117D
:10622000DE43F812D2431111093C1E434D4B0D932E
:1062300003240E5E1D83FD23C2DE42114F49B012BE
:1062400004414F4339413A413B4130410B120A125C
:1062500009120812484FB012F040494F4F43B01294
:1062600092614A4F4F9306244F49B01204417F4038
:106270000500263CB012DA374B4F4F9A0424C2482F
:106280000A114B4A193CC29F44111220E2434411A7
:10629000D2436C19B012EC41D293121107205F4225
:1062A0001211B0121849C2480A11063CC24B4411DF
:1062B0004F43B0127A495B434F49B01204414F4BF0
:1062C000384139413A413B413041A2431612D24351
:1062D0009C12E2920A1105246F42B0124C624F9355
:1062E0000320B012D24830416F42B012BA6130413F
:1062F0000B12B012F0404B4F829316121924C24376
:106300009C125E4236124E930324F2B22000062005
:106310005F4220006FF208204E9F03247E53C24E3E
:106320003612B012CA62063C92431612C2433612AB
:10633000B0123A4A4F4BB01204413B413041B012C7
:106340009A3FB0129049B0123A487F42B012CC47FF
:106350007F42B012CC47B0129049B0123A4AB01204
:10636000F06230410B120A12091208121A42D614B6
:106370005C42CF114C930224304026661E42041327
:10638000094E39F0400002203040C2657EF0BFFF68
:106390007E903F000224304026661B429A116D4BCE
:1063A000C24D18121F4216123F9005003E243F9026
:1063B000060080242F9302243040B465B2400500CB
:1063C00016125F42E6114C4D4E4F0C9E2A345E422F
:1063D00020007EF20A205C4220006CF24C9E0520D8
:1063E0004E4D7EE34E5FC24EE6117D902A00192C81
:1063F0004D9310240E4B1E537D9203283D40070001
:10640000043CB240060016124D4D0F43B0124A48EC
:1064100030402666C24D9C12B0129049B0123A4AE2
:10642000C63CB0123E6330402666B24006001612EB
:10643000C293DF123724C2934B193420094B1953EE
:106440000F49B012FE363FF020002C240A4B3A5080
:1064500006000F4AB012FE36084FB0122648089FB9
:1064600005240F4AB012FE363F931C200F49B0128C
:10647000FE363FF007001F931520B0129049B0126E
:106480003A487F400A00B012CC47B0129049B0128F
:106490003A485E4218127E50F9FF0F4B3F52B0123D
:1064A0008648C13C5D4218127D50F9FF4D4D0E4BA0
:1064B0003E52AB3FB0129049C29336120220B01246
:1064C0003A4AC29336120324F2B220000B20E2B201
:1064D000200008245F429E1C4F930424F2900B007E
:1064E0001812052C1F429A11B012443B253C5F93B1
:1064F0000E205F42BC1C0F5F0F5F1D4F121C1E4F12
:10650000141C1F429A113F502E00B0120A375F42EE
:10651000BC1C1F537FF00700C24FBC1C5F429E1C77
:106520007F53C24F9E1C08241F429A11B012443B55
:10653000C243BC1CC2439E1C5F4218120F5BCF9328
:10654000000035340A9333240F4B1F53B012FE362C
:106550007FF007001B429A116F9322201F42E21224
:106560000F932524B290070046112120DF9B0300E2
:1065700003001D20B0128C371F42E2123F5028004A
:106580006E4BDF4304000E5BDF4EFFFF00006E4EDC
:106590007EF07F00CF4E01004F43B012FE48073C13
:1065A0005F9305207F501000B0120C413C3CB012AC
:1065B000F062393CC24C9C12B0129049B0123A4A77
:1065C000323C7E903E002F20B0129049B29246118C
:1065D0000F20B0123A48B012FC47B0129049B012E6
:1065E000424A924346117F400300B012E2481B3CEE
:1065F000C2931C1F0520A2424611B0125E4C133CF0
:10660000B012424AB24003004611B012BC4A0C4FCD
:106610003A403601B0127A923E500B00824EE011A1
:106620000F49B012E44B384139413A413B413041C6
:106630000B127F400300B0124C624B4F4F93042467
:106640007F400300B012BA614F4B3B4130410B1207
:106650000A120912081207127F920228304060695C
:106660004F4F0F5F104F68667866AC66526880685F
:1066700024693469446954691F4282018F105FF3B1
:1066800004241F42920130406069B012F6368293B2
:10669000F21208208293F41205205F43B0120C41DD
:1066A00030406069B012964F304060691F428401EB
:1066B0008F105FF302203040606918429401B012DD
:1066C0009C37B0129437B012C44A0A4E0B4F0D4E8D
:1066D0000D880E430A8D0B7E1F4246113F90050028
:1066E00004243F9006006A204E3CB240060046114A
:1066F000D2439812C24348116F43B012E63A0D4A92
:106700000E4B1F42E2123F502E00B0120A371F42BA
:10671000E212CF932D002324674F7750FBFF4947A8
:10672000095F0F49B0123C370D4E0E4F0D8A0E7B9C
:106730000F49B0120A37B0123A486C420D494E4721
:106740000F43B012364DB01290490F49B0123C378A
:106750000D4E0E4F0D5A0E6B0F49B0120A371F42E5
:10676000E2121F53B012FE363FF020000224D24343
:10677000F311B012424AB0128C37B0127E374F93E9
:10678000022430406069C2439812B0123C3B1F4261
:10679000E2121F53B012FE363FF020000924B2402F
:1067A000070046113E4000010F43B012E44B023C8B
:1067B000B012FE48B0127E374F93D224C2934811D4
:1067C0002620C29398122520D24398126F43B0120C
:1067D000E63AB0127E37494F5F429E1C7F920E2CE4
:1067E0004E4F5E52BC1C3EF007000E5E0E5E8E4A9F
:1067F000121C8E4B141C5F53C24F9E1CD243481177
:1068000082480613B0127E374F930524A93C4943B2
:10681000023C59424811D2939812A220C2439812C6
:10682000B0123C3BC243481149939A201882061388
:1068300038900A00952C5F429E1C4F9303247F538F
:10684000C24F9E1C1F42E2120F938A24B012443B97
:10685000873C1F4286018F105FF303241F4296017D
:106860007F3CB2F0EFFF860182933A1206208293BA
:106870003C120320B0123454733CB012784E703C7A
:106880001F4288018F105FF303241F429801683C68
:10689000B0128C378293D21242208293D4123F20BE
:1068A0001F4246113F50FDFF3F9006002B2C0F5F0B
:1068B000104FB468C068DE68F0680469EC68DE6890
:1068C000F2B0100020000824A24246113E4007000A
:1068D0000F43B012E44B163CB012284C133CB012DC
:1068E00030664F930F20B0125E4C0C3C4F43083C77
:1068F000B012FC47B0123C3BB012424A7F40070046
:10690000B012FE48929340112B20A2434011B012C6
:10691000565AB012665A4F43B012BA61213CB012B7
:10692000044B1E3C1F428A018F105FF319241F4243
:106930009A01163C1F428C018F105FF311241F42F5
:106940009C010E3C1F428E018F105FF309241F42F1
:106950009E01063C9253EE129253621382636413BB
:106960003741384139413A413B4130410B120A121B
:10697000091208120B4FB012F0404A4F0F4BB012E1
:106980001A3CFF403F0000004F4AB01204418243CE
:10699000FC1C6F43B01292614A4F4F936A205F42D2
:1069A000DF1B4E4F5E53C24EDF1BCB4F0300B012B6
:1069B000F040484F6F43B01206484F9A08204F48A6
:1069C000B01204416F43B0127A495A43543C094B08
:1069D000395028006F42B012425A824B4E134F4832
:1069E000B0120441084B18530F48B012FE360E4F38
:1069F0003EF020CCCB4E01008E10CB4E02000F4853
:106A0000B012FE363FD04100CB4F01008F10CB4F6C
:106A10000200C94A0400C94A0000C94A01000D43E6
:106A20003E4000800F4B3F502E00B0120A37D24339
:106A300048191B424E13B012F0401E4246113E92BE
:106A400002241E930324B0120441153CA2434611B4
:106A5000C24E1C1F824BE212C24AA211B012044164
:106A6000B01230664B4F4F930620B012765A4A4B05
:106A7000023C7A4005004F4A384139413A413B4196
:106A800030410B120A1209120B4D4A4C7C901D002A
:106A9000512CCD4F0B000F4D3F500600CF4E000044
:106AA0008E10CF4E0100B012F0401942D812B01231
:106AB00004410F4B2F52CF4900008910CF490100EC
:106AC000B0123E540E4B3E52CE4F00008F10CE4FB0
:106AD00001000F4B1F53B012FE363FD04088CB4F02
:106AE00001008F10CB4F02004F4A7F500D00CB4F5B
:106AF0000000C29317110824C24317110F4BB012A4
:106B00006C694F9310201A3CC24A3813D2421711B5
:106B10003913824B4C117F401200B0120C41C293CA
:106B200017110A24033CF2431711083CC243E81230
:106B30004F43043C6F43023C7F40090039413A41D6
:106B40003B4130410B120A12091208120712494F39
:106B50000A4E484D5E434E9F25284B4F0B5B3B50E2
:106B60005E138B93000020208B4A00004F4D7F5016
:106B70000D00CA4F00005E921A11192C574A0B00E3
:106B80000F4AB012103CC2491A114C480D4A0E4F20
:106B90004F47B012826A4F930B24E2431A118B4382
:106BA0000000063C4F4E043C7F400500013C4F4333
:106BB0003741384139413A413B4130410B120A12C9
:106BC000091208120712494F084E474D4C4F0C5CF2
:106BD0008C435E135A421A111A535AF34B4A0C4B08
:106BE0000C5C8C935E130A245C42C41C0F4B0F9305
:106BF00003240C111F83FD231CF314244A4B5AE376
:106C00004B4A0C4B0C5C8C935E1309245C42C41CF5
:106C10000B9303240C111B83FD231CF30324E24379
:106C20001A11023CC24A1A115B421A116B93172CBB
:106C30004B4B0B5B3B505E132A4B0F4AB012103C80
:106C40006C4A7C50F3FF0D4A0E4F5F4A0B00B012A6
:106C5000826A4F9304247F401500B0120C414D47C7
:106C60000E484F49B0126C5E3741384139413A41C4
:106C70003B4130410D4F5F421A116F930A2C4C4F2C
:106C80000C5C3C505E132D9C04204D4E2E4CB012DB
:106C9000BC6B30410B120A120912081207124B4F3B
:106CA000B012F040484F5942541339F020000524E7
:106CB000B01204417B400500533CB012323A4F9B66
:106CC0004B205E42071112C34E104E115B4207115A
:106CD0003BF003000B5B0B5B3EF007000E5E0E5EAD
:106CE0000E5E0E5E0BDE0B5B3BD0000257420611C0
:106CF00077D080FFB0122C3A0A4F3AD080005D4224
:106D0000071112C34D104D114D114D114D115C4223
:106D100008111CF30C5C0C5C0C5C4DDC4D4D0F4DF4
:106D20008F103AF0FFF00ADF8D100D5D0D5D0D5DE7
:106D30000D5D3AF0FF0FD24354130F4A0FDDB0122E
:106D4000183A0F4BB012263A4E474F49B0121E3A2E
:106D50009243A6014B49013C7B424F48B01204418B
:106D60004F4B3741384139413A413B4130410B1299
:106D70000A120912081207120612051204122183C0
:106D80004F43B012F2514F9302243040946F5F4250
:106D900006117FF00F00C14F00005A42061112C3C6
:106DA0004A104A114A114A117AF007005842071155
:106DB00078F003005542071112C34510451175F0D4
:106DC00007005642071112C34610461146114611DC
:106DD00046115F4208111FF30F5F0F5F0F5F46DF21
:106DE0001942D814174222191442EA110493B72405
:106DF0000793B5241993B3242993B124B012F0401A
:106E0000C14F01005E4254133EF020000324B01233
:106E10000441A53CB012323A4B4F5F939520379016
:106E2000110001286B535E43099301204E493BF04A
:106E3000030038F00300085808580BD80C453CF004
:106E400007000C5C0C5C0C5C0C5C0BDC0B5B3BD043
:106E500000023EF003008E100E5E0E5E3BF0FFF36C
:106E60000BDE7AF007004A5A4A5A4A5A4A5A6AD1FD
:106E7000B0122C3A0E4F5D43099301244D431DF38C
:106E80000D5D0D5D0D5D0D5D0D5D0D5D0D5D3EF0EE
:106E90007FFF0EDD4D460F4D8F103EF0FFF00EDFF1
:106EA0008D100D5D0D5D0D5D0D5D3EF0FF0FE2423D
:106EB00054138247F01182440C138243E4110F4EA5
:106EC0000FDDB012183A0F4BB012263A0B4337536E
:106ED000053C4E4A4F4BB0121E3A1B530B97032CE6
:106EE0003B900F00F6234E4A7ED080FF4F4BB012EE
:106EF0001E3A1E430B9303240E5E1B83FD23824E1A
:106F0000A60109932224F2D0400054130F43B0127B
:106F1000B637A2D26001B2F0FDFF60011F426001EE
:106F20003FF0FFFC3FD00002824F6001B2F03FFF14
:106F300060018243620139538249720112C3091010
:106F4000824974014943013C79425F410100B0121A
:106F50000441499304204F49B01224541B3C1A4267
:106F600022191B42EA112A921128B012F0401E4247
:106F7000A01C0E9309248B4A00008B4302008E4B09
:106F800000002B53824BA01CB01204417F4007002D
:106F9000B0120C412153344135413641374138411B
:106FA00039413A413B4130410B120A120912081291
:106FB0004F9303245F9351201C3C5E4206117EF0E8
:106FC0000F007E900C000A24B012946C4B4F4F932C
:106FD0000720C24F0E13B01202533F3C7B40060005
:106FE0004F43B0127A590D434E4B4F4DB0128C5552
:106FF000343C1C4290121D4292120E4C0F4D0EF367
:107000003FF30E9302200F931E243A40E8030B43F4
:10701000B012CC92824CD814824DDA14D243681349
:10702000C2430511B012084E824E0A1D824F0C1D3C
:107030005F43B012946C4F43B012F2514F930D2046
:10704000B01234540A3C824CD814824DDA14C24334
:107050006813C2430511B0126E6D384139413A418F
:107060003B4130415F4204117F930224B012A86F6C
:1070700030415F4204117F930224B012A86F304167
:107080001F9303243F9003000320B012647030412B
:10709000B012727030410B121E42081C0E9326244F
:1070A0000C4E3C531D430D9C0928824F081C3D404B
:1070B00014000E436F43B0128A50163C0C4E3C50E5
:1070C000FDFF0D9C0F28B01294594B4F4F93132086
:1070D0001F42081CF2F0FDFFFA138243081CB01295
:1070E0008070093C0E9F05204B43053C7B40090006
:1070F000023C7B4005004F4B3B4130410B120A12D2
:107100000A4F1F42081C0D4F3D531E430E9D0C2875
:107110000A9F5B244F4AB012DA594B4F4F935A20C3
:107120009293081C44203D3C0F931E204F4AB012FE
:10713000DA594B4F4F934E201A930A20E2B30E14A4
:107140004F434F634F9B04243E4046000F43033C94
:107150003E4011000F43B0124451F2F0FDFF0E14F7
:107160002A53824A081C363C0D4F3D50FBFF0E9DB2
:1071700027284F4AB012DA594B4F4F932B20F2F089
:10718000FDFF04141F42081C0E4F2E820A9E06208B
:10719000824A081C0F4AB01280701C3C3F900500C8
:1071A0000620A242081C3E4011000F43063CB2409C
:1071B0000300081C3E4046000F43B01244510A3CF5
:1071C0002A530F9A05204B43053C7B400900023CA3
:1071D0007B4005004F4B3A413B4130410B120A12B4
:1071E00009120812071206120512064E074F354003
:1071F000E8130C430F4C0F5F0F5F0F5C0F5F3F50A6
:10720000E8135F4F08006FB30220304056742845E2
:10721000194502001D4504001E4506000A460B479D
:107220000A880B790B9E022C304056740B9E04206A
:107230000A9D022C304056744A4F5AF30F4C0F5F90
:107240004A9307240F5F0F5C0F5FFFF0FDFFF01301
:107250000B3C0F5F0F5C0F5F0A480B490A5D0B6E1A
:107260008F4AE8138F4BEA137C92022830406474F3
:107270004C4C0C5C104C7872887258737C7364743C
:107280006474C27336744874F2900500CC115C20AB
:10729000C293361148203D4012003E403A133F4011
:1072A0004A1CB012E890E2B34E113B24F240270092
:1072B000361C1F420011C24F471C8F10C24F461C84
:1072C0005F42E7114B4F5B53C24BE711C24F481C63
:1072D000F24093FF491CC243431C1F42081D0F93F9
:1072E0002024BF40361C0000CF430200FF401E0098
:1072F0000300B012C4394F9310205E424E114D4E20
:107300006DF24D9F05247EF010000220B012204245
:107310008243081DD2433611063C7F401100B01253
:107320003442B0127C55C243CC11C293061D0A20D0
:107330003F404013B0129A381F53C24F41138F1071
:10734000C24F4013C243061D4F43B0122A564F93FB
:107350008924B0123C56863C1F42081C3F90030013
:1073600003242F927F20053C9243081CB0126470C6
:10737000793CA243081CB0127270743C1F42081C76
:107380003F90050004243F9006006C20073CB0129B
:1073900094594F9311208243081C643CB0129459B5
:1073A0004F930A208243081C3D4000080E437F5043
:1073B0000300B0128A50563C3D4014000E436F4308
:1073C000F83FC2935A114E24C2935C114B24C293CE
:1073D000FA1B1320B012DA437F401700B0120C41A1
:1073E0001D421C111E421E111D8294121E72961205
:1073F000D243FA1B7F400500DC3F1E421C111F4296
:107400001E110E5E0F6F824E1C11824F1E113C40EA
:1074100000D03D4007000D9F05283F900700082839
:107420000C9E062CB24000D01C11B24007001E1169
:10743000B012D050173CC2935A111424C2935C115D
:107440001124B012DA430E3C7F401000B0123239E2
:10745000B0122042073C1C5335500A003C920224D3
:107460003040F4716F43B0120C4135413641374121
:10747000384139413A413B4130410B124B4F6F93F8
:1074800003283F40A490023C3F4006116F4F4E4FEF
:107490007EF070007E90100003247E9050001C202F
:1074A000F29304111220C24B04117FF080FF0420DC
:1074B000C24FFB1B1F43033CD243FB1B2F43B012A5
:1074C000FC704F930C24F24304114F4BB0124C59F3
:1074D0004F4BB0122A56033C4F4BB012A86F3B41A2
:1074E00030410B120A120912081207120612051275
:1074F00004123150F0FF7F90220002283040208B90
:107500004F4F0F5F104F08754C758075DC75847692
:107510009E76C876F8761E77687778774C786078AC
:1075200012793E794879BA7ACE7AFC7AD48114827B
:10753000AC83EE830484AA851E879E885C89648957
:10754000D689148A4E8A6C8AA68ABA8A3F40CB1C96
:10755000FF430100F243CB1CFF4093FF06005D4256
:10756000BF1C3E40C61C4F43B01200554F9304242D
:10757000B0127C553040208BD24338113040208BE4
:10758000C293331228201A420C1C1B420E1CB0124C
:10759000F0401842F2121942F4121852FC12196209
:1075A000FE12B0120441824A0C1C824B0E1CC243D4
:1075B0003312B012F0408248FC128249FE12824A15
:1075C000F212824BF412814F0E00B012964F1F41FF
:1075D0000E00B0120441B012084E3A3CB012084EF0
:1075E000084E094FB012F6363640E81345433A4389
:1075F0003B40FF7F07430F470F5F0F5F0F570F5F42
:10760000EFB3F01314240C480D492C861D760200AC
:107610001E4604001F4606000E8C0F7D0F9B04388B
:107620000F9B05200E9A032C0A4E0B4F5543175300
:1076300036500A003792DF23459302203040208BDA
:107640001B930A340B9302200A9306200E480F491D
:10765000B012DC713040208B824A0C1C824B0E1C15
:10766000D2433312B012F0408248FC128249FE121B
:10767000824AF212824BF412814F0E00B012964FE2
:107680003040C67A5F424919B0127A591D42001D36
:107690004E435F424919B0128C553040208BB012D6
:1076A000F040D24237120311E2433C11B0120441C0
:1076B0005F4203114F9304245F9302243040208BD8
:1076C000B0127A743040208BF293041102203040C3
:1076D000208BC293FB1B03243F400600023C3F402B
:1076E0000500B01296704F930420F243041130400D
:1076F000208B7F400500A63C5B420511B012F04094
:107700004E4B0E5E0D4E3D50EC118D4300008E4DE4
:10771000A01CB0120441D24305114F4B213C5A42E8
:107720000511B012F040494A0E490E5E1B4EEC1195
:10773000B0120441023C1B4B02000B93FC23B0121D
:10774000F0400D490D5D8D4BEC114E4A0E5E3E50E2
:10775000EC118D4EA01CB0120441D24305114F4ACA
:10776000B01288593040208BB012F0408243EA12A8
:10777000B01204413040208BB012F0404B4FB01299
:107780003C3B92434611C2434811C243F311C243EA
:1077900034124F4BB0120441B012F040814F0E0032
:1077A000B0129A3F92431612C2439C12F2F0FBFFB2
:1077B0002500B012023AE2D22400E2D225001F4195
:1077C0000E00B0120441B012F0404B4FA292401193
:1077D00005207F400300B012CC474F4BB01204414C
:1077E000B012F0404B4FB01290494F43B0129E4937
:1077F0004F4BB01204416F43B012425AD2435A1158
:10780000C2935C110224B012BC4A6F42B0122C39F0
:10781000C29354110224B0122042B012F0404E4FD5
:10782000F2900A001C190924E2929D120624B0125B
:107830000441B0123C563040208B4F4EB0120441F0
:107840007F401900B0120C413040208B4F43B012E2
:10785000425AC2435A116F42B01232393040208B23
:10786000B012F0405A423E11B01204417F40030072
:10787000B01206484F933A24B012F0404B4F824367
:107880004611B0128C37B0120A3AF2F0FDFF1F0019
:107890007F400300B0129E49B01290494F4BB01286
:1078A0000441B012F04082431612814F0E00B01214
:1078B0009A3FB0129049F2F0FBFF2500B012023A55
:1078C0001F410E00B012044182434011B012565ABB
:1078D000B012F040F2F0DFFF1D00B0120441B01210
:1078E000665A7F400A00B0120C41033C6F43B0124D
:1078F000425A1B424E136F43B0127A498293FC1CCA
:1079000002243040208BF24317114E4A0F4B304077
:107910000482B012F0404B4FC2931A1F2923D24366
:107920001A1FA292401105205F43B012BA61304085
:10793000D0897F400D00B0120C413040D089B01288
:10794000F040C2431A1F143FB012F0405B420A11CC
:10795000B01204417B90050002283040208B4F4B31
:107960000F5F104F66797079DE79167A5A7AB27A9B
:10797000B0123A48B012F0404B4FA2934011F82297
:10798000B240030040113E4018007F401D00B0127D
:10799000F24CF2F0EFFF2500B012FA39F2F0EFFFEF
:1079A0002400F2D0100025005F43B012CC473E40C7
:1079B0007F027F401C00B012F24CB012945EB012F5
:1079C000C05E3E40562A7F401700B012F24C3E4047
:1079D000FF807F401500B012F24C3040D089B012C9
:1079E0003A487F400600B012CC47B012945EB01205
:1079F000C05EB012B04DB0129049B0123A487F400C
:107A00000300B012CC47B01290495F43B0129E49B8
:107A10007F400D00173FB0123A48B012F0404A4F75
:107A2000B01224474B4F4F9304244F4AB0120441E5
:107A30000D3C4F4AB01204417F405300B01214393C
:107A40004F4BB01214394F4BB0121439B012904949
:107A50006F43B0129E493040208BB012F0405B4221
:107A60004611B01204416B9208247B920A246B9356
:107A70001C20B012765A3040208BB0125E4C304041
:107A8000208BB0123A48B012FC47B0129049B012A5
:107A9000424AB012F04092434611B01204417F4076
:107AA0000300B012E2483040208BB012424A30400E
:107AB000208BB012D2483040208BB012F040814F62
:107AC0000E00B01264631F410E0030407077B01298
:107AD000F040D2426C191211F24003004411B0126E
:107AE00004415F421211B0121849D29312110224BC
:107AF0003040208B7F400E00304044781D429A1168
:107B00000E4D3E502800674D4F470F5D6D4F4D5D48
:107B10004D434D6DCE4D03006D4F7DF07F00CE4D3A
:107B20000100DE4FFFFF00001B429A110F4B1F5355
:107B3000B012FE360A4FB012F04059423512B01260
:107B4000044149933A240E4A8E103EF0FF0012C3BE
:107B50000E100E113EF003002E9312203B50060033
:107B60000F4BB012FE360A4FB01226480A9F25244A
:107B70000F4BB012FE363F9302243040C0811D3CB3
:107B80003E90030002243040C0819142501902000F
:107B9000914252190400914254190600914256191B
:107BA00008003D420E412E530F4B3F500600B012CD
:107BB000B4900F9302243040C08177900D00022CC6
:107BC0003040C0811B429A110F4B1F53B012FE363A
:107BD0008F103FF0FF0012C30F100F110E4F3EF039
:107BE00003000F110F110F110F113F90030002241A
:107BF0002D43013C3D423E90030002242E43013CB4
:107C00003E423E5006000E5B0A430F4A0C4E0C5F8C
:107C10006C4C0A5C1F530F9DF93B584B0300F24319
:107C2000FE1CB012F0405C42FE1C3E40D0110D43E1
:107C30002A9E0A20CE9802000620C24CFE1CB012DA
:107C400004413040BC814C4D1D532E522D92F023E7
:107C5000C24CFE1CB01204415942FE1CB012F0404E
:107C600079930324C2994A11042059424A115D4371
:107C7000013C4D434E490E5E0E5E8E4AD011CE48F9
:107C8000D2114D9307245E424A115E537EF00300E9
:107C9000C24E4A11B0120441B012F040494F0F4B8E
:107CA000B0121A3C6A4F4F49B0120441044B345091
:107CB0002800C493030002203040BC817A903F002A
:107CC00002243040BC810F4BB012103C0A4FB0125E
:107CD0003E540A9F08240F4BB012103C1E433F93A2
:107CE00003240E43013C1E430A4B3A500C004F4EF6
:107CF0005E4B0B004F930220304030817E9070002D
:107D000007247E90710002243040BC813040067F01
:107D10000F4BB012103C3F933A200F4B3F52B01222
:107D2000FE36084FB012583B494F7F9303245E4AFA
:107D30000100153CB012F23E4A4F4F9913240E48F1
:107D4000B012CA3C0F4B3F500D004D4A0E4D0E5E17
:107D50000E5D0E5E0E5EEE4F6C136E4F4F4AB0120C
:107D6000083D153C7F404100B0120E3F494F4F9AED
:107D70000E244C4F0D4C0D5D0D5C0D5D0D5D1F4DCA
:107D80006A13B012E4430E484F49B012CA3C0F4B7D
:107D9000B012803F4A4F4E4F0F4BB012FA3B064F86
:107DA0007A90050002243040BC810F4B3F52B01244
:107DB000FE360A4F7E401A000F4BB012FA3B084FB6
:107DC000644F074617530F47B0129A383F938F24DA
:107DD000365003000F46B0129A380F9325200F4AF1
:107DE000B012583B494F7F931C20B012F23E454FD2
:107DF0004F9902240E4A133C7F400A00B0120E3FF6
:107E0000494F4F950E244E4F0D4E0D5D0D5E0D5D8D
:107E10000D5D1F4D6A13B012E4430E4A4F49B01274
:107E2000CA3C0F4AB012DA3B0F46B0129A38094FDB
:107E30000F47B0129A38074F0F4AB0127C3B064FDB
:107E40000F4AB012563F4D4F7F900A002C245F928C
:107E5000F2111A2036903200262C4C4F0C5C0C5C30
:107E60000C5C0E4C3E5040128E4A00008E470200C1
:107E70008E4904003C504612DC430000CC43010014
:107E80005D53C24DF2110F3C4D4F0D5D0D5D0D5D0B
:107E90000E4D3E5040128E4A00008E4702008E4921
:107EA0000400DD434612C2931B1121204F447FF092
:107EB000400059437F904000022459421B110F4A51
:107EC000B012563F5F92F211062C4D4F0D5D0D5DC5
:107ED0000D5DCD494712C293071C02244993052426
:107EE000829A021C042049930224B012DA436F489C
:107EF0007FF080FF7F9080FF02243040BC81B01271
:107F000034513040BC81054B35501300E1450A0027
:107F1000094B39500D0066495653C94600000F4BB6
:107F2000B0125A3C084B385012004C460D4F6E4868
:107F30007F402100B012A0427750F3FF77901D00E0
:107F400002283040BC810F4BB012643C5F92CD11CF
:107F5000042C7F4028003040188B56425411469321
:107F60002E240F4B3F501000B0129A38814F0C0056
:107F700076534E465E5250117F400C004F9E022CAD
:107F80007E50F3FF4E4E0E5E1E4EE01B274E3750C6
:107F90000C002F4E3F501000B0129A381F910C0069
:107FA0000B20E79806000820E79901000520E795D7
:107FB000070002203040148B4E43469ED923C293C3
:107FC000CE1118246D4B7D50EBFF6F4B7F50F3FFAC
:107FD0007F901D0002280E43043C0E4A0A930124A0
:107FE0003E52F19093FF0A00E9200F4BB0127656F3
:107FF0000B4FE43C5D424D134D9303207F40100036
:108000008F3C5C424C134C9303207F401600883C0D
:108010005F42FA1C4E4F0E5E3E501E1F294E8E438D
:1080200000007C53C24C4C135F53C24FFA1C7F902C
:108030000C000320D242CE11FA1C099304207F4089
:1080400053003040188B5F42EC124E4F0E5E3E5094
:108050002619274E8E4300007D53C24D4D135F53AA
:10806000C24FEC127F900C000220C243EC12079327
:1080700004207F4054003040188B3D4034000E43B4
:108080000F47B012EC913D400C000E430F44B0126C
:10809000EC91894B0000F9430200F9401E000300F7
:1080A0000F49B012C439464F4F932A200F41B012E6
:1080B000A83B4F961C200F4A2F53B0129A38819F2D
:1080C00000001528B01234513E4080000F4EB0120F
:1080D00050510F4BB012103C0A4F0F4BB0125A3C8C
:1080E0000C4A0D4F6E487F401800B012A042E2B318
:1080F00036144F434F634F931920B0122042163C61
:108100000F47B01268394F9304247F405100B012DA
:1081100034420F49B01238394F9304247F40520043
:10812000B01234427F4011003040188B0B47463C60
:108130007E90710043206F4A7FF080FF7F9080FF28
:108140000220B0123451FA9093FF07003720084AFA
:108150003852B012F040F2E020003100B012044179
:108160000F48B0129A38094F3F403A13B0129A386C
:108170000F99112CC2493B138910C2493A130F4A77
:108180003F500A00B0129A38C24F3D138F10C24FB1
:108190003C13B012C8510F483F500600B0129A3835
:1081A0000A4F3F404013B0129A380F9A072CC24A28
:1081B00041138A10C24A4013D243061D824B9A11C2
:1081C000B012F040C2439C12B0120441B012F062EF
:1081D0003040208B5B42E8125B9217110220304046
:1081E000208BC24B17114B9311201F424C11B01220
:1081F0006C694F9B02203040208BF24317114E4F89
:108200001F424C11B012746C3040208BF243171196
:108210003040208B5F424E117FF010000320C29F40
:10822000541103207F405000143CC293CE11032010
:10823000B293021C05240F41B012A83B4F930D24AA
:108240003D4010270E437F400700B0128A507F4008
:108250001200B01234423040208B5F4250110F5F49
:108260001B4FE01B2A4B684A1942021C0F4AB012EE
:10827000643C5F92CD111C2C7F402A00B012344226
:10828000B01298392F4BB01268394F9304247F40B5
:108290005100B01234420F4BB01238394F930424BE
:1082A0007F405200B0123442B01220423040208B46
:1082B000C293CE112B245A4A13003D4034002E4B5A
:1082C0001F420213B012E8901F4202136D4F7D50FF
:1082D000EBFF6E4F7E50F3FF7E901D00052C0E4F7E
:1082E0003E500C000320053C0E43033C0E4F3E5015
:1082F00014007A9093FF0220B0127656824F021338
:108300004E432F4BB0127C5C3040208B2F413A50B3
:108310000E00CA4F01008F10CA4F00002F4B3F5074
:108320000C00FFF03F0000002A4B0F4A1F53B01211
:10833000FE363FD02000CA4F01008F10CA4F020006
:108340007F42B0122C39D2B34E1109242F4B3F502B
:108350000C00FFD0400000005F43B01232392E4BBA
:108360000F4E3F500600CF4900008910CF49010051
:10837000FE4071000B004D487D50F3FF4F43B0129B
:10838000446B4F9306207F501000B0122C393040C0
:10839000208B6F9302243040208B2F4BFF4029000D
:1083A0000000B01220427F401700533FC293C41C0C
:1083B00002203040208B3B405E1349435A435F42CA
:1083C000C41C4E4A4EFF0B242E4B8B4300004FCA59
:1083D000C24FC41C7D4003004F49B0126C5E59531C
:1083E0002B53799202203040208B4A5AE83F5F425B
:1083F0001A114E4F0E5E5D431E4E5E13B012BC6BE3
:108400003040208BC293CE1102243040208B374362
:1084100008470B43464B354031002C3C4A460A5A2C
:108420000A5A0A5A094A395040121F4902003F931A
:1084300020241F923E191D2424490F44B0127C3B76
:108440001D4904000E4F0E5D3A5046121492021C54
:108450000720824D041CD24A0100071C074E093C2C
:10846000CA9301000620059F04280E98022C0B4990
:10847000084E56535692F211D12B389389243793D4
:108480000E24C293071C06241F42041C3F500A00FE
:10849000089F05280F483F500F000F97792C9253E3
:1084A000A21C8263A41C164B0400254B92538E1110
:1084B000C29332123A24B012DC380A4F094F3950B5
:1084C0000C0033245D424A190E430F49B012EC915F
:1084D000F940310000000F4A3F500D00CF45010028
:1084E0008510CF4500002F53CF4601008610CF46A0
:1084F00000002F53CF4801000E488E10CF4E0000D1
:108500001E428E112F53CF4E01008E10CF4E000011
:108510000F4AB012A6384F930320B0122A42053CEE
:10852000925390110F4AB012F4371F42021CB0123E
:10853000583B7F9309244F4F0E4F0E5E0E5F0E5E29
:108540000E5EFEF0F7FF6F132F4BB012DA3B2A4B93
:108550000F4AB012583B7F930C244F4F0E4F0E5EC4
:108560000E5F0E5E0E5E3E507413CE430100CE438E
:108570000000824A021C924B0400041CD24B0700EC
:10858000071C0F470F883F9015000228B012345186
:10859000C293601106203793042008970224B0127A
:1085A0002042C24360113040208BC2935E110224EE
:1085B0003040208B1F42F612CF4300001E42021CA7
:1085C0001F42F6121F53CF4E01008E10CF4E0000F7
:1085D000C293CE110C241E42041C1F42F6123F50BF
:1085E0000300CF4E01008E10CF4E00001E3C1F42F4
:1085F000021C1B42F6123B5003003F930D201F420A
:10860000041CCB4F01008F10CB4F00001F42F6120D
:10861000FFD080FF0000093CB0127C3B1F52041CBD
:10862000CB4F01008F10CB4F00001A42F6120F4AB9
:108630003F500300B0129A380B4F0F4A1F53B0122D
:108640009A380D4B0E4F7F403300B01242437E42AA
:108650003F409E12B012FA3B3F5005000843474886
:108660004948764006005C4258111C530C583A4069
:108670000A00B01296924C4E0D4C0D5D0D5C0D5DD6
:108680000D5D5C4D6F133CF003003C900300132024
:108690001A4D6A134B490C4B0C5C0C5B0B4F0B5C7B
:1086A000CB4A01008A10CB4A00003D507013EB4DBD
:1086B00002005953474E3890090003241853469935
:1086C000D22FC24758115F4256114D4F5D53C24DD4
:1086D0005611C24FAB124E497EF00F00C24EAA1285
:1086E000F243A412F243A512F2407000A9124D49C0
:1086F0004D5D4D597D5007003E409E125F43B012C4
:10870000446B4F930420D2435E113040208B6F9214
:1087100002243040208BC2435A113040208BB012CB
:10872000F040C2430E1D5A421C195B437A92012449
:108730004B4359437A900900012449434B9302204B
:10874000499B0724C2431C195E42E2130E5ECE43CE
:108750000813B01204414B930220499B1F24B0120E
:10876000F040D253A61CF2904300FA120E205E4253
:108770005713C29E56130D245E53C24E57137E905C
:1087800006000728C2435713043C4A4B5AE35B4395
:10879000023C4B434A4BB0120441033C4A995420DB
:1087A0004B4AB012F04058426211B0120441489353
:1087B0000824B012F040F2400A001C19B012044123
:1087C000363CB012F0405942081357420A13B01217
:1087D0000441B012145F4F981B20499F1920B0121A
:1087E000F040484FE2430813B012145F4F99042041
:1087F0005E425713594E5813C2490913F2404300C1
:10880000FA12C243E2134F48B01204415943103CDC
:108810004F477F535943499F0A28B012F040F24016
:108820004500FA12C249E213B0120441013C494327
:108830004B930A24B012F040C24A7011B0120441A6
:108840007F401C00B0120C41B012F0404B4FF29030
:108850000A001C190320B012CA41BA3CB0120441EC
:10886000499302203040208BB012F0408243361FE3
:10887000C243F112D2431C19B0120441B0120C6071
:108880004F9302203040208BB012F040F24009009C
:108890001C19B0120441B01250443040208BB01269
:1088A000F040C29380112D20E2438011D243DE12AA
:1088B000B0120441B012F0404B4FE2932A11122043
:1088C0005E4280115E9305207F401E00B0120C4175
:1088D000093C6E930720D242DE122A11F2400300B7
:1088E0008011013C4F4BB0120441D2932A11052054
:1088F0005F422A11B012305F063CB012F040C24312
:108900008011B0120441B012F040C2431C19C2439E
:108910009D12B01204413F403E13B0129A380C4FE2
:108920003A40F401B0127A920E9315201F42021CB5
:10893000D243CE1192423E19021C824E041C3F9338
:108940000220B01220421D42041C1E42021C7F4025
:108950003100B0124243B012C851E23C7F401B00CC
:1089600030404478B012B25F4F93DA2482939A1267
:10897000D7208293041DD420B012F0404B4FF290C8
:10898000030080112520D2932A1122205D42281154
:108990007D9318244C4D0E4C3E50C01C6F4EC24F60
:1089A00028117F930220C24F2911FC43C01CC24DE5
:1089B000DE12F2432A11D24380117F401E00B01212
:1089C0000C41043CE2432A11C2438011B012D4404E
:1089D0004F4B3040707782436A11B012F0405B42D7
:1089E0007011B0120441C293721102247B40030043
:1089F0001D426811C293741193205F4232116F932C
:108A00008F2C4E4F0E5E3E50321C2D9E89204D4BBA
:108A10002E4E503CB012F0401A427A115B42EE11D9
:108A2000B0120441B012F0404E4B0E5E8E4A22113D
:108A30005E4264114B9303247EF0FBFF023C7EF008
:108A4000FDFFC24E6411C243761130407077B01200
:108A5000F040D242DE122A11F24003008011B0121F
:108A600004415F422A11B012305F5A3CC293F012A7
:108A700057243B40321C49435A435F42F0124E4A4E
:108A80004EFF0B242E4B8B4300004FCAC24FF012F7
:108A90007D4003004F49B012345759532B537992FC
:108AA0003F244A5AEA3F5F4232114E4F0E5E5D4309
:108AB0001E4E321CB012E057333CC293BE1C302015
:108AC000C2938C112D245F4288110F5F1B4F10132E
:108AD0005D424A190C4B3C500500FC430100FC432D
:108AE0000000FC40720006000E4B5F43B0120055C0
:108AF0004F930320D243BE1C133C92539211B012E9
:108B000024380F4BB012F437C2938C110924B012E1
:108B10002A42063C7F402900B01234423040BC81DA
:108B200031501000344135413641374138413941E7
:108B30003A413B413041B012A83A7F930424B0122D
:108B4000E2745F4330414F4330410B125F93292061
:108B50008293EA120A245F4205110F5F8F43A01C23
:108B60007F400700B0120C411C3C1B42101C824B82
:108B7000EA121E42EA110F4E8F108F118F108F11C3
:108B80000C4B0D4B8D108D118D108D110E8C0F7D9A
:108B90000F110E10824EC21C7F42B0120C41B01257
:108BA0006E6D0F433B4130410F120E120D120C122D
:108BB0004F43B012B6363C413D413E413F41B1C00A
:108BC000F000000000130F120E120D120C121F42C3
:108BD0002E0112C34F10B012B6363C413D413E410A
:108BE0003F41B1C0F000000000130F120E120D1231
:108BF0000C124F43B0124E663C413D413E413F4155
:108C0000B1C0F000000000130F120E120D120C1272
:108C10001F421E0112C34F10B0124E663C413D412F
:108C20003E413F41B1C0F000000000130F120E1290
:108C30000D120C120B121F42A8013F900500052CCB
:108C4000B0122C3A3FF0800002244F43013C5F43B6
:108C50005E4254133EF01F003E533E901000972C8E
:108C60000E5E104E668C868C988C8E8DEA8C8E8D66
:108C70008E8D8E8D628D8E8D8E8D8E8D8E8D8E8D48
:108C80008E8D8E8DAA8CB0120E401E4240015F4226
:108C9000E211B0125C527D3C1E4240015F42E21183
:108CA000B0125C524F937524723C1F42E4110F5F67
:108CB0001F520C130D434E4D0E5E9F4E400100009F
:108CC0002F531D535E4238120D9EF52B1E52E41198
:108CD000824EE411829EF0110520B0120E408243B4
:108CE000E411573CA2D3A001543C1C42E4110E4CA9
:108CF0000E5E1E520C131D42F0110D8C0C4D3D40AA
:108D000010000D9C012C0C4D0B434D4B0D5D9E4DE9
:108D1000400100002E531B530B9CF72B1C52E411F7
:108D2000824CE4114F9304201E42F0110E9C092046
:108D3000B0120E408243E4115F42E211B0124A8B3E
:108D4000283C0E8C3E901000242CB012CC3A4E4F92
:108D50007ED080FF5F42F0115F82E411B0121E3AB4
:108D6000183C1D420C134E434F4E0F5F9D4F400168
:108D700000002D535E534F4E1F92F011F52B5F42B2
:108D8000E211B0124A8B824F0C130F930220B012E3
:108D90000E403B413C413D413E413F41B1C0F000AE
:108DA000000000130F120E120D120C120B12218371
:108DB0005F4225005FF223004F4F814F00002F419B
:108DC0001FF30424F2F0FEFF2300593C2E412EF342
:108DD0000E9F0424F2F0FDFF2300513C2F412FF29F
:108DE0000F9E0D24B012023A929316120520A24350
:108DF0001612B012CA62433CD2533612403C2B4189
:108E00003BF20B9F0424F2F0F7FF2300383C2F4184
:108E10003FF010000F9B1924B012FA39A242401102
:108E2000F2F0EFFF2500B012FA390E4B7F401D0023
:108E3000B012F24CB012B04DB0129049B0123A4894
:108E40007F400900B0120C411A3C2E413EF0200038
:108E50000E9F0424F2F0DFFF2300113C2F413FF06E
:108E600040000F9E0424F2F0BFFF2300083C2E4177
:108E70003EF080000E9F0324F2F07F002300215378
:108E80003B413C413D413E413F41B1C0F00000000B
:108E900000130F120E1221835F422D005FF22B0090
:108EA0004F4F814F00002F411FF30424F2F0FEFFCB
:108EB0002B003B3C2E412EF30E9F0424F2F0FDFFCD
:108EC0002B00333C2F412FF20F9E0424F2F0FBFFC6
:108ED0002B002B3C2E413EF20E9F0424F2F0F7FFB4
:108EE0002B00233C2F413FF010000F9E0424F2F092
:108EF000EFFF2B001A3C2E413EF020000E9F042471
:108F0000F2F0DFFF2B00113C2F413FF040000F9E9D
:108F10000424F2F0BFFF2B00083C2E413EF08000FD
:108F20000E9F0324F2F07F002B0021533E413F416E
:108F3000B1C0F000000000130F120E120D120C123F
:108F40005F4203001FF333245E4266005F428011DC
:108F50004F932D244F3C5F422A115F9328201D42DE
:108F60009A120D930E241F42A0140D5FCD4E0000E7
:108F70001F53824FA0141F92E413192882439A12A0
:108F8000163C7E907E0002204E4D0F3C7E907D0070
:108F90000320E2D37E110B3CE2B37E110524F2F0F4
:108FA000FDFF7E117EE020004F43B01278445F4207
:108FB00003002FF226245E426E005F4244114F935D
:108FC00020241C3CD29312111C201F42D6140F9354
:108FD00004241F52021DCF4EFFFF92925213021D16
:108FE000032CB012B0460D3CF2F0FBFF0100B012B2
:108FF0006463073C7F900300DA23AD3F7F9003005A
:10900000E1273C413D413E413F41B1C0F0000000FD
:1090100000130F120E120D120C125E4203005F427B
:1090200003001FF32EF30FDE0F9321245F42801104
:109030004F931D24283CD2932A111920F2F0FDFFF2
:109040000300C2939C110F201F42E0121F9240198F
:109050000A2C1E42041D0E5F6E4E1F53824FE012FB
:10906000C24E6700043C8243041DB0124E605F4252
:1090700003005F4203003C413D413E413F41B1C0DE
:10908000F000000000137F900300F123D43F0400A0
:109090003B0080030000100050009000D000F00062
:1090A0000C0000000C0000001B01040000009CFFED
:1090B000020008000B120A120D9312240C430B4FEE
:1090C0000B5C6A4B0B4E0B5C6B4B4A9B04244F4A68
:1090D0004E4B0F8E063C1C530D9CF1230F43013C5D
:1090E0000F4D3A413B4130410B120A12091208124E
:1090F0000D9377240B4F0C4E0F9E73240F9E342C30
:109100000A4E0ADF1AF31A240CEF1CF308201C4342
:109110000C9D062C0B4E0BFC2C430C8B013C0C4D78
:109120000D8C0B430A4F0A5B094E095BEA490000AC
:109130001B530C9BF7230B4F0B5C0C5E0E4D12C3A5
:109140000E100E930C24084E094C0A4BAA4900003D
:1091500029532A533853FA230E5E0C5E0B5E1DF31F
:109160004024EB4C00003D3C0E5D0C4F0C5D0B4C65
:109170000BDE1BF31B240B4C0BEE1BF306203D9068
:10918000030003280B4E1BF3013C0B4D0D8B0A4BC8
:109190003A533BE31B530C5B0E5B0B4C0B5A094ED3
:1091A000095AEB4900003A533A93F7230A4D12C388
:1091B0000A100A931124084A094E0B4C29832B8369
:1091C000AB4900003853FA230B4A0B110B430B1029
:1091D0000B8A0B5B0E5B0C5B1DF30324DC4EFFFF65
:1091E000FFFF384139413A413B4130410B120A12ED
:1091F000091208120B4F3D900600082C043CCB4E80
:1092000000001B533D530D93FA231E3C4A4E0A9314
:1092100003240C4A8C100ADC1FB305243D53CF4EA7
:1092200000000B4F1B530C4D12C30C10084B094C84
:10923000884A000028533953FB230C5C0C5B1DF358
:109240000D990224CC4E0000384139413A413B414E
:109250003041064307430A430B433040F6924EEE3B
:109260007B400900053C0D104E6E4E9A01284E8A37
:109270004C6C0D6D5B83F72330410EEE3B401100CB
:10928000053C0D100E6E0E9A01280E8A0C6C0D6DA9
:109290001B83F72330410D433CB0008003283CE39F
:1092A0001C532DD23AB0008003283AE31A533DD222
:1092B000B0127A920D102DB204283EE31E533CE307
:1092C0001C533DB202283CE31C5330410FEF0EEE1D
:1092D000394021000A3C08100E6E0F6F0F9B0528C5
:1092E00002200E9A02280E8A0F7B0C6C0D6D086806
:1092F0001983F12330410F430E430D430C43824841
:109300003001824438011C423A0192423C013A0148
:1093100092423E013C018248340182453801824933
:109320003401824438011D423A0192423C013A0123
:1093300092423E013C018245380182483401824616
:109340003801824A3401824438011E423A01924275
:109350003C013A0182453801824834018247380194
:109360008249340182463801824B340182443801FB
:109370001F423A010C4C0D4D0E4E0F4F3041001361
:10938000010001FFFF011B010400FF0002006880D3
:10939000FFFF0200010022FFFFFF0201800000002A
:1093A000FF0038146C143814FFFF020004003B0067
:0493B0008000020037
:10FFC000B236B236B236B236B236B236B236B236F1
:10FFD000B236B236B236B236B236B236B236B236E1
:10FFE000B236B236A48D928EB2362C8C1290388FE7
:10FFF000C68BA88BB236B236088CEA8BB23600318B
:0400000300003100C8
:00000001FF
