:10310000314000311542200175F335D0085A3F4057
:103110002E000F930724824520012F839F4F86881E
:103120000011F9233F40720A0F93062482452001C3
:103130001F83CF432E11FA232183B012863C4B4FBD
:103140003D4023003E40FF003F40C211B012F286D6
:10315000F243E11AF243731BB240805A2001A242AB
:10316000600182432E01A242800182431E01F2933C
:10317000FD100924C2435600D242FD105700D2422E
:10318000FC105600083CC2435600F2408DFF570029
:10319000F24088FF5600F2D080FF5700F2F0FDFFAA
:1031A000000082437001B24002026001824390013C
:1031B000B240020180011F4260013FF0CFFF3FD0CB
:1031C0002000824F60011F4280013FF0CFFF3FD0BF
:1031D0002000824F8001F2D030005700B2400051F1
:1031E0006601B240240260010D433F40A10792B343
:1031F0006601FD27B2F0FEFF66011E4276010E8DCC
:103200001D4276013E90A1071C240F9E0D2CF25307
:103210005600F2935600EB235E4257003EF00F003B
:10322000E627F2535700E33FD2535600E0235E42B5
:1032300057003EF00F003E900F00D927D2535700A1
:10324000D63F8243660182436001F2F0CFFF570010
:10325000F2D010003200F2D040003200F2D0200054
:103260003200F2D010003100F2D040003100F2D034
:1032700020003100B0123C804F93FC233A40761B73
:103280000D430C4D0C5C0C5D0E4C0E5E0E5E0E5E26
:103290000E5E0E5C0E5D3E50A8138A4E00001D535C
:1032A0002A533D901400ED23C24DCE12C243241B7D
:1032B0003A40CA170D430C4D0C5C0C5D0E4C0E5E73
:1032C0000E5E0E5E0E5E0E5C0E5D3E5020188A4E47
:1032D00000001D532A533D900A00ED23C24DCF122A
:1032E000C2439212F243EA1AF243EB1AC243B212F9
:1032F000C243B412C24DB817C2439712C243A612BA
:10330000C243E41A82439E1BC2436D1BC243ED12AB
:10331000B012C439C243D912C243D812F243FD11CC
:10332000B2439A11C2439C11B2439E11C243A011F1
:10333000B243A211C243A411B243A611C243A811C1
:10334000B0127C46C24E291A1F4200111F53824FF1
:10335000801282438212B240AC1A8E11F2F0EFFF5B
:103360002200B012BE39F2F0FDFF1E00B01262372B
:10337000B24000408801F243A412F243A512C243B6
:10338000E217C243E317C243E417C243E517B01282
:10339000BE39F2D040001E00F2D020001E00B01254
:1033A000784F824FAC12B0129C39824CEE17824D8E
:1033B000F017824EF217824FF417D242161176128E
:1033C000C2437712F2401F00E017F2401A001F18A4
:1033D000B0129C39824CEE17824DF017824EF217D4
:1033E000824FF4173E40EE170D4E3D5007006F4ED2
:1033F000EE4D0000CD4F00001E533D533E90F2179E
:10340000F623D243F011C243671BD2437912C24361
:10341000E917B2400612F211C243401AB2403A1202
:10342000F411C243411AC243FC11C24388128243C1
:103430003811C2436C1BB2438A1282439812B243C2
:103440008C1282439A12B2438E1282439C12B24370
:10345000901282439E12C2439611B243A01382433C
:10346000BA17B243A2138243BC17B243A4138243D8
:10347000BE17B243A6138243C017B2439613B2409D
:10348000FF7F2A1AB240FF7F8C11F243D212B24062
:10349000FEFFBE1182436E1B8243B811B240200072
:1034A000EE11C243B411B240B611E21AC243F01297
:1034B000B0127C39B01266393FD00C00B0125239CC
:1034C000B012CC36B24000408201B0123C804A4F6C
:1034D0004F93FB234F4BB0129A3C32D2C24ABF12D9
:1034E000E242BE121F420011C24FC1128F10C24FE2
:1034F000C012C24ABD12C24ABC125F43B012865803
:103500004F9A1920B012863C829346110324B012C0
:103510009A3C1C3C92434611B0129A3CB012863C35
:10352000F2D020001D00B0129A3C3E4014000F4320
:10353000B01234480B3C6F43B01234444A4F4F939F
:103540009D205F43B01234444F9A9824C243EA113D
:10355000B0127C465A42EE118A100A5A0C4E0D4F98
:103560000A5A0B43B012D2870D4E0E4F7F40050012
:10357000B012DA4CC243E71AF2400900E81782435E
:1035800084118243801182438211824388118243D5
:10359000861182438A116B42B012863C494F623CCD
:1035A000C293021153241D4262013DF010000C2011
:1035B0001E4264013EF010000E9D06201F4266016F
:1035C0003FF010000F9E07241F4260013FF00003F0
:1035D0003F90000219245E4261003EF0C0001420BA
:1035E0005D42D1003DF0C0000D9E0E205E4269009C
:1035F0003EF0C0000E9D08205D42D9003DF0C000A5
:103600000D9E02206E42013C6E43B2B01000A0013C
:1036100018241D42A2013DF0100005241E42A20103
:103620003EF212240D3C1F42A2013FF000040F9D08
:1036300008241F4260013FF000033F900002012078
:103640006E434B9E012C6E42C24E2E115E422E11D5
:103650000E5E1E4E9A853ED2814E000022D132C2AD
:1036600003430343B012E2394A4F7F9399274F49EE
:10367000B0129A3C4F4AB012266F8E3FB012FE51E4
:10368000653F32D0F000FD3F304084885F930E24C8
:103690004F9303246F931920113C1E4262018E1038
:1036A0005EF34E9F12241F42720130411F4264019B
:1036B0008F105FF30A241F42740130411F426601DC
:1036C0008F105FF302241F4276013041B2F0EFFF0A
:1036D000820130415E4F01008E106F4F0FDE30418E
:1036E0000B120A120A4D0B4ECF4D03000C4D0D4E1E
:1036F0008C108D104CED0CED7DF3CF4C0200CF4EB5
:1037000001008E10CF4E00000E4A0F4B3A413B4154
:1037100030410B120A120912094F5C4F03000D438E
:103720006F490E4D3FF0FF008F100EDC0FDD5D493D
:1037300001000C430EDC0FDD5A4902000B4C4BEA32
:103740000BEA8B107AF38A100EDA0FDB39413A411B
:103750003B4130415E421C006EF35F4301204F4EFF
:103760003041B2F0EFFF88013041B2F0FDFF84013B
:103770003041B2F0FEFF840130414F930324D2D395
:1037800069003041F2F0FEFF690030413E406001C7
:103790000F5F0F5F0F5F0F5F3FF030002D4E3DF06A
:1037A000CFFF0FDD8E4F00003041824F640130416A
:1037B000D293121108205F421211F29003004A11B5
:1037C00003244F4330414F4330415D42CE127D9040
:1037D0001400112C4E4D5C42241B0E5C3E901400D4
:1037E00002283E50ECFF0E5E8E4F761B5D53C24D9D
:1037F000CE124F4330415F4330415D427A114F4D0D
:103800000F5F1F4FF6175E427E114E930B245D53E0
:10381000C24D7A117D9014000220C2437A117E536A
:10382000C24E7E1130414F930324D2D36100304108
:10383000F2F0FEFF61003041F2F0FCFF0100304188
:103840005E4F01006F4F8F100FDE30415D42CE1290
:103850004D9316245C42241B4E4C0E5E3E50761B4C
:103860002F4E8E4300007D53C24DCE124E4C5E5300
:10387000C24E241B7E9014000420C243241B3041FE
:103880000F4330415D427E117D901400142C5C4248
:103890007C114E4C0E5E8E4FF6174F4C5F53C24F4D
:1038A0007C117F9014000220C2437C115D53C24DF5
:1038B0007E114F4330415F4330410B120B4F1F537A
:1038C000B012D4363FD02000CB4F01008F10CB4F29
:1038D00002004F433B413041C24F6F005F42030043
:1038E0002FF2FC27F2F0FBFF03005F426E00304135
:1038F0003F500600B012D43630415D42CF127D9069
:103900000A00112C4E4D5C4292120E5C3E900A0051
:1039100002283E50F6FF0E5E8E4FCA175D53C24D11
:10392000CF124F4330415F4330413F501000B0123F
:1039300040383041F2F0EFFF23003041F2F0FBFF5E
:1039400023003041B2F0EFFF840130411F42A0015B
:103950003041824FA00130414F4FCF4E8000304167
:10396000824FA2013041B0124C393041E2933611FE
:1039700003205F42031130417F4330411F42A201C7
:10398000B2F0F9FFA201B2F0FCFFA001B2F0EFFF2C
:10399000A0013FF0060082DFA20130410B121B4262
:1039A00000110F4B8F104B4B8B104F4F3C400012B0
:1039B0003D406D4C3E404F000FDB3B413041D2D388
:1039C0001A003041C243451AC243441AE2426F1200
:1039D000C243C817C2434C1AC24374128243EA124C
:1039E00030415F42E11A7F930D244D4F0E4D3E5002
:1039F000C2116C4EC24CE11A7C930220C24C731B64
:103A0000FD43C21130414F4F5F4F800030411F4294
:103A10009001013C0F4E1E4290010F9EFB2330414E
:103A20000B124B4FB0124439E2D31F00B012723761
:103A3000B0126A374F4B4F5F4F5F4F5F4F5F4F5F23
:103A40004F5F4F114F114F114F114F114F114F4FEA
:103A50008F100F5F0F5F0F5F0F5F0F5F0F5F3E40B5
:103A600084013FD000018E4F0000BED01000000046
:103A70004F433B4130415F43B012203A3041CF4386
:103A80002D000D433E4000803F502E00B012E03626
:103A900030413F500600CF4E00008E10CF4E010047
:103AA00030410B120B4F1F53B012D4360E4F8E10F5
:103AB0003EF0FF0012C30E100E110D4E3DF003003C
:103AC0000D5D1F4DB2850E110E110E110E110E5E01
:103AD0001E4EB2850E5F3E5006000F4B0F5E3B41FF
:103AE00030413F500C00B012403830414F4F3E4003
:103AF00082000E8F021232C20343824E3201824E86
:103B000038011F423A01324112C30F100F110F1139
:103B1000021232C20343824F3201824E38011F42E9
:103B20003A01324112C30F100F1112C30F1030416E
:103B3000F24080FFB011C2436E12C243E51AC24385
:103B4000E01AC243F11130417F922B2C4F4F0F5F8F
:103B5000104F543B643B6C3B743B7C3B843B8C3B45
:103B6000943B9C3BF2F0FEFF37003041F2F0FDFF4A
:103B700037003041F2F0FBFF37003041F2F0F7FF41
:103B800037003041F2F0EFFF37003041F2F0DFFF55
:103B900037003041F2F0BFFF37003041F2F07F00D4
:103BA000370030410B125F42D6123FF04000032431
:103BB0000F43B0128C374F43B012063A7FF00F001C
:103BC000B012483B5F42D6123FF010000D245B4319
:103BD000083C4F4BB012063A7FF00F00B012483B42
:103BE0005B535B92F711F52BB0127C398243A8012D
:103BF0008243A401F2F0DFFFD6123B4130410D4F6A
:103C00008D104D4D3FF0FF008F100DDF4E4E0DEE2D
:103C10004E4D12C34E104E114E114E114E4E0EED22
:103C20000F4E3FF0FF008F100F5F0F5F0F5F0F5FB2
:103C30000FEE0E4F3EF0FF000E5E0E5E0E5E0E5E4D
:103C40000E5E0FEE30415F43B0127A373F401B00EB
:103C5000FFF0FDFF0000FFF0FBFF0000FFF0F7FFAB
:103C600000004F43B0127A3730415F43B01226381C
:103C7000B01238383F401B00FFF0EFFF0000FFF0AC
:103C8000DFFF000030410E4232C2034303433EF2E5
:103C90005F430E9301204F4E30414F93012432D2A7
:103CA00030410B124B4FB012863C4E4BFE93C2116B
:103CB0001120C29B731B0E24F293E11A0320C24B06
:103CC000E11A043C5E42731BCE4BC211C24B731B04
:103CD0004B43023C7B400500B0129A3C4F4B3B41AA
:103CE0003041C29368112E204F932C20D24368118B
:103CF000D2421B116A115E4256115EF3C24EBA11D6
:103D0000924220116C11D24258116E115E4256112E
:103D10005EF35D434E9F01244D4F4F4D5FF35E4276
:103D200056117EF0FEFF4EDF4F4D0F5F924F1C117C
:103D300020117EF0E7FFC24E56117F401E00B012E8
:103D4000A23C30415E4256115EF35F42561103249D
:103D50007FF0FBFF023C7FF0FDFFC24F5611304168
:103D6000F2900A00B8170320E2926F120324D243A4
:103D7000541130417F401B00B012A23CC243541189
:103D80003041E293121113205F424A115F930520E4
:103D90007F501300B012A23C083C6F930A20D2421D
:103DA0001E181211F24003004A114F4330415F4385
:103DB00030415F4330417F402200B012A23C30418D
:103DC0000B120A120912494F92538011C293CE125C
:103DD0002824B0124C380B4F0A4F3A500C002124C3
:103DE0005D42E8170E430F4AB012F286CA4900003E
:103DF0001E4280110F4B3F501300CF4E01008E101A
:103E0000CF4E00000F4BB01284384A4F4F9304201E
:103E1000B012B63D4F4A063C925382110F4BB0127E
:103E2000CA375F4339413A413B4130410B120A12D4
:103E3000091208120712094F4B4EC29342117B2000
:103E40000A4F3A500C000F4AB01240381F9200112E
:103E50005D244B9369200F493F52B012D436074F6F
:103E60000B43084938500E008B978A120B200F48DD
:103E7000B01240388B9F981205207F402A00B01264
:103E8000C03D593C2B533B92EF2358426C1B0B48CF
:103E90000B5B8B478A120F4A2F53B01240388B4F5F
:103EA0009812185378F00300C2486C1B0F4AB012E6
:103EB0004038074F0B43084A28528B97A013112014
:103EC0000F48B01240388B9FBA170B20B240FF7FCB
:103ED0002A1AB240FF7F8C11B2439613F243D212DA
:103EE0002A3C2B533B92E923584296110B480B5B1B
:103EF0008B47A0130F4A2F52B01240388B4FBA177E
:103F0000185378F00300C2489611023C4B930C20E2
:103F10001F42B8110E4F1E53824EB8112A53CA4F7A
:103F200001008F10CA4F00001E4296130F49B012B5
:103F3000923A4F43013C5F433741384139413A415E
:103F40003B4130410B120A120912081207120612E5
:103F5000464F074E084D094C92538011C293CE1222
:103F60003A24B0124C380B4F0A4F3A500C0033240D
:103F70005D42E8170E430F4AB012F286CA460000AF
:103F80000F4B3F500D00CF4701008710CF47000077
:103F90002F53CF4801008810CF4800002F53CF493E
:103FA00001008910CF4900001E4280112F53CF4ECF
:103FB00001008E10CF4E00000F4BB01284384A4FD4
:103FC0004F930420B012B63D4F4A063C92538211E3
:103FD0000F4BB012CA375F43364137413841394140
:103FE0003A413B4130410B120A12091208120712E2
:103FF000474F084E094D92538011C293CE12382478
:10400000B0124C380B4F0A4F3A500C0031245D422D
:10401000E8170E430F4AB012F286CA4700000F4B52
:104020003F500D00CF4801008810CF480000CA4320
:1040300003003F500300CF4901008910CF49000021
:104040001E4280113F500300CF4E01008E10CF4E14
:1040500000000F4BB01284384A4F4F930420B01227
:10406000B63D4F4A063C925382110F4BB012CA37ED
:104070005F433741384139413A413B4130410B12AE
:10408000B012863C4B4FC2936D1B08207F40190035
:10409000B012A23C4F930220D2436D1B4F4BB01283
:1040A0009A3C3B4130410B120A1209124B4F4A4EC7
:1040B0005F426F1259434F9914244F9308246F9312
:1040C00043247F900300022430409C424B3C4B9F92
:1040D00002203040D642B012C439C2496F1230407B
:1040E000D6424B9302243040D6421F42EA12B0120D
:1040F000FE3B824FEA12E2436F12C24A4C1A7A9098
:104100004400CC203040C642E2B256114F434F63C8
:10411000043CE2B356114F434F634F93BF205D42BF
:1041200056114E9F02246DD2013C6DD3C24D5611E3
:104130005F4256117FF0E7FF7FD2C24F5611C24354
:104140005811F2431B11C73C4B93A820C24E741266
:104150001F42EA12B012FE3B824FEA12F240030005
:104160006F12B93C5F42C8177F9398244B93412448
:10417000499F942C5F42441A4F9302247F53013C81
:104180006F434E4F5E4E461A8E104F9302247F535C
:10419000013C6F434F4F5F4F461A0FDE1F92EA12EA
:1041A0007D204F43B012E23C5C4274125E42D81252
:1041B0005B42D9124F4E5F537F900600022C4D4F49
:1041C000013C4D434D9B0C244E4ECE4CDA12C24F57
:1041D000D8127F9006000228C243D812B0127E4047
:1041E000B012C439F2F0FDFF7011C2935411732460
:1041F000603C499F422C5F42451A5E4F461A5D4221
:1042000056114F4D12C34F104F114F113FF0030085
:104210001F9303242F931D20103C4F4D7FF0E7FF89
:104220007FD01000C24F56114E9302207B400500F4
:10423000C24B5811C24E1B110C3C5F4258117F906B
:104240003400072C4F4F1F522011CF4E0000D25385
:1042500058115D42451A4F4D5E4F461A4F4D5F5300
:10426000C24F451A7F9003000228C243451A1F42DD
:10427000EA12B012FE3B824FEA125E42441A4F4EDF
:10428000CF4A461A4F4E5F53C24F441A7F900300E5
:104290000228C243441AD253C8171D3CB012C43975
:1042A000F2F0FDFF70115F43B012E23CC293541173
:1042B0000524E2426F12B012603D0D3C4B930B247B
:1042C000D2436F12083C5E4256115EF3022030402A
:1042D00012413040084139413A413B4130410B12D3
:1042E000B012863C1E42C2170E9303241E52621B5C
:1042F0006E4EC24E6F005E42621B6E531D42D41260
:104300004C4E0D9C192C4E4D173C5E4203002EF274
:10431000FC275B426E001E429A130E9303240D5E2F
:10432000CD4B00001D42C2170D9303241D52621B8A
:104330006D4DC24D6F00013C4C4E1D42621B0E4D37
:104340001E53824E621B0E9CE02BB0129A3C3B41E6
:1043500030410B12B012863C5B43C293E21701243A
:104360004B43B0129A3C4F4B3B413041C2934811F2
:104370003B20F2930B113820B01252434F93342458
:10438000D243281AC293C0110224C243281AC293EE
:10439000281A2C24F29003004A112B20D2931211D8
:1043A0002A205E4210117E9318244D4E0F4D3F502F
:1043B000A4126C4FC24C10117C930220C24C1111FC
:1043C000FD43A412C24E1E18F2431211D2434A11E9
:1043D0007F401400B012A23C043CE2431211C243DD
:1043E0004A11B012463C053C5F4330417F40050016
:1043F00030414F4330414F4330410B120A124A4F74
:10440000B012863C4B4FB01252434F9305244F4B92
:10441000B0129A3C4F43063C4F4BB0129A3C4F4A65
:10442000B012D8383A413B4130417F400900B012C8
:10443000FA4330410B120A124A4FB012863C5B43DA
:10444000C29AE31701244B43B0129A3C4F4B3A41B6
:104450003B4130410B12B012863C1B42AC12B012F1
:104460009A3C0F4B3B413041B012863CF2F0FEFFCC
:104470001900B0129A3C3041C2439911824FC217C1
:10448000824E9A13824DD4128243621B0D930C24E8
:10449000B012863CF2F0FBFF0300E2D20100B01242
:1044A0009A3CB012DE42043C7F401300B012A23CA2
:1044B0004F4330410B120A1209120A4F494EB012F3
:1044C000863C4B4FB01252434F9305244F4BB012D2
:1044D0009A3C4B43103C4F4BB0129A3CB2407F0089
:1044E000AE127F407F00B012D8384B4F4D490E4A74
:1044F0000F43B01278444F4B39413A413B41304170
:10450000B01268445E431F428E11B012B444304171
:104510000B124B4FB012863CC24B4411B0129A3C66
:104520007F400F00B012A23C3B4130410B124B4F79
:1045300092434C11C243C011B0126C434F4BB012A6
:1045400010453B4130410B120A124B4F5F9329201B
:10455000B012863C4A4FF2F0F3FF0100F2F0F3FF95
:1045600003004F4BB0127A37E2D31B00E2D21B009C
:10457000F2D21B005F420F115FD3C24F69005F424E
:104580000E115FD3C24F68001F420C11C24F6A0068
:104590008F10C24F6B004F43B0127A374F4AB012A0
:1045A0009A3C3A413B4130410B124B4FB012863C92
:1045B0004E4BCE43E217B0129A3C3B413041B01211
:1045C000863CD2D31900B0129A3C30410B120A1229
:1045D000091208120712494FB012863C474FC29980
:1045E0000B110424B0129A3C5F43383CF2430B1188
:1045F00059424811499303244C4348490A3C4F49C6
:10460000B012A845B0126C434F47B0129A3C4F49C4
:10461000253C7A400500B01264874C4E0F4C0D4883
:104620000F9303240D111F83FD231DF31424C24E89
:104630000B111E430C9303240E5E1C83FD2349CEF5
:10464000C24948117F401200B012A23C4F47B0123D
:104650009A3C4F43033C4C4E5C53DB3F374138415F
:1046600039413A413B4130416F42B012CC45304173
:104670007F400300B012CC454F4330410B120A1269
:104680000912081207120612051204122183B01231
:10469000863CC14F000018428012194282123440F9
:1046A0004E830543B01258870A4C0B4D12C30B10B2
:1046B0000A100A5E0B6F0B9305343AF33BF0FF7F51
:1046C0001A530B63824A8012824B82126F41B012DE
:1046D0009A3C0E4A0F4B2153344135413641374104
:1046E000384139413A413B413041B0127C460F4E8E
:1046F0003FF0FF0F1EF3CE93401A06200E4F1E53BD
:104700001EF3CE93401A04240E5E1F4EF211304168
:104710000F4330410B120A120912B012863C494F66
:104720001B429412B0120E3A0A4F1F4280015FF3EF
:1047300004241B53B0120E3A0A4F4F49B0129A3C50
:104740000F4B0E430C4A0D4E0EDC0FDD39413A4142
:104750003B4130410B120A120912B0121447094EA4
:104760000A4F1B42EA171C42EC170D4B0E4C1D5210
:1047700070121E6272120A9C0B280A9C0220099B6E
:1047800007280E9C11280E9C09200D9B0D28063C25
:104790000E9C04280C9E27280D9B252C0A9E04287D
:1047A0000E9A2128099D1F2C0B4D0C4E0B890C7A5B
:1047B0000C9303203B90018018280E490F4A3E506D
:1047C00000800F63824EEA17824FEC170E4B0F4C9E
:1047D0003E5000803F63824E7012824F72123B4007
:1047E00000800C430A3C0B430C43824DEA17824E77
:1047F000EC178243701282437212B0120E3A0E4FBF
:104800000E890E9B042C0B8E3B900300062CB012DD
:104810000E3A2F53824F9801033C0B5F824B980155
:10482000B2F0FEFF8801B2D01000880139413A4150
:104830003B4130410B120A120912081221830A4E21
:104840000B4FB0121447084E094FB012863C8248F5
:10485000EA178249EC17824A7012824B7212814F1A
:104860000000B01254472F41B0129A3C21533841F6
:1048700039413A413B4130410B120A120912B01240
:10488000863C494FB0127C460C4E3A404600B0126E
:1048900080873E500B00824E701B0F43B01234488D
:1048A0004F49B0129A3C39413A413B4130410B12D9
:1048B0000A12B012863C4A4FB2924C111020B0122C
:1048C0002A44B0127046B012BE4592434C117F404C
:1048D0000300B01210454F4AB0129A3C2F3CB01260
:1048E0006844C293741B03247F400500013C6F425F
:1048F000B012FA434B4F3BF206204F4BB012FA4333
:104900003FF20F9B04205B433F400300023C3F40CB
:104910000500824F4C11B012BE454F4AB0129A3C6E
:104920004B930724C2439711B0127046B0127848D7
:10493000053C3E4040010F43B01234483A413B41F0
:1049400030410B120A120912494F0A4EB012863C2E
:104950004B4FB01252434F9305244F4BB0129A3C29
:104960004F430D3C4F4BB0129A3C4F49B012D838D0
:104970000F4A8F10B012D8384F4AB012D838394188
:104980003A413B4130410B120A1209120812071238
:10499000094F4B4E074D484CB012863C4A4FB0125F
:1049A00052434F9305244F4AB0129A3C4F43223C46
:1049B0004F4AB0129A3C4B4B0B594F4B7FD080FF64
:1049C000B012D838494F0E4B12C30E104F4E7FF025
:1049D000C0FFB012D8384B484A48093C4E4B0F4AEA
:1049E0000F8E0E4F0E576F4EB012D8387B534B932D
:1049F000F5234F493741384139413A413B41304134
:104A00000B123150F4FFB012863C4B4F3D423E40FA
:104A1000EE170F41B012EE851F4276120E413E5244
:104A2000CE4F00008F10CE4F01001F42AC122E530C
:104A3000CE4F00008F10CE4F01004F4BB0129A3C6A
:104A40007C400C000D414E433F406001B01286494E
:104A500031500C003B4130410B120A12091208126E
:104A6000B012863C484F1A42E6121B42E812B012BE
:104A70000E3A094F1F4280015FF305241A530B635E
:104A8000B0120E3A094F4F48B0129A3C0F4912C368
:104A90000F100F110F110F110C4F12C30C100D43FB
:104AA0000E4A0F4B4FEE0FEE8F107EF38E100E5E00
:104AB0000F6F0E5E0F6F0E5E0F6F0EDC0FDD384155
:104AC00039413A413B4130410B120A120912B012EE
:104AD000584A094E0A4F1B4292111C4294110D4B29
:104AE0000E4C1D52F8111E62FA110A9C0B280A9CEA
:104AF0000220099B07280E9C11280E9C09200D9B63
:104B00000D28063C0E9C04280C9E27280D9B252C66
:104B10000A9E04280E9A2128099D1F2C0B4D0C4E2D
:104B20000B890C7A0C9303203B90010418280E4942
:104B30000F4A3E5000040F63824E9211824F94112F
:104B40000E4B0F4C3E5000FC3F63824EF811824FDB
:104B5000FA113B4000040C430A3C0B430C43824DCA
:104B60009211824E94118243F8118243FA110B5B29
:104B70000B5B0B5B0B5B0B5BB0120E3A09590959CF
:104B80000959095909590E4F0E890E9B042C0B8E99
:104B90003B900300062CB0120E3A2F53824F960121
:104BA000033C0B5F824B9601B2F0FEFF8601B2D050
:104BB0001000860139413A413B4130419242681B25
:104BC000921192426A1B941192429C13F8119242E4
:104BD0009E13FA11B012C84A92529C13681B92623B
:104BE0009E136A1B30410B120A120912B012584A66
:104BF000094E0A4F1B42A8121C42AA120D4B0E4C22
:104C00001D52A0121E62A2120A9C0B280A9C0220AE
:104C1000099B07280E9C11280E9C09200D9B0D282E
:104C2000063C0E9C04280C9E27280D9B252C0A9ED2
:104C300004280E9A2128099D1F2C0B4D0C4E0B8920
:104C40000C7A0C9303203B90010418280E490F4A5C
:104C50003E5000040F63824EA812824FAA120E4BE0
:104C60000F4C3E5000FC3F63824EA012824FA212B6
:104C70003B4000040C430A3C0B430C43824DA812FA
:104C8000824EAA128243A0128243A2120B5B0B5BDC
:104C90000B5B0B5B0B5BB0120E3A095909590959B2
:104CA000095909590E4F0E890E9B042C0B8E3B900F
:104CB0000300062CB0120E3A2F53824F9201033C90
:104CC0000B5F824B9201B2F0FEFF8201B2D0100066
:104CD000820139413A413B4130410B120A1209121B
:104CE000494F0A4D0B4EB012584A4D490C4D0C5CC1
:104CF0000C5C0C5D0C5C0D4C3D50F2128D4E0000B6
:104D00008D4F02008D4A04008D4B0600FCD003003D
:104D1000FA126F43B012A23C39413A413B41304153
:104D20000D4E0E4F5F43B012DA4C30410B120A1297
:104D30000912494FB012863C4B4F5E4205110E5E80
:104D40000C4E3C50B6112D4C0D930B208E4DE21A9B
:104D50007F400600B012A23C4F4BB0129A3C5F431A
:104D6000163C1A4D02008C4A00000A9302208E4C19
:104D7000E21AA24DC617824D521A824DB2114993C2
:104D80000224B012BC4B4F4BB0129A3C4F433941F6
:104D90003A413B4130410B120A124B4F4F930324CF
:104DA0005F9347200E3C5A42B8124A9F4320C24AA2
:104DB000E717824E2C1B7F400300B012A23C4B4AE7
:104DC000393CC29F051136248293C6170720B012C2
:104DD000584A824E681B824F6A1B243C1C42B21107
:104DE0008C4E00002C53824CB2111D42521A1E42AE
:104DF000C6170F4E0F5F0F5D0C9F1820829386120F
:104E00000A245F4205110F5F8F43E21A7F400700BB
:104E1000B012A23C0F3C824EEC1A824D86127F42A9
:104E2000B012A23C4F4BB0122C4D043CB012BC4B04
:104E3000013C5B434F4B3A413B4130410B120A125C
:104E40004A4FB012863C4B4FB0126C394E4F4F9ABE
:104E50007F205D42D6124F4D3FB209248293B61295
:104E600006204F4BB0129A3C7F400600753C3FF045
:104E7000200006244F4BB0129A3C7F4005006C3C4A
:104E80007DD02000C24DD612C24EAC11B012063AEF
:104E90007FF00F007F923F2C4E4F0E5E104EA04EC3
:104EA000B04EBC4EC84ED44EE04EEE4EFC4E0A4FB5
:104EB000D2D33700F2F0FEFF36002D3CE2D33700AC
:104EC000F2F0FDFF3600273CE2D23700F2F0FBFFA4
:104ED0003600213CF2D23700F2F0F7FF36001B3CDF
:104EE000F2D010003700F2F0EFFF3600143CF2D0A1
:104EF00020003700F2F0DFFF36000D3CF2D040001A
:104F00003700F2F0BFFF3600063CF2D080FF3700DA
:104F1000F2F07F003600B2D01000A001B2D0030042
:104F2000A0015F42D6123FF040000D240F43B012A3
:104F3000AA372F42B012AA373F40E000B012AA377A
:104F40001F43B0128C374F4BB0129A3C4F43043C76
:104F50004F4BB0129A3C5F433A413B4130414F9333
:104F600004205F43B0123C4E30415F4330415F420A
:104F70000511B0125E4F30410B12B012863C1B423D
:104F80001411B0129A3C0F4B3B4130410B120A12E4
:104F90000912094D4A4C7C901D00472C0B4D3B508B
:104FA0000500CB4E01008E10CB4E0000CB4F06000B
:104FB000CB4C040082935C113A20B012863CF24044
:104FC00005006011C243621182495A11A2435C116B
:104FD000C2436611C24364117A500C00C24A5E118A
:104FE000B0129A3CB012863CF2900A00B817032027
:104FF000B0129A3C163CB0129A3CB012863CC29356
:10500000B4120620D243B412C243B5125B43013C32
:105010004B43B0129A3C4B930424B0127E404F4352
:10502000083C82435C115F43043C6F43023C7F4079
:10503000050039413A413B4130410B120A12091235
:10504000081207120612474F084E464D5943499F12
:1050500025284B4F0B5B3B50741A8B93000020208C
:105060008B4E00000A4E3A500500CA4D040059927A
:105070002C11192C594A06000F4AB0124038C24769
:105080002C114C460D480E4F4F49B0128C4F4F9388
:105090000B24E2432C118B430000063C4F49043C97
:1050A0007F400500013C4F4336413741384139418B
:1050B0003A413B413041B012863CF2E010003100F1
:1050C000B0129A3C30414F9317204E9F0324B012E8
:1050D000B6503D435F4298117F9005000D2C4E4F16
:1050E0005E53C24E98114F4F0F5F3F50C412CF4DC9
:1050F00001008D10CF4D000030410B124B4FB0120C
:10510000863CC24BE317B0129A3C3B4130410B1234
:105110000A1209121B427C125A4B2A004A9302209F
:105120007A501F00B0126844C29AEC1107244E4A0C
:105130003ED0E0807F401500B0124249C24AEC11D7
:10514000694BB012863C4A4FB01252434F9304242D
:105150004F4AB0129A3C113C4F4AB0129A3CB240AE
:105160003E00AE127F403E00B012D8384D497D530C
:105170004D4D0E430F4BB012784439413A413B41FB
:1051800030410B120A124B4FB012863C4A4FC29369
:1051900036110C20D2433611C24BF6116F42B012B9
:1051A000A23C4F4AB0129A3C4F431D3C4D4B12C398
:1051B0004D104D114D114D4D5F4DF0121E433BF002
:1051C00007000B9303240E5E1B83FD234B4E4BFF06
:1051D00004204EDFCD4EF012023C7B4005004F4ACA
:1051E000B0129A3C4F4B3A413B4130414F9302241D
:1051F0005F930320B012825130415F4330410B1264
:10520000B012863C3B403100FBF0EFFF0000B012D3
:105210009A3CB012863CFBF0BFFF0000B0129A3CF3
:10522000B012863CFBF0DFFF0000B0129A3CF2F0B7
:10523000FDFFFA123B4130410B120A124A4D4F93C7
:1052400003245F934C202C3CC24F32115D427811F5
:105250004D9F45245C4274114E4C0E5E1B4E2C1A21
:105260004E4C5E53C24E74117E900A000220C24F13
:1052700074117D53C24D78110B930C243D403400C2
:105280000E4B3F40F01AB012EE850F4BB012FA38B9
:105290004F930324B012FE51223CB012A23C1F3C9B
:1052A0005F427A110F5F1B4FF6170B9302240B9E80
:1052B000032492538A110C3CB012FA370F4BB012F0
:1052C000CA374A93032092538811023C92538611A5
:1052D000C243E71AC2937E110224B012B63D3A418E
:1052E0003B4130410B120A12091208120712494FB2
:1052F000084E474D4C4F0C5C8C43741A5A422C118B
:105300001A535AF34B4A0C4B0C5C8C93741A0A24B4
:105310005C4296120F4B0F9303240C111F83FD2345
:105320001CF314244A4B5AE34B4A0C4B0C5C8C93F1
:10533000741A09245C4296120B9303240C111B83EC
:10534000FD231CF30324E2432C11023CC24A2C111E
:105350005B422C116B93182C4B4B0B5B3B50741A1C
:105360002A4B3A5005000F4AB01240385C4A0400FC
:105370002D4B0E4F5F4A0600B0128C4F4F93042402
:105380007F402100B012A23C4D470E484F49B01259
:1053900038523741384139413A413B4130410B1293
:1053A0000A1209120812071206124B4FB012863C5D
:1053B000464FE29336113F20C29B03113C20C2931B
:1053C000F0120620F2430311D242F0123611313CA2
:1053D000F24303115A4234110E4A1E5318432E93BE
:1053E00001200E434D4E4C4E12C34C104C114C112B
:1053F0004C4C594CF012074D37F007000B480793FF
:1054000003240B5B1783FD234F494FFB062449CB35
:10541000CC49F012C24E3411053C0E9A02241E53A0
:10542000DE3F7D43C24DF611D24336116F42B012BA
:10543000A23C5B43013C4B434F46B0129A3C4F4B5E
:105440005FE336413741384139413A413B413041D0
:105450004F9302245F930320B0129E5330415F4369
:1054600030410B124B4FC29F041104207F400500B6
:10547000B012A23C4F4BB01250543B4130414F93BD
:105480000320B012625430415F4330414F930320F8
:105490005F43B012625430410B120A120912B0126B
:1054A000863C494F1B42A2015BF30524B0129A3C93
:1054B0007F400500103CB0124C390A4F3FF0FDFF11
:1054C000B01252390F4A3FF0DDFFB01252394F4946
:1054D000B0129A3C4F4B39413A413B4130410B129B
:1054E0000A1209120812484FB012863C494F1B425B
:1054F000A2015BF30524B0129A3C7F4005001E3CDC
:10550000B0124C390A4F3AF0FDFF0F4AB01252392F
:105510000D4A3DD020004E487E531EF30E5E0E5EB7
:105520000E5E0E5E0E5E0E5E3DF0BFFF0F4D0FDE97
:10553000B01252394F49B0129A3C4F4B3841394161
:105540003A413B4130414F930E204E9F0820B0120C
:10555000863CF2E040003100B0129A3C023CB012AE
:10556000B650C24330113041B012863CF2F0BFFF5A
:105570001D00B0129A3C3041B012863CF2D040007F
:105580001D00B0129A3C30410B12B012863C5B42B7
:105590001F18B0129A3C0E4B0E5E0E5B0E5B0E5B3C
:1055A0003E502E013ED000407F401800B0124249CC
:1055B0003B4130410B12B012863C4B4FC293F0116D
:1055C00004241E43C293671B01200E433EF0FF00DC
:1055D0008E100E5E0E5E0E5EC293791204241D4381
:1055E000C293E91701200D433ED0E2220D5D0D5D0F
:1055F0000D5D0D5D0EDD7F401100B01242494F4B35
:10560000B0129A3C3B4130410B12B012863C5B43D6
:10561000D292D912D81201244B43B0129A3C4F4B6C
:105620003B4130410B120A124B4F5F9339201F420E
:10563000261112C30F10C24FE61AB012863C4A4F11
:10564000B0123838F2F0FCFF03004F4BB01226388E
:10565000F2D010001B00F2D020001B005F422A1184
:105660005FD3C24F6100D242291160001F42261150
:10567000C24F62008F10C24F6300D24228116400F3
:105680004F43B01226384F4AB0129A3CB012863CB3
:10569000F2F0FCFF0300F2D003000100B0129A3CCC
:1056A0003A413B413041B012863C4E4FD2932411D7
:1056B0000820F290030072110420B0129A3C5F435C
:1056C00030414F4EB0129A3C4F433041B012A65673
:1056D0004F9311248293641B1020B240E911641B84
:1056E0009243DE17C243901192437A12D242E911DB
:1056F00067004F4330415F4330417F4005003041F8
:10570000B012863CF2F0FEFF7011F2407E00E9110B
:10571000B0129A3CB012CC5630414E4F7E5083FFAF
:105720006E930A2CD2D370117FE02000C24FC417B1
:10573000F2407D00E911023CC24FE911B012CC5693
:1057400030410B120A120912D2B370110924F2F07F
:10575000FEFF7011D242C417E911B012CC568F3C33
:105760005F42B8177F537F92852C4F4F0F5F104FCA
:10577000725782579857BA57365848585C586A58E3
:105780007A585F42A612B0121A574B4FF2400300EC
:10579000B8175E42A6120A3C5F42E41AB0121A57CA
:1057A0004B4FF2400300B8175E42E41A1F429E1BA3
:1057B000B012FE3B824F9E1B5B3C5F42ED120F5FBF
:1057C0003F50B2125F4F0100B0121A574B4F59426F
:1057D000ED124A490F4A0F5F3F50B2125E4F01006F
:1057E0001F429E1BB012FE3B824F9E1B5D429712D2
:1057F0005D53C24D971259931B205E4260114F4E6C
:105800001F525A116F4F5E53C24E6011C29E5E11FD
:10581000032CE243B4124F430E4A0E5E3E50B212C6
:10582000EE93000005247D930324CE4F0100203C1D
:10583000E242B8171D3C5F429E1BB0121A574B4FF5
:10584000F2400500B817143C1F429E1B8F10B01287
:105850001A574B4FF2400600B8170A3CB0120057D7
:105860004B4FF2400700B817033CF242B817053C13
:105870004B930524F2400900B817B0127E4039411D
:105880003A413B4130410B124B4FB012863C4E4BDC
:105890003E50E217CE9300000420DE4300004B434D
:1058A000013C5B43B0129A3C4F4B3B4130410B12E1
:1058B0000A1209124B4FB012863C494F4F43B012A7
:1058C00086584A4F4F932B20C24B0B11B012B03762
:1058D0004F9A05247F401200B012A23C293CC29F7F
:1058E0004A110720D2434A11D2431E18B012823DFA
:1058F0001F3CD2931E181C24F293A5121920D29398
:1059000011111624F29310110320D2431011043CFC
:105910005E421111DE43A412D2431111093C1E4311
:105920004D4B0D9303240E5E1D83FD23C2DE4811F3
:105930004F49B0129A3C4F4339413A413B413041C3
:105940000B120A1209120812484FB012863C494F36
:105950004F43B01286584A4F4F9306244F49B01216
:105960009A3C7F400500263CB012B0374B4F4F9A0F
:105970000424C2480B114B4A193CC29F4A11122001
:10598000E2434A11D2431E18B012823DD293121143
:1059900007205F421211B0124645C2480B11063C67
:1059A000C24B4A114F43B012A8455B434F49B01256
:1059B0009A3C4F4B384139413A413B413041A24337
:1059C000E611D2436E12E2920B1105246F42B0121F
:1059D00040594F930320B012004530416F42B0123E
:1059E000AE5830410B12B012863C4B4F8293E611F9
:1059F0001924C2436E125E42F1114E930324F2B297
:105A0000200006205F4220006FF208204E9F0324F2
:105A10007E53C24EF111B012BE59063C9243E611BC
:105A2000C243F111B01268464F4BB0129A3C3B4151
:105A30003041B012303BB012BE45B01268447F42D4
:105A4000B012FA437F42B012FA43B012BE45B01210
:105A50006846B012E45930410B120A1209120812BA
:105A60001A429A135C4299114C93022430401A5DF9
:105A70001E42AE12094E39F0400002203040B65CA2
:105A80007EF0BFFF7E903F00022430401A5D1B4233
:105A90008E116D4BC24DE8111F42E6113F9005007B
:105AA0003E243F90060080242F9302243040A85CBF
:105AB000B2400500E6115F42B0114C4D4E4F0C9EB6
:105AC0002A345E4220007EF20A205C4220006CF202
:105AD0004C9E05204E4D7EE34E5FC24EB0117D9030
:105AE0002A00192C4D9310240E4B1E537D9203282F
:105AF0003D400700043CB2400600E6114D4D0F4307
:105B0000B012784430401A5DC24D6E12B012BE45DC
:105B1000B0126846C63CB012325A30401A5DB240EC
:105B20000600E611C29379123724C293E917342094
:105B3000094B19530F49B012D4363FF020002C24E2
:105B40000A4B3A5006000F4AB012D436084FB01232
:105B50005444089F05240F4AB012D4363F931C20AA
:105B60000F49B012D4363FF007001F931520B01232
:105B7000BE45B01268447F400A00B012FA43B0122A
:105B8000BE45B01268445E42E8117E50F9FF0F4BEB
:105B90003F52B012B444C13C5D42E8117D50F9FF60
:105BA0004D4D0E4B3E52AB3FB012BE45C293F1116C
:105BB0000220B0126846C293F1110324F2B2200011
:105BC0000B20E2B2200008245F42E01A4F93042425
:105BD000F2900B00E811052C1F428E11B0127E3A94
:105BE000253C5F930E205F42E51A0F5F0F5F1D4F4C
:105BF000541A1E4F561A1F428E113F502E00B012DB
:105C0000E0365F42E51A1F537FF00700C24FE51AE6
:105C10005F42E01A7F53C24FE01A08241F428E11E0
:105C2000B0127E3AC243E51AC243E01A5F42E8115D
:105C30000F5BCF93000035340A9333240F4B1F536F
:105C4000B012D4367FF007001B428E116F932220D2
:105C50001F427C120F932524B29007004C11212083
:105C6000DF9B030003001D20B01262371F427C122D
:105C70003F5028006E4BDF4304000E5BDF4EFFFFFA
:105C800000006E4E7EF07F00CF4E01004F43B012F9
:105C90002C45073C5F9305207F501400B012A23CB6
:105CA0003C3CB012E459393CC24C6E12B012BE45B5
:105CB000B0126846323C7E903E002F20B012BE45A6
:105CC000B2924C110F20B0126844B0122A44B012A4
:105CD000BE45B012704692434C117F400300B01293
:105CE00010451B3CC293741B0520A2424C11B012FC
:105CF000AE48133CB0127046B24003004C11B012D3
:105D00007C460C4E3A403601B01280873E500B0064
:105D1000824EAA110F49B0123448384139413A41F4
:105D20003B4130410B127F400300B01240594B4FB2
:105D30004F9304247F400300B012AE584F4B3B41B9
:105D400030410B120A12091208120B4FB012863C96
:105D50004A4F0F4BB012A23AFF403F0000004F4A9B
:105D6000B0129A3C8243261B6F43B01286584A4FAA
:105D70004F936A205F42291A4E4F5E53C24E291A32
:105D8000CB4F0300B012863C484F6F43B0123444EF
:105D90004F9A08204F48B0129A3C6F43B012A84562
:105DA0005A43543C094B395028006F42B012FA5004
:105DB000824BD0124F48B0129A3C084B18530F48F0
:105DC000B012D4360E4F3EF020CCCB4E01008E10D8
:105DD000CB4E02000F48B012D4363FD04100CB4F1B
:105DE00001008F10CB4F0200C94A0400C94A0000CD
:105DF000C94A01000D433E4000800F4B3F502E002A
:105E0000B012E036D243E6171B42D012B012863CE5
:105E10001E424C113E9202241E930324B0129A3C5F
:105E2000153CA2434C11C24E741B824B7C12C24AD9
:105E30009711B0129A3CB012245D4B4F4F9306203D
:105E4000B0120E514A4B023C7A4005004F4A38418D
:105E500039413A413B4130410B120A1209120B4DB4
:105E60004A4C7C901D00512CCD4F0B000F4D3F50E4
:105E70000600CF4E00008E10CF4E0100B012863CBF
:105E800019427612B0129A3C0F4B2F52CF490000A4
:105E90008910CF490100B012784F0E4B3E52CE4FC1
:105EA00000008F10CE4F01000F4B1F53B012D4369D
:105EB0003FD04088CB4F01008F10CB4F02004F4A9C
:105EC0007F500D00CB4F0000C29317110824C2432E
:105ED00017110F4BB012425D4F9310201A3CC24A6B
:105EE000BA12D2421711BB12824B52117F401600D8
:105EF000B012A23CC29317110A24033CF2431711BB
:105F0000083CC24384124F43043C6F43023C7F4031
:105F1000090039413A413B4130410B120A12091242
:105F200008120712494F0A4E484D6F434F992828CF
:105F30004B490B5B3B50E0128B93000023208B4EB0
:105F400000004E4D7E500D00CA4E00005F920A11B7
:105F50001C2C574A0B000F4A3F500600B012D43693
:105F6000C2490A114C480D4A0E4F4F47B012585EB5
:105F70004F930C24F24003000A118B430000063CAF
:105F80005F43043C7F400500013C4F4337413841AB
:105F900039413A413B4130410B120A1209120B4F71
:105FA000494E7950090079901D00512CC29342113D
:105FB0005220C29340114D243F500C001E4200114C
:105FC000CF4E01008E10CF4E00001F426E1B0E4FB1
:105FD0001E53824E6E1B0C4B3C501000CC4F0100E8
:105FE0008F10CC4F00001E42B8110F4B3F500E00D7
:105FF000CF4E01008E10CF4E00002F52C29342119F
:106000000324CF430100033CDF42D2120100CF43FF
:1060100000004E430F4BB0122C3E4A4F4F931B20B3
:106020000F4BB012BA380F4BB012F0380E4F0F4B67
:10603000B012923AFB4074000B004D490E4B6F4377
:10604000B0121A5F4F9A082492533811043C6F43E0
:10605000033C6F42013C5F4339413A413B4130418F
:106060000B120A124B4F4A4E4D4F0D5D3D50281BEF
:106070008D430000C2431A111C42281B2C9D04248E
:106080005F427E121FF30224D2431A11C2931A11E7
:106090000C206E4C7E50EAFF0F4CB012985F4F936D
:1060A00004247F401800B012A23C4E4A4F4BB0125D
:1060B00046553A413B4130415C421A114D4C0D5D11
:1060C0003D50281B2F9D03204F4CB0126060304183
:1060D0000B120A1209120B4FC2933E112D20C293CC
:1060E00040112A24B012BA386A4B7A50F3FF0F4B92
:1060F000B012F0380E4F0F4BB012923AFB407400C2
:106100000B004D4A0E4B5F43B0121A5F4F931420A1
:106110000F4BB012F038094F0F4BB012E23A0A4F52
:106120000F4BB0122A390C490D4A4E4F7F404000A8
:10613000B012443FD2433E1139413A413B413041D4
:106140000B120A12091208124A4F0B4E484D5F9368
:106150000B244F9305246F93022430409063963CA8
:10616000C24FB41130409063594E2C0049934E20D9
:106170000F4EB012F0383F934924F29005003A11C7
:10618000452C4E4A0F4BB0122C3E0F4BB012BA3872
:10619000694B7950F3FF0F4BB012F0380E4F0F4B95
:1061A000B012923AFB4074000B004D490E4B4F4A1F
:1061B000B0121A5F4F9315200F4BB012F038094FF1
:1061C0000F4BB012E23A0A4F0F4BB0122A390C496A
:1061D0000D4A4E4F7F402500B012443FD2533A1132
:1061E000D73C0F4BB012F038094F0F4BB012E23AC8
:1061F0000A4F0F4BB0122A390C490D4A4E4F7F40BF
:106200002400B012443F92533811C23CF290050072
:106210003A1111280F4BB012F038094F0F4BB01242
:10622000E23A0A4F0F4BB0122A390C490D4A4E4F31
:106230007F402700123C499312240F4BB012F038D4
:10624000094F0F4BB012E23A0A4F0F4BB0122A39E6
:106250000C490D4A4E4F7F402200B012443FC243CA
:106260003A11829BF2110524829BF41106205F43B0
:10627000013C4F434F4FCF43401AB012EA46C2434E
:106280003E110F938524B012D060823C594E2C00F1
:1062900049934F200F4EB012F0383F934A24F290AA
:1062A00005003C11462C5E430F4BB0122C3E0F4BA9
:1062B000B012BA38694B7950F3FF0F4BB012F03877
:1062C0000E4F0F4BB012923AFB4074000B004D4939
:1062D0000E4B4F4AB0121A5F4F9315200F4BB0125E
:1062E000F038094F0F4BB012E23A0A4F0F4BB01281
:1062F0002A390C490D4A4E4F7F402500B012443FC9
:10630000D2533C11453C0F4BB012F038094F0F4BA4
:10631000B012E23A0A4F0F4BB0122A390C490D4A1B
:106320004E4F7F402400B012443F925338115E43D9
:106330002C3CF29005003C1111280F4BB012F038A4
:10634000094F0F4BB012E23A0A4F0F4BB0122A39E5
:106350000C490D4A4E4F7F402600123C49931224AF
:106360000F4BB012F038094F0F4BB012E23A0A4F00
:106370000F4BB0122A390C490D4A4E4F7F40200076
:10638000B012443FC2433C114E480F4BB012B860AC
:10639000384139413A413B4130410B120A1209124E
:1063A0005C420A111C533A400300B0129C874943D7
:1063B0004C4E0F4C0F5F8F93E01212244F4E12C3BE
:1063C0004F104F114F114F4F5F4FEE1A0D4C3DF0D4
:1063D00007000D9303240F111D83FD231FF30A24CF
:1063E0001C533A400300B0129C8759537990030024
:1063F000DF23213CC24E0A115B420A117B9003004D
:106400001D2C4B4B0B5B3B50E0122A4B0F4A3F506D
:106410000600B012D4366C4A7C50F3FF0D4A0E4F82
:106420005F4A0B00B012585E4F9308247F400C0067
:10643000B012A23C033CC2490A11DE3F39413A4145
:106440003B4130410B120A120912494E5B420A11BC
:106450007B900300102C4C4B0C5C3C50E0122A4CFF
:106460000A9F09208C430000B0129A634D490E4ADE
:106470004F4BB012406139413A413B4130410B1220
:106480000A120912081207127F9202283040906700
:106490004F4F0F5F104F9864A864DC648266B0664B
:1064A00054676467746784671F4282018F105FF3CB
:1064B00004241F42920130409067B012CC36829380
:1064C000A01208208293A21205205F43B012A23CC2
:1064D00030409067B012E64B304090671F42840115
:1064E0008F105FF302203040906718429401B01281
:1064F0007237B0126A37B01214470A4E0B4F0D4E66
:106500000D880E430A8D0B7E1F424C113F900500F3
:1065100004243F9006006A204E3CB24006004C1115
:10652000D2430212C2434E116F43B012203A0D4AB9
:106530000E4B1F427C123F502E00B012E0361F421D
:106540007C12CF932D002324674F7750FBFF4947E0
:10655000095F0F49B01212370D4E0E4F0D8A0E7B98
:106560000F49B012E036B01268446C420D494E47F4
:106570000F43B0128649B012BE450F49B012123710
:106580000D4E0E4F0D5A0E6B0F49B012E0361F42E2
:106590007C121F53B012D4363FF020000224D243A5
:1065A000C011B0127046B0126237B01254374F9318
:1065B000022430409067C2430212B012763A1F4262
:1065C0007C121F53B012D4363FF020000924B24091
:1065D00007004C113E4000010F43B0123448023C0A
:1065E000B0122C45B01254374F93D224C2934E119F
:1065F0002620C29302122520D24302126F43B0120A
:10660000203AB0125437494F5F42E01A7F920E2C65
:106610004E4F5E52E51A3EF007000E5E0E5E8E4A49
:10662000541A8E4B561A5F53C24FE01AD2434E1182
:106630008248B012B01254374F930524A93C494305
:10664000023C59424E11D2930212A220C2430212BE
:10665000B012763AC2434E1149939A201882B01272
:1066600038900A00952C5F42E01A4F9303247F5321
:10667000C24FE01A1F427C120F938A24B0127E3A56
:10668000873C1F4286018F105FF303241F4296014F
:106690007F3CB2F0EFFF86018293F81106208293CF
:1066A000FA110320B0126E4F733CB012C84A703C0E
:1066B0001F4288018F105FF303241F429801683C3A
:1066C000B0126237829370124220829372123F207E
:1066D0001F424C113F50FDFF3F9006002B2C0F5FD7
:1066E000104FE466F0660E67206734671C670E671C
:1066F000F2B0100020000824A2424C113E400700D6
:106700000F43B0123448163CB0127848133CB01214
:10671000245D4F930F20B012AE480C3C4F43083C11
:10672000B0122A44B012763AB01270467F40070089
:10673000B0122C45929346112B20A2434611B01261
:106740006855B01278554F43B012AE58213CB01284
:1067500054471E3C1F428A018F105FF319241F42C9
:106760009A01163C1F428C018F105FF311241F42C7
:106770009C010E3C1F428E018F105FF309241F42C3
:106780009E01063C925394129253E6128263E812E1
:106790003741384139413A413B4130410B120A12ED
:1067A0000912081207124B4FB012863C484F59424B
:1067B000D61239F020000524B0129A3C7B40050027
:1067C000533CB0126C394F9B4B205E42071112C3F1
:1067D0004E104E115B4207113BF003000B5B0B5B4D
:1067E0003EF007000E5E0E5E0E5E0E5E0BDE0B5B75
:1067F0003BD000025742061177D080FFB0126639B5
:106800000A4F3AD080005D42071112C34D104D115E
:106810004D114D114D115C4208111CF30C5C0C5CC8
:106820000C5C4DDC4D4D0F4D8F103AF0FFF00ADF40
:106830008D100D5D0D5D0D5D0D5D3AF0FF0FD243C6
:10684000D6120F4A0FDDB01252390F4BB012603919
:106850004E474F49B01258399243A6014B49013C6B
:106860007B424F48B0129A3C4F4B37413841394137
:106870003A413B4130410B120A1209120812071229
:1068800006120512041221834F43B0122C4D4F9370
:10689000022430409C6A5F4206117FF00F00C14F16
:1068A00000005A42061112C34A104A114A114A11F5
:1068B0007AF007005842071178F00300554207119B
:1068C00012C34510451175F007005642071112C357
:1068D000461046114611461146115F4208111FF33A
:1068E0000F5F0F5F0F5F46DF19429C131742C617F9
:1068F0001442B2110493B7240793B5241993B32417
:106900002993B124B012863CC14F01005E42D612D9
:106910003EF020000324B0129A3CA53CB0126C3922
:106920004B4F5F9395203790110001286B535E43C6
:10693000099301204E493BF0030038F0030008584A
:1069400008580BD80C453CF007000C5C0C5C0C5C48
:106950000C5C0BDC0B5B3BD000023EF003008E10A6
:106960000E5E0E5E3BF0FFF30BDE7AF007004A5A34
:106970004A5A4A5A4A5A6AD1B01266390E4F5D4392
:10698000099301244D431DF30D5D0D5D0D5D0D5DFE
:106990000D5D0D5D0D5D3EF07FFF0EDD4D460F4D33
:1069A0008F103EF0FFF00EDF8D100D5D0D5D0D5D63
:1069B0000D5D3EF0FF0FE242D6128247BC118244C9
:1069C000B6128243AE110F4E0FDDB01252390F4B8B
:1069D000B01260390B433753053C4E4A4F4BB0124F
:1069E00058391B530B97032C3B900F00F6234E4A4C
:1069F0007ED080FF4F4BB01258391E430B930324B7
:106A00000E5E1B83FD23824EA60109932224F2D041
:106A10004000D6120F43B0128C37A2D26001B2F000
:106A2000FDFF60011F4260013FF0FFFC3FD000020C
:106A3000824F6001B2F03FFF60018243620139532F
:106A40008249720112C30910824974014943013C11
:106A500079425F410100B0129A3C499304204F49AA
:106A6000B0125E4F1B3C1A42C6171B42B2112A924B
:106A70001128B012863C1E42E21A0E9309248B4A5A
:106A800000008B4302008E4B00002B53824BE21A16
:106A9000B0129A3C7F400700B012A23C215334410F
:106AA000354136413741384139413A413B41304126
:106AB0000B120A12091208124F9303245F935120FC
:106AC0001C3C5E4206117EF00F007E900C000A24F2
:106AD000B0129C674B4F4F930720C24FB812B012B1
:106AE0003C4E3F3C7B4006004F43B0127E540D436A
:106AF0004E4B4F4DB012C650343C1C42FE111D424D
:106B000000120E4C0F4D0EF33FF30E9302200F9325
:106B10001E243A40E8030B43B012D287824C9C13E8
:106B2000824D9E13D243EC12C2430511B012584A53
:106B3000824E681B824F6A1B5F43B0129C674F43B3
:106B4000B0122C4D4F930D20B0126E4F0A3C824C68
:106B50009C13824D9E13C243EC12C2430511B01226
:106B60007668384139413A413B4130415F42041136
:106B70007F930224B012B06A30415F4204117F93C8
:106B80000224B012B06A30411F9303243F900300E7
:106B90000320B0126C6B3041B0127A6B30410B1293
:106BA0001E424A1A0E9326240C4E3C531D430D9C44
:106BB0000928824F4A1A3D4014000E436F43B01219
:106BC000DA4C163C0C4E3C50FDFF0D9C0F28B012C9
:106BD00098544B4F4F9313201F424A1AF2F0FDFF77
:106BE000041382434A1AB012886B093C0E9F052099
:106BF0004B43053C7B400900023C7B4005004F4B6A
:106C00003B4130410B120A120A4F1F424A1A0D4FE4
:106C10003D531E430E9D0C280A9F5B244F4AB01221
:106C2000DE544B4F4F935A2092934A1A44203D3CD6
:106C30000F931E204F4AB012DE544B4F4F934E20FD
:106C40001A930A20E2B318134F434F634F9B042457
:106C50003E4046000F43033C3E4011000F43B0123C
:106C6000204DF2F0FDFF18132A53824A4A1A363C8F
:106C70000D4F3D50FBFF0E9D27284F4AB012DE54AA
:106C80004B4F4F932B20F2F0FDFF0E131F424A1A79
:106C90000E4F2E820A9E0620824A4A1A0F4AB012CE
:106CA000886B1C3C3F9005000620A2424A1A3E40D9
:106CB00011000F43063CB24003004A1A3E40460012
:106CC0000F43B012204D0A3C2A530F9A05204B4324
:106CD000053C7B400900023C7B4005004F4B3A419C
:106CE0003B4130410B120A12091208120712061218
:106CF0000512054E064F3C40F2120B430F4B0F5F3F
:106D00000F5F0F5B0F5F3F50F2125F4F08006FB3D2
:106D1000C224274C184C02001D4C04001E4C0600D7
:106D200009450A4609870A780A9EB5280A9E022064
:106D3000099DB1284C4F5CF30F4B0F5F4C93072418
:106D40000F5F0F5B0F5FFFF0FDFFFA120B3C0F5F51
:106D50000F5B0F5F09470A48095D0A6E8F49F212FF
:106D60008F4AF4125B934F244B9306246B935D245C
:106D70007B9005009620793CF290050098113B200D
:106D8000C293301127203D4012003E40BC123F40CC
:106D90008D1AB012EE85F24093FF8C1A8293281B55
:106DA0001720B240781A281BF2402800781AC293A4
:106DB0001A118224C24B1A117E4012003F40781AE9
:106DC000B012985F4F937824D2431A118243281B44
:106DD000B012B650C2439811C293661B0A203F40BE
:106DE000C212B01240381F53C24FC3128F10C24F8D
:106DF000C212C243661B4F43B012EC514F93512451
:106E0000B012FE514E3C1F424A1A3F900300032429
:106E10002F924720053C92434A1AB0126C6B413CBA
:106E2000A2434A1AB0127A6B3C3C1F424A1A3F9066
:106E3000050004243F9006003420073CB01298540B
:106E40004F930F2082434A1A2C3CB01298544F9310
:106E5000082082434A1A3D4000080E437F50030039
:106E6000173C3D4014000E43123C7F400A00B01214
:106E7000A23C1D42EE110E434EED0EED8E107DF341
:106E80008D100D5D0E6E0D5D0E6E1D530E634F4B1E
:106E9000B012DA4C063C1B533C500A003B900600F3
:106EA0002D236F43B012A23C354136413741384162
:106EB00039413A413B413041D24330118B3F0B12B3
:106EC0004B4F6F9303283F40AA85023C3F40061179
:106ED0006F4F4E4F7EF070007E90100003247E9026
:106EE00050001C20F29304111220C24B04117FF0B9
:106EF00080FF0420C24F421A1F43033CD243421A70
:106F00002F43B012046C4F930C24F24304114F4BE7
:106F1000B01250544F4BB012EC51033C4F4BB012D7
:106F2000B06A3B4130410B120A12091208120712D3
:106F30000612051204123150F6FF7F90230002283A
:106F4000304026804F4F0F5F104F4C6F926FC66FCF
:106F50002270CC70E670107140715C71A671B671D0
:106F6000AC72DE72207344730A741874CA74FA74B3
:106F700006757E769276C0766A7BAA7BEA7BF87B82
:106F8000787D627E6A7EDC7E1A7F547F727FAC7F62
:106F9000C07F3F40F51AFF430100F243F51AFF405E
:106FA00093FF06005D42E81A3E40F01A4F43B012CC
:106FB0003A504F930424B012B65030402680D2434A
:106FC000321130402680C293EB1128201A424E1A0B
:106FD0001B42501AB012863C1842A0121942A2124B
:106FE0001852A8121962AA12B0129A3C824A4E1A7A
:106FF000824B501AC243EB11B012863C8248A81251
:107000008249AA12824AA012824BA212814F080022
:10701000B012E64B1F410800B0129A3CB012584A19
:107020003B3CB012584A084E094FB012CC3636409D
:10703000F21245433A433B40FF7F07430F470F5F40
:107040000F5F0F570F5FEFB3FA1214240C480D496E
:107050002C861D7602001E4604001F4606000E8C7C
:107060000F7D0F9B04380F9B05200E9A032C0A4EB0
:107070000B4F5543175336500A0037900600DE2356
:1070800045930220304026801B930A340B93022044
:107090000A9306200E480F49B012E46C3040268057
:1070A000824A4E1A824B501AD243EB11B012863CE0
:1070B0008248A8128249AA12824AA012824BA212C6
:1070C000814F0800B012E64B30408A765F42E717E6
:1070D000B0127E541D422C1B4E435F42E717B01284
:1070E000C65030402680B012863CD242F6110311C1
:1070F000E2433611B0129A3C5F4203114F930424CD
:107100005F93022430402680B012BE6E304026804D
:10711000F2930411022030402680C293421A0324C5
:107120003F400600023C3F400500B0129E6B4F936B
:107130000420F2430411304026807F400500403C8B
:107140005B420511B012863C4E4B0E5E0D4E3D501B
:10715000B6118D4300008E4DE21A1C3C5B420511B6
:10716000B012863C484B0E480E5E1A4EB611B01255
:107170009A3C023C1A4A02000A93FC23B012863C55
:107180000D480D5D8D4AB6114E4B0E5E3E50B61148
:107190008D4EE21AB0129A3CD24305114F4BB012F9
:1071A0008C5430402680B012863C82438612B01246
:1071B0009A3C30402680C293B41106247F400900D7
:1071C000B012A23C304026801D4200113F40401BBF
:1071D0000A4F2A530B4F2B521E42B8110C4F2C82D0
:1071E000C29342111924CF4D01000F4D8F103FF073
:1071F000FF00C24F401BCA430100C243421BC24DA5
:107200003B1BC24F3A1BCB430100C243441B0D4EF4
:107210001D53824DB8111F3C18429613CF480100F0
:107220000F488F10C24F401B1F428C111F522A1A49
:10723000CA4F01008F10C24F421BC24D3B1B8D1025
:10724000C24D3A1BDB42D2120100C243441B0F4E17
:107250001F53824FB811CC4E01008E10C24E3C1B02
:107260003E433F402E1BB012923AF2407300391B4E
:107270007D400C003E402E1B4F43B0121A5F4F93CF
:10728000022430402680D243B4113F40421BB0124A
:1072900040380B4F3F40401BB01240380D4B0E4F53
:1072A0007F403300B012E63F304026805F42EA1153
:1072B0005F53C24FEA11C293421180237F900900AD
:1072C0007D2BB2439613B240FF7F2A1AB240FF7F54
:1072D0008C11F243D212B240FEFFBE116F3FC29337
:1072E000EE1A0220304026803A40E01247435843CD
:1072F0005F42EE1A4E484EFF0B242E4A8A4300008E
:107300004FC8C24FEE1A7D4003004F47B012406194
:1073100057532A5377920220304026804858E83F3E
:107320005B420A114D4B0D5D3D50E0122A4D8D43DD
:107330000000B0129A635D430E4A4F4BB012406199
:1073400030402680B012863C4B4FB012763A9243C2
:107350004C11C2434E11C243C011C243EC114F4BFA
:10736000B0129A3CB012863C814F0800B012303BFC
:107370009243E611C2436E12F2F0FBFF2500B012F9
:107380003C39E2D22400E2D225001F410800B012AD
:107390009A3CB012863C4B4FA292461105207F408A
:1073A0000300B012FA434F4BB0129A3CB012863C25
:1073B0004B4FB012BE454F43B012CC454F4BB012AD
:1073C0009A3C6F43B012FA50B012EA46D2434011D1
:1073D000C2433E110F930224B012D060B012863C1B
:1073E0004E4FF2900A00B8170924E2926F12062459
:1073F000B0129A3CB012FE51304026804F4EB0126F
:107400009A3C7F401A003040C0714F43B012FA508E
:10741000C243401130402680B012863C5A4244118B
:10742000B0129A3C7F400300B01234444F933A2488
:10743000B012863C4B4F82434C11B0126237B012EF
:107440004439F2F0FDFF1F007F400300B012CC452D
:10745000B012BE454F4BB0129A3CB012863C8243EC
:10746000E611814F0800B012303BB012BE45F2F079
:10747000FBFF2500B0123C391F410800B0129A3CB6
:1074800082434611B0126855B012863CF2F0DFFF1D
:107490001D00B0129A3CB01278557F400E00B01219
:1074A000A23C033C6F43B012FA501B42D0126F4310
:1074B000B012A8458293261B022430402680F24356
:1074C00017114E4A0F4B30409A7BB012863C4B4FFF
:1074D000C293721B02243040AE71D243721BA2923F
:1074E000461105205F43B012AE583040D67E7F4033
:1074F0001100B012A23C3040D67EB012863CC2438E
:10750000721B3040AE71B012863C5B420B11B01260
:107510009A3C7B9005000228304026804F4B0F5F3D
:10752000104F24752E75A075DA751E767676B0121A
:107530006844B012863C4B4FA2934611022430405F
:10754000AE71B240030046113E4018007F401D005E
:10755000B0124249F2F0EFFF2500B0123439F2F0D8
:10756000EFFF2400F2D0100025005F43B012FA4371
:107570003E407F027F401C00B0124249B012885545
:10758000B012B4553E40562A7F401700B01242490F
:107590003E40FF807F401500B01242493040D67E09
:1075A000B01268447F400600B012FA43B01288550A
:1075B000B012B455B012004AB012BE45B0126844C1
:1075C0007F400300B012FA43B012BE455F43B012D1
:1075D000CC457F4011003040C071B0126844B012F9
:1075E000863C4A4FB01252434B4F4F9304244F4AAC
:1075F000B0129A3C0D3C4F4AB0129A3C7F40530067
:10760000B012D8384F4BB012D8384F4BB012D838D0
:10761000B012BE456F43B012CC4530402680B01248
:10762000863C5B424C11B0129A3C6B9208247B92D0
:107630000A246B931C20B0120E5130402680B012E9
:10764000AE4830402680B0126844B0122A44B012CE
:10765000BE45B0127046B012863C92434C11B01237
:107660009A3C7F400300B012104530402680B01293
:10767000704630402680B012004530402680B0125F
:10768000863C814F0800B012585A1F410800304014
:10769000AE71B012863CD2421E181211F2400300A5
:1076A0004A11B0129A3C5F421211B0124645D29371
:1076B00012110224304026807F4012003040C071F9
:1076C0001D428E110E4D3E5028006A4D4F4A0F5DEF
:1076D0006D4F4D5D4D434D6DCE4D03006D4F7DF0B3
:1076E0007F00CE4D0100DE4FFFFF00001B428E11D8
:1076F0000F4B1F53B012D436084FB012863C57427E
:10770000F011B0129A3C479339240E488E103EF087
:10771000FF0012C30E100E113EF003002E93122034
:107720003B5006000F4BB012D436084FB0125444F1
:10773000089F24240F4BB012D4363F9302243040CC
:10774000567B1C3C3E90030002243040567B914205
:10775000EE1700009142F01702009142F217040068
:107760009142F41706003D420E410F4B3F50060078
:10777000B012BA850F9302243040567B7A900D00E8
:10778000022C3040567B1A428E110F4A1F53B01202
:10779000D4368F103FF0FF0012C30F100F110E4FA1
:1077A0003EF003000F110F110F110F113F90030056
:1077B00002242D43013C3D423E90030002242E430F
:1077C000013C3E423E5006000E5A08430F480C4E04
:1077D0000C5F6C4C085C1F530F9DF93B5B4A030028
:1077E000F2432A1BB012863C5C422A1B3E409A118F
:1077F0000D43289E0A20CE9B02000620C24C2A1B65
:10780000B0129A3C3040527B4C4D1D532E522D925B
:10781000F023C24C2A1BB0129A3C57422A1BB012CA
:10782000863C77930324C29750110420574250118D
:107830005D43013C4D434E470E5E0E5E8E489A11ED
:10784000CE4B9C114D9307245E4250115E537EF047
:107850000300C24E5011B0129A3CB012863C4B4FFE
:107860000F4AB012A23A684F4F4BB0129A3C0B4AE3
:107870003B502800CB93030002203040527B78908D
:107880003F0002243040527B084A385006000F481F
:10789000B012D436074FB012784F079F07240F4815
:1078A000B012D4363F9302243040527B074A3750FF
:1078B0000C005F4A0B007F90730006247F907400D9
:1078C00002243040527B963C054A35520F45B01297
:1078D000D436084F5B4B0100064A365014000F4661
:1078E000B01240380D4F0E487F403400B012E63FD2
:1078F000C293421102243040527B189296132E20DC
:107900000F4A3F501200B01240381F920011172446
:10791000D2424211EA110F46B0124038824F2A1A61
:107920004F4BB012EC3A824F8C110F4A3F50160069
:10793000B01240385F53C24FD2123040527BD24215
:107940004211EA11B240FF7F2A1AB240FF7F8C1128
:10795000B2439613F243D2123040527B0F46B0121C
:107960004038044F4F4BB012EC3A0B4F1C428C1175
:107970000D431E422A1A0F4D0C5E0D6F084B094F26
:107980000E44085E096F0E4C0F4D12C30F100E10FF
:107990000F110E100C8E0D7F099D04280D99D9280A
:1079A000089CD72C0F473F500600B01240381F925A
:1079B0000011CF24C243EA110F45B012D436084F4C
:1079C000824F96130F46B0124038064F824F2A1A44
:1079D000824B8C110F473F500A00B01240385F5362
:1079E000C24FD2120D460D5B0E487F403100B012DF
:1079F000E63FAF3C5B4708000F4AB012F038074F34
:107A00000F4AB012E23A084F0F4AB0122A390C4717
:107A10000D484E4F7F402100B012443FC2934211A7
:107A200058247B9093FF95200E4A3E501500C29338
:107A300032110D203D4012003F40FC1AB012EE857D
:107A4000F2401200E81A4F43B012A23C823C5C4262
:107A5000CF124C9316245F4292124D4F0D5D3D5054
:107A6000CA17284D8D4300007C53C24CCF125F5380
:107A7000C24F92127F900A000220C24392120893D2
:107A80000320B012B650653C3D4012000F483F50F5
:107A90000C00B012EE855F4278117F900A00132C23
:107AA0005D4276114E4D0E5E8E482C1A4E4D5E5341
:107AB000C24E76117E900A000220C24376115F53B7
:107AC000C24F7811463C0F48B012FA38B012FE513E
:107AD000403C0F4AB012F0380B4FB012784F0B9F5A
:107AE0003820B012863CC293401A0420D243401A78
:107AF0005B43013C4B43B0129A3C5B931124B012A0
:107B0000863CC293411A0420D243411A5843013C97
:107B10004843B0129A3C5893022430401A80013CEA
:107B200048434E430F4AB0122C3E4E484F93062412
:107B3000CE43401A7F40120030401E800F4E0F5F30
:107B40003F50F2112B4F8F4A00000F4AB012D06005
:107B50000A4B824A8E11B012863CC2436E12B0129A
:107B60009A3CB012E459304026805A4284125A920C
:107B70001711022030402680C24A17114A93112063
:107B80001F425211B012425D4F9A022030402680AF
:107B9000F24317114E4F1F425211B012446430404D
:107BA0002680F243171130402680C2937E120220B5
:107BB000304026803740281B48435A435F427E129C
:107BC0004E4A4EFF0A24874300004FCAC24F7E121E
:107BD0007E4003004F48B0124655585327537892C1
:107BE0000220304026804A5AE93F5E435F421A1124
:107BF000B012606030402680B012863CC2436D1BDC
:107C00005842B8175A43789201244A435743789010
:107C10000900012447434A930220479A0724C2439C
:107C2000B8175E42ED120E5ECE43B212B0129A3C0D
:107C30004A930220479A1F24B012863CD253E41A7A
:107C4000F2904300A6120E205E42D912C29ED812B4
:107C50000D245E53C24ED9127E9006000728C243FF
:107C6000D912043C484A58E35A43023C4A43484A22
:107C7000B0129A3C033C489754204A48B012863CC4
:107C80005B425411B0129A3C4B930824B012863CCC
:107C9000F2400A00B817B0129A3C363CB012863C4B
:107CA0005742B2125642B412B0129A3CB012085661
:107CB0004F9B1B20479F1920B012863C4B4FE2433D
:107CC000B212B01208564F9704205E42D912574E96
:107CD000DA12C247B312F2404300A612C243ED12B9
:107CE0004F4BB0129A3C5743103C4F467F5357437B
:107CF000479F0A28B012863CF2404500A612C247B0
:107D0000ED12B0129A3C013C47434A930A24B01248
:107D1000863CC2486211B0129A3C7F401D00B012EE
:107D2000A23CB012863C4B4FF2900A00B8170320D9
:107D3000B012603DD03CB0129A3C479302203040D4
:107D40002680B012863C82439E1BC2439712D243C8
:107D5000B817B0129A3CB01200574F93022030402F
:107D60002680B012863CF2400900B817B0129A3C47
:107D7000B0127E4030402680B012863CC293721111
:107D80002D20E2437211D2437812B0129A3CB01205
:107D9000863C4B4FE293241112205E4272115E9397
:107DA00005207F401F00B012A23C093C6E930720C3
:107DB000D24278122411F24003007211013C4F4B61
:107DC000B0129A3CD293241105205F422411B012C4
:107DD0002456063CB012863CC2437211B0129A3C43
:107DE000B012863CC243B817C2436F12B0129A3C1D
:107DF0003F40C012B01240380C4F3A40F401B0126C
:107E000080870E9309200D4E1E4200117F403100E5
:107E1000B012E63FD2434211E2B3FA124F434F632E
:107E20004F930324F2F0FDFFFA123F40BE12B0124E
:107E300040380B4FB012584A824EF212824FF41261
:107E4000824BF6128243F8125F42FA127FF0FEFF75
:107E50006FD3C24FFA126F43B012A23CC2439811C3
:107E6000E23C7F401C003040C071B012A6564F93D8
:107E7000DA2482930412D7208293641BD420B01298
:107E8000863C4B4FF290030072112520D2932411AF
:107E900022205D4222117D9318244C4D0E4C3E5001
:107EA000EA1A6F4EC24F22117F930220C24F231154
:107EB000FC43EA1AC24D7812F2432411D2437211E4
:107EC0007F401F00B012A23C043CE2432411C24395
:107ED0007211B0126A3C4F4B3040AE7182435C115C
:107EE000B012863C5B426211B0129A3CC29364119C
:107EF00002247B4003001D425A11C2936611932055
:107F00005F422C116F938F2C4E4F0E5E3E50741AB1
:107F10002D9E89204D4B2E4E503CB012863C1A426D
:107F20006C115B42BA11B0129A3CB012863C4E4BB7
:107F30000E5E8E4A1C115E4256114B9303247EF056
:107F4000FBFF023C7EF0FDFFC24E5611C24368119A
:107F50003040AE71B012863CD24278122411F24009
:107F600003007211B0129A3C5F422411B0122456E1
:107F70005A3CC293961257243A40741A47435843C6
:107F80005F4296124E484EFF0B242E4A8A43000051
:107F90004FC8C24F96127D4003004F47B01238526F
:107FA00057532A5377923F244858EA3F5F422C1197
:107FB0004E4F0E5E5D431E4E741AB012E452333CB7
:107FC000C293E71A3020C2937E112D245F427A11AA
:107FD0000F5F1A4FF6175D42E8170C4A3C50050038
:107FE000FC430100FC430000FC40750006000E4A03
:107FF0005F43B0123A504F930320D243E71A133C29
:1080000092538411B012FA370F4AB012CA37C29392
:108010007E110924B012B63D063C7F401100B0121B
:10802000C03D3040527B31500A0034413541364129
:108030003741384139413A413B413041B012E23990
:108040007F930424B012266F5F4330414F43304189
:108050000B125F932920829386120A245F42051136
:108060000F5F8F43E21A7F400700B012A23C1C3C16
:108070001B42521A824B86121E42B2110F4E8F10B3
:108080008F118F108F110C4B0D4B8D108D118D108A
:108090008D110E8C0F7D0F110E10824EEC1A7F4247
:1080A000B012A23CB01276680F433B4130410F1230
:1080B0000E120D120C124F43B0128C363C413D4152
:1080C0003E413F41B1C0F000000000130F120E12FC
:1080D0000D120C121F422E0112C34F10B0128C361B
:1080E0003C413D413E413F41B1C0F0000000001322
:1080F0000F120E120D120C124F43B0127E643C414F
:108100003D413E413F41B1C0F000000000130F125D
:108110000E120D120C121F421E0112C34F10B0128C
:108120007E643C413D413E413F41B1C0F000000012
:1081300000130F120E120D120C120B121F42A80187
:108140003F900500052CB01266393FF080000224F4
:108150004F43013C5F435E42D6123EF01F003E5348
:108160003E901000972C0E5E104E6C818C819E818B
:108170009482F08194829482948268829482948220
:1081800094829482948294829482B081B012A43BAF
:108190001E4240015F42AC11B012964D7D3C1E4222
:1081A00040015F42AC11B012964D4F937524723C62
:1081B0001F42AE110F5F1F52B6120D434E4D0E5EA1
:1081C0009F4E400100002F531D535E42F7110D9E3C
:1081D000F52B1E52AE11824EAE11829EBC110520AF
:1081E000B012A43B8243AE11573CA2D3A001543C31
:1081F0001C42AE110E4C0E5E1E52B6121D42BC1138
:108200000D8C0C4D3D4010000D9C012C0C4D0B4372
:108210004D4B0D5D9E4D400100002E531B530B9C9A
:10822000F72B1C52AE11824CAE114F9304201E420C
:10823000BC110E9C0920B012A43B8243AE115F42D8
:10824000AC11B0125080283C0E8C3E901000242CB3
:10825000B012063A4E4F7ED080FF5F42BC115F8263
:10826000AE11B0125839183C1D42B6124E434F4E53
:108270000F5F9D4F400100002D535E534F4E1F92E4
:10828000BC11F52B5F42AC11B0125080824FB61278
:108290000F930220B012A43B3B413C413D413E4183
:1082A0003F41B1C0F000000000130F120E120D127A
:1082B0000C120B1221835F4225005FF223004F4F07
:1082C000814F00002F411FF30424F2F0FEFF230032
:1082D000593C2E412EF30E9F0424F2F0FDFF2300A3
:1082E000513C2F412FF20F9E0D24B0123C39929336
:1082F000E6110520A243E611B012BE59433CD25309
:10830000F111403C2B413BF20B9F0424F2F0F7FFAC
:108310002300383C2F413FF010000F9B1924B0126E
:108320003439A2424611F2F0EFFF2500B012343981
:108330000E4B7F401D00B0124249B012004AB012ED
:10834000BE45B01268447F400D00B012A23C1A3CFA
:108350002E413EF020000E9F0424F2F0DFFF2300A8
:10836000113C2F413FF040000F9E0424F2F0BFFF6C
:108370002300083C2E413EF080000E9F0324F2F0C3
:108380007F00230021533B413C413D413E413F4161
:10839000B1C0F000000000130F120E1221835F42E3
:1083A0002D005FF22B004F4F814F00002F411FF334
:1083B0000424F2F0FEFF2B003B3C2E412EF30E9FD7
:1083C0000424F2F0FDFF2B00333C2F412FF20F9ECF
:1083D0000424F2F0FBFF2B002B3C2E413EF20E9FBB
:1083E0000424F2F0F7FF2B00233C2F413FF0100054
:1083F0000F9E0424F2F0EFFF2B001A3C2E413EF0BA
:1084000020000E9F0424F2F0DFFF2B00113C2F41CF
:108410003FF040000F9E0424F2F0BFFF2B00083C09
:108420002E413EF080000E9F0324F2F07F002B00CF
:1084300021533E413F41B1C0F000000000130F1234
:108440000E120D120C125F4203001FF333245E4222
:1084500066005F4272114F932D244F3C5F422411FE
:108460005F9328201D4204120D930E241F4298137F
:108470000D5FCD4E00001F53824F98131F92EE12D6
:10848000192882430412163C7E907E0002204E4D35
:108490000F3C7E907D000320E2D370110B3CE2B3D1
:1084A00070110524F2F0FDFF70117EE020004F43B3
:1084B000B012A6405F4203002FF226245E426E00F7
:1084C0005F424A114F9320241C3CD29312111C206E
:1084D0001F429A130F9304241F52621BCF4EFFFFBB
:1084E0009292D412621B032CB012DE420D3CF2F0C9
:1084F000FBFF0100B012585A073C7F900300DA23BB
:10850000AD3F7F900300E1273C413D413E413F416B
:10851000B1C0F000000000130F120E120D120C1269
:108520005E4203005F4203001FF32EF30FDE0F9342
:1085300021245F4272114F931D24283CD2932411B1
:108540001920F2F0FDFF0300C29390110F201F428B
:108550007A121F92DE170A2C1E42641B0E5F6E4EAB
:108560001F53824F7A12C24E6700043C8243641B41
:10857000B01242575F4203005F4203003C413D415D
:108580003E413F41B1C0F000000000137F90030066
:10859000F123D43F04003B00800300001000500092
:1085A0009000D000F0000C0000000C0000001B0147
:1085B000040000009CFF020008000B120A120D9339
:1085C00012240C430B4F0B5C6A4B0B4E0B5C6B4B3A
:1085D0004A9B04244F4A4E4B0F8E063C1C530D9C65
:1085E000F1230F43013C0F4D3A413B4130410B1207
:1085F0000A12091208120D9377240B4F0C4E0F9E8E
:1086000073240F9E342C0A4E0ADF1AF31A240CEF3F
:108610001CF308201C430C9D062C0B4E0BFC2C431A
:108620000C8B013C0C4D0D8C0B430A4F0A5B094E21
:10863000095BEA4900001B530C9BF7230B4F0B5CB3
:108640000C5E0E4D12C30E100E930C24084E094CF6
:108650000A4BAA49000029532A533853FA230E5EC5
:108660000C5E0B5E1DF34024EB4C00003D3C0E5DA8
:108670000C4F0C5D0B4C0BDE1BF31B240B4C0BEE59
:108680001BF306203D90030003280B4E1BF3013C17
:108690000B4D0D8B0A4B3A533BE31B530C5B0E5BAC
:1086A0000B4C0B5A094E095AEB4900003A533A93C6
:1086B000F7230A4D12C30A100A931124084A094EDF
:1086C0000B4C29832B83AB4900003853FA230B4A08
:1086D0000B110B430B100B8A0B5B0E5B0C5B1DF33A
:1086E0000324DC4EFFFFFFFF384139413A413B4153
:1086F00030410B120A12091208120B4F3D9006006E
:10870000082C043CCB4E00001B533D530D93FA2321
:108710001E3C4A4E0A9303240C4A8C100ADC1FB3F9
:1087200005243D53CF4E00000B4F1B530C4D12C37D
:108730000C10084B094C884A000028533953FB237E
:108740000C5C0C5B1DF30D990224CC4E00003841EB
:1087500039413A413B413041064307430A430B4309
:108760003040FC874EEE7B400900053C0D104E6EFC
:108770004E9A01284E8A4C6C0D6D5B83F723304175
:108780000EEE3B401100053C0D100E6E0E9A0128B6
:108790000E8A0C6C0D6D1B83F72330410D433CB0EA
:1087A000008003283CE31C532DD23AB000800328FC
:1087B0003AE31A533DD2B01280870D102DB204282F
:1087C0003EE31E533CE31C533DB202283CE31C53E2
:1087D00030410FEF0EEE394021000A3C08100E6EBA
:1087E0000F6F0F9B052802200E9A02280E8A0F7B1E
:1087F0000C6C0D6D08681983F12330410F430E4353
:108800000D430C4382483001824438011C423A0136
:1088100092423C013A0192423E013C0182483401BD
:108820008245380182493401824438011D423A01AF
:1088300092423C013A0192423E013C01824538019C
:108840008248340182463801824A34018244380128
:108850001E423A0192423C013A0182453801824867
:108860003401824738018249340182463801824B03
:108870003401824438011F423A010C4C0D4D0E4E1A
:068880000F4F3041001310
:10888600010001FFFF011B01040003FF02006880D5
:10889600FFFF0200010022FFFFFF01FF2E136213FC
:0E88A6002E13FFFF020004003B0080000200C2
:10FFC0008836883688368836883688368836883641
:10FFD0008836883688368836883688368836883631
:10FFE00088368836AA8298838836328118853E847E
:10FFF000CC80AE80883688360E81F080883600311D
:0400000300003100C8
:00000001FF
